[10:38:24]============================ depart : 
[10:38:24][Reg.cs] showCardList () ....................... query 1 : select COUNT(*) as count from BADGE b, EMP e, DEPARTMENT d, DIVISION d2 ,BADGE_TYPE_CODE bt where b.EMPID = e.ID and e.DEPARTMENT = d.ID and e.DIVISION = d2.ID and bt.ID = b.TYPE and b.DELETE_FLAG != 'Y' 
[10:38:24]============================ depart : 
[10:38:25][Reg.cs] showCardList () ....................... query 2 : select  TOP 100 b.description as NAME,  b.SEQ as SEQ,  e.NAME_1 as personName,  b.bid as BID,  b.EMPID as EMPID,  d.DESCRIPTION  as DEPARTMENT,  d2.DESCRIPTION as DIVISION , b.DELETE_FLAG as DELETE_FLAG from BADGE b, EMP e, DEPARTMENT d, DIVISION d2 ,BADGE_TYPE_CODE bt  where b.EMPID = e.ID and e.DEPARTMENT = d.ID and e.DIVISION = d2.ID and bt.ID = b.TYPE and b.DELETE_FLAG != 'Y'  order by SEQ desc
[10:38:26]

................................................... [BM_Reg_001.cs] getCode () deparment code count : 125
[10:38:26]========================================================== [Reg.cs] selectionChanged ().........
[10:38:26][CodeTable.cs] getDepartmentDesc (10019)125
[10:38:27][CodeTable.cs] getBadgeTypeDesc (1) : 직원
[10:38:27][CodeTable.cs] getBadgeStatDesc (0) : ACTIVE
[10:38:27][CodeTable.cs] getBadgeFormatDesc (2) : Standard 12 Digit Badge
[10:38:27]PT : 1
[10:38:27][BM_Reg_001.cs] showRightDetail () RIGHT_1 : -100
[10:38:27][BM_Reg_001.cs] showRightDetail () RIGHT_2 : -100
[10:38:27][BM_Reg_001.cs] showRightDetail () RIGHT_3 : 5
[10:38:27][BM_Reg_001.cs] showRightDetail () RIGHT_4 : -100
[10:38:27][BM_Reg_001.cs] arrTmp1 [0] : -100
[10:38:27][BM_Reg_001.cs] arrTmp2 [0] : -100
[10:38:27][BM_Reg_001.cs] arrTmp3 [0] : 5
[10:38:27][BM_Reg_001.cs] arrTmp4 [0] : -100
[10:38:27][BM_Reg.cs] showSazin () query : select IMAGE from EMP_IMAGE where EMPID = 40053
[10:38:28].............. JJJJJJJJJJJJJJJJJJJJJJJJJJJJJJJJJJJJJJJJJJJJ
[10:38:31]========================================================== [Reg.cs] selectionChanged ().........
[10:38:32][CodeTable.cs] getDepartmentDesc (10000)125
[10:38:32][CodeTable.cs] getBadgeTypeDesc (1) : 직원
[10:38:32][CodeTable.cs] getBadgeStatDesc (2) : RETURNED
[10:38:32][CodeTable.cs] getBadgeFormatDesc (2) : Standard 12 Digit Badge
[10:38:32]PT : 1
[10:38:32][BM_Reg_001.cs] showRightDetail () RIGHT_1 : 4
[10:38:32][BM_Reg_001.cs] showRightDetail () RIGHT_2 : -100
[10:38:32][BM_Reg_001.cs] showRightDetail () RIGHT_3 : 4
[10:38:32][BM_Reg_001.cs] showRightDetail () RIGHT_4 : -100
[10:38:32][BM_Reg_001.cs] arrTmp1 [0] : 4
[10:38:32][BM_Reg_001.cs] arrTmp2 [0] : -100
[10:38:32][BM_Reg_001.cs] arrTmp3 [0] : 4
[10:38:32][BM_Reg_001.cs] arrTmp4 [0] : -100
[10:38:32][BM_Reg.cs] showSazin () query : select IMAGE from EMP_IMAGE where EMPID = 40052
[10:38:32].............. JJJJJJJJJJJJJJJJJJJJJJJJJJJJJJJJJJJJJJJJJJJJ
[10:39:16]============================ depart : 전체
[10:39:16][Reg.cs] showCardList () ....................... query 1 : select COUNT(*) as count from BADGE b, EMP e, DEPARTMENT d, DIVISION d2 ,BADGE_TYPE_CODE bt where b.EMPID = e.ID and e.DEPARTMENT = d.ID and e.DIVISION = d2.ID and bt.ID = b.TYPE and b.DELETE_FLAG != 'Y' 
[10:39:16]========================================================== [Reg.cs] selectionChanged ().........
[10:39:16]========================================================== [Reg.cs] selectionChanged ().........
[10:39:16]============================ depart : 전체
[10:39:17][Reg.cs] showCardList () ....................... query 2 : select  TOP 100 b.description as NAME,  b.SEQ as SEQ,  e.NAME_1 as personName,  b.bid as BID,  b.EMPID as EMPID,  d.DESCRIPTION  as DEPARTMENT,  d2.DESCRIPTION as DIVISION , b.DELETE_FLAG as DELETE_FLAG from BADGE b, EMP e, DEPARTMENT d, DIVISION d2 ,BADGE_TYPE_CODE bt  where b.EMPID = e.ID and e.DEPARTMENT = d.ID and e.DIVISION = d2.ID and bt.ID = b.TYPE and b.DELETE_FLAG != 'Y'  order by SEQ desc
[10:39:18][CodeTable.cs] getDepartmentDesc (10019)125
[10:39:18][CodeTable.cs] getBadgeTypeDesc (1) : 직원
[10:39:18][CodeTable.cs] getBadgeStatDesc (0) : ACTIVE
[10:39:18][CodeTable.cs] getBadgeFormatDesc (2) : Standard 12 Digit Badge
[10:39:18]PT : 1
[10:39:19][BM_Reg_001.cs] showRightDetail () RIGHT_1 : -100
[10:39:19][BM_Reg_001.cs] showRightDetail () RIGHT_2 : -100
[10:39:19][BM_Reg_001.cs] showRightDetail () RIGHT_3 : 5
[10:39:19][BM_Reg_001.cs] showRightDetail () RIGHT_4 : -100
[10:39:19][BM_Reg_001.cs] arrTmp1 [0] : -100
[10:39:19][BM_Reg_001.cs] arrTmp2 [0] : -100
[10:39:19][BM_Reg_001.cs] arrTmp3 [0] : 5
[10:39:19][BM_Reg_001.cs] arrTmp4 [0] : -100
[10:39:19][BM_Reg.cs] showSazin () query : select IMAGE from EMP_IMAGE where EMPID = 40053
[10:39:19].............. JJJJJJJJJJJJJJJJJJJJJJJJJJJJJJJJJJJJJJJJJJJJ
[10:39:49]========================================================== [Reg.cs] selectionChanged ().........
[10:39:50][CodeTable.cs] getDepartmentDesc (10019)125
[10:39:50][CodeTable.cs] getBadgeTypeDesc (1) : 직원
[10:39:50][CodeTable.cs] getBadgeStatDesc (0) : ACTIVE
[10:39:50][CodeTable.cs] getBadgeFormatDesc (2) : Standard 12 Digit Badge
[10:39:50]PT : 1
[10:39:50][BM_Reg_001.cs] showRightDetail () RIGHT_1 : -100
[10:39:50][BM_Reg_001.cs] showRightDetail () RIGHT_2 : -100
[10:39:50][BM_Reg_001.cs] showRightDetail () RIGHT_3 : 5
[10:39:50][BM_Reg_001.cs] showRightDetail () RIGHT_4 : -100
[10:39:50][BM_Reg_001.cs] arrTmp1 [0] : -100
[10:39:50][BM_Reg_001.cs] arrTmp2 [0] : -100
[10:39:50][BM_Reg_001.cs] arrTmp3 [0] : 5
[10:39:50][BM_Reg_001.cs] arrTmp4 [0] : -100
[10:39:50][BM_Reg.cs] showSazin () query : select IMAGE from EMP_IMAGE where EMPID = 40053
[10:39:50].............. JJJJJJJJJJJJJJJJJJJJJJJJJJJJJJJJJJJJJJJJJJJJ
[14:50:04]============================ depart : 
[14:50:04][Reg.cs] showCardList () ....................... query 1 : select COUNT(*) as count from BADGE b, EMP e, DEPARTMENT d, DIVISION d2 ,BADGE_TYPE_CODE bt where b.EMPID = e.ID and e.DEPARTMENT = d.ID and e.DIVISION = d2.ID and bt.ID = b.TYPE and b.DELETE_FLAG != 'Y' 
[14:50:04]============================ depart : 
[14:50:04][Reg.cs] showCardList () ....................... query 2 : select  TOP 100 b.description as NAME,  b.SEQ as SEQ,  e.NAME_1 as personName,  b.bid as BID,  b.EMPID as EMPID,  d.DESCRIPTION  as DEPARTMENT,  d2.DESCRIPTION as DIVISION , b.DELETE_FLAG as DELETE_FLAG from BADGE b, EMP e, DEPARTMENT d, DIVISION d2 ,BADGE_TYPE_CODE bt  where b.EMPID = e.ID and e.DEPARTMENT = d.ID and e.DIVISION = d2.ID and bt.ID = b.TYPE and b.DELETE_FLAG != 'Y'  order by SEQ desc
[14:50:06]

................................................... [BM_Reg_001.cs] getCode () deparment code count : 125
[14:50:06]========================================================== [Reg.cs] selectionChanged ().........
[14:50:06][CodeTable.cs] getDepartmentDesc (10019)125
[14:50:06][CodeTable.cs] getBadgeTypeDesc (1) : 직원
[14:50:06][CodeTable.cs] getBadgeStatDesc (0) : ACTIVE
[14:50:06][CodeTable.cs] getBadgeFormatDesc (2) : Standard 12 Digit Badge
[14:50:06]PT : 1
[14:50:07][BM_Reg_001.cs] showRightDetail () RIGHT_1 : -100
[14:50:07][BM_Reg_001.cs] showRightDetail () RIGHT_2 : -100
[14:50:07][BM_Reg_001.cs] showRightDetail () RIGHT_3 : 5
[14:50:07][BM_Reg_001.cs] showRightDetail () RIGHT_4 : -100
[14:50:07][BM_Reg_001.cs] arrTmp1 [0] : -100
[14:50:07][BM_Reg_001.cs] arrTmp2 [0] : -100
[14:50:07][BM_Reg_001.cs] arrTmp3 [0] : 5
[14:50:07][BM_Reg_001.cs] arrTmp4 [0] : -100
[14:50:07][BM_Reg.cs] showSazin () query : select IMAGE from EMP_IMAGE where EMPID = 40053
[14:50:07].............. JJJJJJJJJJJJJJJJJJJJJJJJJJJJJJJJJJJJJJJJJJJJ
[14:50:12]..................JJJJJJJJJJJJJJJJJJJ.................
[14:50:12]......................... PT tmpCheck : 1Unchecked
[14:50:12]......................... PT du.getPT () : 1
[14:50:12]orgPlantRight[0] = > 
[14:50:12]orgPlantRight[1] = > 
[14:50:12]orgPlantRight[2] = > 5
[14:50:12]orgPlantRight[3] = > 
[14:50:12]JJJJJJJJJJJJJJJJJJJJJJJJJ msg : 1. 성    명 : 이미지cvvcv  ▶  이미지
2. 카 드 명 : 이미지cvvcv  ▶  이미지

[14:50:12][Parser.cs] parseCard JJJJJJJJ (100=000121212111,1=40053,2=이미지,13=이미지,26=1,27=0,28=1,29=1)
[14:50:12]............... orgStr : 100=000121212111
[14:50:12]............... orgStr : 1=40053
[14:50:12]............... orgStr : 2=이미지
[14:50:12]............... orgStr : 13=이미지
[14:50:12]............... orgStr : 26=1
[14:50:12]............... orgStr : 27=0
[14:50:12]............... orgStr : 28=1
[14:50:12]............... orgStr : 29=1
[14:50:12][Parser.cs] parseCard () EMP query : update EMP set NAME_1 = '이미지', MODIFY_DATE = GETDATE() where ID = 40053
[14:50:12][[Parser.cs] parseCard () BADGE query : update BADGE set DESCRIPTION = '이미지', ACS_1 = 1, ACS_2 = 0, ACS_3 = 1, ACS_4 = 1, MODIFY_DATE = GETDATE() where BID = '000121212111'
[14:50:12][Parser.cs] makeSazinQuery () empID : 40053
[14:50:12][[Parser.cs] parseCard () SAZIN query : 
[14:50:12][BM_Reg.cs] clickSave () query : update EMP set NAME_1 = '이미지', MODIFY_DATE = GETDATE() where ID = 40053^update BADGE set DESCRIPTION = '이미지', ACS_1 = 1, ACS_2 = 0, ACS_3 = 1, ACS_4 = 1, MODIFY_DATE = GETDATE() where BID = '000121212111'
[14:50:12][Request.cs] updateImage (BMS011, 100=000121212111,1=40053,2=이미지,13=이미지,26=1,27=0,28=1,29=1&update EMP set NAME_1 = '이미지', MODIFY_DATE = GETDATE() where ID = 40053^update BADGE set DESCRIPTION = '이미지', ACS_1 = 1, ACS_2 = 0, ACS_3 = 1, ACS_4 = 1, MODIFY_DATE = GETDATE() where BID = '000121212111', BMSU)
[14:50:12][Request.cs] updateImage () : ImageByte is NULL
[14:50:12][Request.cs] BEFORE
[14:50:12][Request.cs] AFTER
[14:50:13]========================================================== [Reg.cs] selectionChanged ().........
[14:50:13]========================================================== [Reg.cs] selectionChanged ().........
[14:50:14][CodeTable.cs] getDepartmentDesc (10019)125
[14:50:14][CodeTable.cs] getBadgeTypeDesc (1) : 직원
[14:50:14][CodeTable.cs] getBadgeStatDesc (0) : ACTIVE
[14:50:14][CodeTable.cs] getBadgeFormatDesc (2) : Standard 12 Digit Badge
[14:50:14]PT : 1
[14:50:14][BM_Reg_001.cs] showRightDetail () RIGHT_1 : -100
[14:50:14][BM_Reg_001.cs] showRightDetail () RIGHT_2 : -100
[14:50:14][BM_Reg_001.cs] showRightDetail () RIGHT_3 : 5
[14:50:14][BM_Reg_001.cs] showRightDetail () RIGHT_4 : -100
[14:50:14][BM_Reg_001.cs] arrTmp1 [0] : -100
[14:50:14][BM_Reg_001.cs] arrTmp2 [0] : -100
[14:50:14][BM_Reg_001.cs] arrTmp3 [0] : 5
[14:50:14][BM_Reg_001.cs] arrTmp4 [0] : -100
[14:50:14][BM_Reg.cs] showSazin () query : select IMAGE from EMP_IMAGE where EMPID = 40053
[14:50:15].............. JJJJJJJJJJJJJJJJJJJJJJJJJJJJJJJJJJJJJJJJJJJJ
[14:50:15][BM_Reg_001.cs] showRightDetail () RIGHT_1 : -100
[14:50:15][BM_Reg_001.cs] showRightDetail () RIGHT_2 : -100
[14:50:15][BM_Reg_001.cs] showRightDetail () RIGHT_3 : 5
[14:50:15][BM_Reg_001.cs] showRightDetail () RIGHT_4 : -100
[14:50:15][BM_Reg_001.cs] arrTmp1 [0] : -100
[14:50:15][BM_Reg_001.cs] arrTmp2 [0] : -100
[14:50:15][BM_Reg_001.cs] arrTmp3 [0] : 5
[14:50:15][BM_Reg_001.cs] arrTmp4 [0] : -100
[14:50:19]..................JJJJJJJJJJJJJJJJJJJ.................
[14:50:19]......................... PT tmpCheck : 1Unchecked
[14:50:19]......................... PT du.getPT () : 1
[14:50:19]orgPlantRight[0] = > 
[14:50:19]orgPlantRight[1] = > 
[14:50:19]orgPlantRight[2] = > 5
[14:50:19]orgPlantRight[3] = > 
[14:50:19]JJJJJJJJJJJJJJJJJJJJJJJJJ msg : 1. 성    명 : 이미지  ▶  이미지sd
2. 카 드 명 : 이미지  ▶  이미지sd

[14:50:19][Parser.cs] parseCard JJJJJJJJ (100=000121212111,1=40053,2=이미지sd,13=이미지sd,26=1,27=0,28=1,29=1)
[14:50:19]............... orgStr : 100=000121212111
[14:50:19]............... orgStr : 1=40053
[14:50:19]............... orgStr : 2=이미지sd
[14:50:19]............... orgStr : 13=이미지sd
[14:50:19]............... orgStr : 26=1
[14:50:19]............... orgStr : 27=0
[14:50:19]............... orgStr : 28=1
[14:50:19]............... orgStr : 29=1
[14:50:19][Parser.cs] parseCard () EMP query : update EMP set NAME_1 = '이미지sd', MODIFY_DATE = GETDATE() where ID = 40053
[14:50:19][[Parser.cs] parseCard () BADGE query : update BADGE set DESCRIPTION = '이미지sd', ACS_1 = 1, ACS_2 = 0, ACS_3 = 1, ACS_4 = 1, MODIFY_DATE = GETDATE() where BID = '000121212111'
[14:50:19][Parser.cs] makeSazinQuery () empID : 40053
[14:50:19][[Parser.cs] parseCard () SAZIN query : 
[14:50:19][BM_Reg.cs] clickSave () query : update EMP set NAME_1 = '이미지sd', MODIFY_DATE = GETDATE() where ID = 40053^update BADGE set DESCRIPTION = '이미지sd', ACS_1 = 1, ACS_2 = 0, ACS_3 = 1, ACS_4 = 1, MODIFY_DATE = GETDATE() where BID = '000121212111'
[14:50:19][Request.cs] updateImage (BMS011, 100=000121212111,1=40053,2=이미지sd,13=이미지sd,26=1,27=0,28=1,29=1&update EMP set NAME_1 = '이미지sd', MODIFY_DATE = GETDATE() where ID = 40053^update BADGE set DESCRIPTION = '이미지sd', ACS_1 = 1, ACS_2 = 0, ACS_3 = 1, ACS_4 = 1, MODIFY_DATE = GETDATE() where BID = '000121212111', BMSU)
[14:50:19][Request.cs] updateImage () : ImageByte is NULL
[14:50:19][Request.cs] BEFORE
[14:50:19][Request.cs] AFTER
[14:50:21]========================================================== [Reg.cs] selectionChanged ().........
[14:50:21]========================================================== [Reg.cs] selectionChanged ().........
[14:50:21][CodeTable.cs] getDepartmentDesc (10019)125
[14:50:22][CodeTable.cs] getBadgeTypeDesc (1) : 직원
[14:50:22][CodeTable.cs] getBadgeStatDesc (0) : ACTIVE
[14:50:22][CodeTable.cs] getBadgeFormatDesc (2) : Standard 12 Digit Badge
[14:50:22]PT : 1
[14:50:22][BM_Reg_001.cs] showRightDetail () RIGHT_1 : -100
[14:50:22][BM_Reg_001.cs] showRightDetail () RIGHT_2 : -100
[14:50:22][BM_Reg_001.cs] showRightDetail () RIGHT_3 : 5
[14:50:22][BM_Reg_001.cs] showRightDetail () RIGHT_4 : -100
[14:50:22][BM_Reg_001.cs] arrTmp1 [0] : -100
[14:50:22][BM_Reg_001.cs] arrTmp2 [0] : -100
[14:50:22][BM_Reg_001.cs] arrTmp3 [0] : 5
[14:50:22][BM_Reg_001.cs] arrTmp4 [0] : -100
[14:50:22][BM_Reg.cs] showSazin () query : select IMAGE from EMP_IMAGE where EMPID = 40053
[14:50:22].............. JJJJJJJJJJJJJJJJJJJJJJJJJJJJJJJJJJJJJJJJJJJJ
[14:50:23][BM_Reg_001.cs] showRightDetail () RIGHT_1 : -100
[14:50:23][BM_Reg_001.cs] showRightDetail () RIGHT_2 : -100
[14:50:23][BM_Reg_001.cs] showRightDetail () RIGHT_3 : 5
[14:50:23][BM_Reg_001.cs] showRightDetail () RIGHT_4 : -100
[14:50:23][BM_Reg_001.cs] arrTmp1 [0] : -100
[14:50:23][BM_Reg_001.cs] arrTmp2 [0] : -100
[14:50:23][BM_Reg_001.cs] arrTmp3 [0] : 5
[14:50:23][BM_Reg_001.cs] arrTmp4 [0] : -100
[14:50:24]========================================================== [Reg.cs] selectionChanged ().........
[14:50:24][CodeTable.cs] getDepartmentDesc (10000)125
[14:50:25][CodeTable.cs] getBadgeTypeDesc (1) : 직원
[14:50:25][CodeTable.cs] getBadgeStatDesc (0) : ACTIVE
[14:50:25][CodeTable.cs] getBadgeFormatDesc (2) : Standard 12 Digit Badge
[14:50:25]PT : 1
[14:50:25][BM_Reg_001.cs] showRightDetail () RIGHT_1 : 4
[14:50:25][BM_Reg_001.cs] showRightDetail () RIGHT_2 : -100
[14:50:25][BM_Reg_001.cs] showRightDetail () RIGHT_3 : 4
[14:50:25][BM_Reg_001.cs] showRightDetail () RIGHT_4 : -100
[14:50:25][BM_Reg_001.cs] arrTmp1 [0] : 4
[14:50:25][BM_Reg_001.cs] arrTmp2 [0] : -100
[14:50:25][BM_Reg_001.cs] arrTmp3 [0] : 4
[14:50:25][BM_Reg_001.cs] arrTmp4 [0] : -100
[14:50:25][BM_Reg.cs] showSazin () query : select IMAGE from EMP_IMAGE where EMPID = 40050
[14:50:25].............. JJJJJJJJJJJJJJJJJJJJJJJJJJJJJJJJJJJJJJJJJJJJ
[14:50:33]..................JJJJJJJJJJJJJJJJJJJ.................
[14:50:33]......................... PT tmpCheck : 1Unchecked
[14:50:33]......................... PT du.getPT () : 1
[14:50:33]orgPlantRight[0] = > 4
[14:50:33]orgPlantRight[1] = > 
[14:50:33]orgPlantRight[2] = > 4
[14:50:33]orgPlantRight[3] = > 
[14:50:33]JJJJJJJJJJJJJJJJJJJJJJJJJ msg : 1. 성    명 : 10월15일3  ▶  10월15일3111
2. 카 드 명 : 10월15일3  ▶  10월15일3111

[14:50:33][Parser.cs] parseCard JJJJJJJJ (100=000901218235,1=40050,2=10월15일3111,13=10월15일3111,26=1,27=0,28=1,29=0)
[14:50:33]............... orgStr : 100=000901218235
[14:50:33]............... orgStr : 1=40050
[14:50:33]............... orgStr : 2=10월15일3111
[14:50:33]............... orgStr : 13=10월15일3111
[14:50:33]............... orgStr : 26=1
[14:50:33]............... orgStr : 27=0
[14:50:33]............... orgStr : 28=1
[14:50:33]............... orgStr : 29=0
[14:50:33][Parser.cs] parseCard () EMP query : update EMP set NAME_1 = '10월15일3111', MODIFY_DATE = GETDATE() where ID = 40050
[14:50:33][[Parser.cs] parseCard () BADGE query : update BADGE set DESCRIPTION = '10월15일3111', ACS_1 = 1, ACS_2 = 0, ACS_3 = 1, ACS_4 = 0, MODIFY_DATE = GETDATE() where BID = '000901218235'
[14:50:33][Parser.cs] makeSazinQuery () empID : 40050
[14:50:33][[Parser.cs] parseCard () SAZIN query : 
[14:50:33][BM_Reg.cs] clickSave () query : update EMP set NAME_1 = '10월15일3111', MODIFY_DATE = GETDATE() where ID = 40050^update BADGE set DESCRIPTION = '10월15일3111', ACS_1 = 1, ACS_2 = 0, ACS_3 = 1, ACS_4 = 0, MODIFY_DATE = GETDATE() where BID = '000901218235'
[14:50:33][Request.cs] updateImage (BMS011, 100=000901218235,1=40050,2=10월15일3111,13=10월15일3111,26=1,27=0,28=1,29=0&update EMP set NAME_1 = '10월15일3111', MODIFY_DATE = GETDATE() where ID = 40050^update BADGE set DESCRIPTION = '10월15일3111', ACS_1 = 1, ACS_2 = 0, ACS_3 = 1, ACS_4 = 0, MODIFY_DATE = GETDATE() where BID = '000901218235', BMSU)
[14:50:33][Request.cs] updateImage () : ImageByte is NULL
[14:50:33][Request.cs] BEFORE
[14:50:33][Request.cs] AFTER
[14:50:36]========================================================== [Reg.cs] selectionChanged ().........
[14:50:37][CodeTable.cs] getDepartmentDesc (10000)125
[14:50:37][CodeTable.cs] getBadgeTypeDesc (1) : 직원
[14:50:37][CodeTable.cs] getBadgeStatDesc (0) : ACTIVE
[14:50:37][CodeTable.cs] getBadgeFormatDesc (2) : Standard 12 Digit Badge
[14:50:37]PT : 1
[14:50:37][BM_Reg_001.cs] showRightDetail () RIGHT_1 : 4
[14:50:37][BM_Reg_001.cs] showRightDetail () RIGHT_2 : -100
[14:50:37][BM_Reg_001.cs] showRightDetail () RIGHT_3 : 4
[14:50:37][BM_Reg_001.cs] showRightDetail () RIGHT_4 : -100
[14:50:37][BM_Reg_001.cs] arrTmp1 [0] : 4
[14:50:37][BM_Reg_001.cs] arrTmp2 [0] : -100
[14:50:37][BM_Reg_001.cs] arrTmp3 [0] : 4
[14:50:37][BM_Reg_001.cs] arrTmp4 [0] : -100
[14:50:37][BM_Reg.cs] showSazin () query : select IMAGE from EMP_IMAGE where EMPID = 40050
[14:50:38].............. JJJJJJJJJJJJJJJJJJJJJJJJJJJJJJJJJJJJJJJJJJJJ
[14:50:38]========================================================== [Reg.cs] selectionChanged ().........
[14:50:38]========================================================== [Reg.cs] selectionChanged ().........
[14:50:39][CodeTable.cs] getDepartmentDesc (10000)125
[14:50:39][CodeTable.cs] getBadgeTypeDesc (1) : 직원
[14:50:39][CodeTable.cs] getBadgeStatDesc (0) : ACTIVE
[14:50:39][CodeTable.cs] getBadgeFormatDesc (2) : Standard 12 Digit Badge
[14:50:39]PT : 1
[14:50:39][BM_Reg_001.cs] showRightDetail () RIGHT_1 : 4
[14:50:39][BM_Reg_001.cs] showRightDetail () RIGHT_2 : -100
[14:50:39][BM_Reg_001.cs] showRightDetail () RIGHT_3 : 4
[14:50:39][BM_Reg_001.cs] showRightDetail () RIGHT_4 : -100
[14:50:39][BM_Reg_001.cs] arrTmp1 [0] : 4
[14:50:39][BM_Reg_001.cs] arrTmp2 [0] : -100
[14:50:39][BM_Reg_001.cs] arrTmp3 [0] : 4
[14:50:39][BM_Reg_001.cs] arrTmp4 [0] : -100
[14:50:39][BM_Reg.cs] showSazin () query : select IMAGE from EMP_IMAGE where EMPID = 40050
[14:50:40].............. JJJJJJJJJJJJJJJJJJJJJJJJJJJJJJJJJJJJJJJJJJJJ
[14:50:40][BM_Reg_001.cs] showRightDetail () RIGHT_1 : 4
[14:50:40][BM_Reg_001.cs] showRightDetail () RIGHT_2 : -100
[14:50:40][BM_Reg_001.cs] showRightDetail () RIGHT_3 : 4
[14:50:40][BM_Reg_001.cs] showRightDetail () RIGHT_4 : -100
[14:50:40][BM_Reg_001.cs] arrTmp1 [0] : 4
[14:50:40][BM_Reg_001.cs] arrTmp2 [0] : -100
[14:50:40][BM_Reg_001.cs] arrTmp3 [0] : 4
[14:50:40][BM_Reg_001.cs] arrTmp4 [0] : -100
[15:03:41]========================================================== [Reg.cs] selectionChanged ().........
[15:03:44][BM_Reg.cs] showSazin () query : select IMAGE from EMP_IMAGE where EMPID = 40026
