[10:55:29]============================ depart : 
[10:55:29][Reg.cs] showCardList () ....................... query 1 : select COUNT(*) as count from BADGE b, EMP e, DEPARTMENT d, DIVISION d2 ,BADGE_TYPE_CODE bt where b.EMPID = e.ID and e.DEPARTMENT = d.ID and e.DIVISION = d2.ID and bt.ID = b.TYPE and b.DELETE_FLAG != 'Y' 
[10:55:29]============================ depart : 
[10:55:30][Reg.cs] showCardList () ....................... query 2 : select  TOP 100 b.description as NAME,  b.SEQ as SEQ,  e.NAME_1 as personName,  b.bid as BID,  b.EMPID as EMPID,  d.DESCRIPTION  as DEPARTMENT,  d2.DESCRIPTION as DIVISION , b.DELETE_FLAG as DELETE_FLAG from BADGE b, EMP e, DEPARTMENT d, DIVISION d2 ,BADGE_TYPE_CODE bt  where b.EMPID = e.ID and e.DEPARTMENT = d.ID and e.DIVISION = d2.ID and bt.ID = b.TYPE and b.DELETE_FLAG != 'Y'  order by SEQ desc
[10:55:31]

................................................... [BM_Reg_001.cs] getCode () deparment code count : 125
[10:55:31]========================================================== [Reg.cs] selectionChanged ().........
[10:55:31][CodeTable.cs] getDepartmentDesc (10019)125
[10:55:32][CodeTable.cs] getBadgeTypeDesc (1) : 직원
[10:55:32][CodeTable.cs] getBadgeStatDesc (0) : ACTIVE
[10:55:32][CodeTable.cs] getBadgeFormatDesc (2) : Standard 12 Digit Badge
[10:55:32]PT : 1
[10:55:32][BM_Reg_001.cs] showRightDetail () RIGHT_1 : -100
[10:55:32][BM_Reg_001.cs] showRightDetail () RIGHT_2 : -100
[10:55:32][BM_Reg_001.cs] showRightDetail () RIGHT_3 : 5
[10:55:32][BM_Reg_001.cs] showRightDetail () RIGHT_4 : -100
[10:55:32][BM_Reg_001.cs] arrTmp1 [0] : -100
[10:55:32][BM_Reg_001.cs] arrTmp2 [0] : -100
[10:55:32][BM_Reg_001.cs] arrTmp3 [0] : 5
[10:55:32][BM_Reg_001.cs] arrTmp4 [0] : -100
[10:55:32][BM_Reg.cs] showSazin () query : select IMAGE from EMP_IMAGE where EMPID = 40053
[10:55:32].............. JJJJJJJJJJJJJJJJJJJJJJJJJJJJJJJJJJJJJJJJJJJJ
[15:24:36]============================ depart : 
[15:24:37][Reg.cs] showCardList () ....................... query 1 : select COUNT(*) as count from BADGE b, EMP e, DEPARTMENT d, DIVISION d2 ,BADGE_TYPE_CODE bt where b.EMPID = e.ID and e.DEPARTMENT = d.ID and e.DIVISION = d2.ID and bt.ID = b.TYPE and b.DELETE_FLAG != 'Y' 
[15:24:37]============================ depart : 
[15:24:37][Reg.cs] showCardList () ....................... query 2 : select  TOP 100 b.description as NAME,  b.SEQ as SEQ,  e.NAME_1 as personName,  b.bid as BID,  b.EMPID as EMPID,  d.DESCRIPTION  as DEPARTMENT,  d2.DESCRIPTION as DIVISION , b.DELETE_FLAG as DELETE_FLAG from BADGE b, EMP e, DEPARTMENT d, DIVISION d2 ,BADGE_TYPE_CODE bt  where b.EMPID = e.ID and e.DEPARTMENT = d.ID and e.DIVISION = d2.ID and bt.ID = b.TYPE and b.DELETE_FLAG != 'Y'  order by SEQ desc
[15:24:39]

................................................... [BM_Reg_001.cs] getCode () deparment code count : 125
[15:24:39]========================================================== [Reg.cs] selectionChanged ().........
[15:24:39][CodeTable.cs] getDepartmentDesc (10019)125
[15:24:39][CodeTable.cs] getBadgeTypeDesc (1) : 직원
[15:24:39][CodeTable.cs] getBadgeStatDesc (0) : ACTIVE
[15:24:39][CodeTable.cs] getBadgeFormatDesc (2) : Standard 12 Digit Badge
[15:24:39]PT : 1
[15:24:40][BM_Reg_001.cs] showRightDetail () RIGHT_1 : -100
[15:24:40][BM_Reg_001.cs] showRightDetail () RIGHT_2 : -100
[15:24:40][BM_Reg_001.cs] showRightDetail () RIGHT_3 : 5
[15:24:40][BM_Reg_001.cs] showRightDetail () RIGHT_4 : -100
[15:24:40][BM_Reg_001.cs] arrTmp1 [0] : -100
[15:24:40][BM_Reg_001.cs] arrTmp2 [0] : -100
[15:24:40][BM_Reg_001.cs] arrTmp3 [0] : 5
[15:24:40][BM_Reg_001.cs] arrTmp4 [0] : -100
[15:24:40][BM_Reg.cs] showSazin () query : select IMAGE from EMP_IMAGE where EMPID = 40053
[15:24:40].............. JJJJJJJJJJJJJJJJJJJJJJJJJJJJJJJJJJJJJJJJJJJJ
[15:28:07]========================================================== [Reg.cs] selectionChanged ().........
[15:28:08][CodeTable.cs] getDepartmentDesc (10047)125
[15:28:08][CodeTable.cs] getBadgeTypeDesc (7) : 협력업체 장기출입증
[15:28:08][CodeTable.cs] getBadgeStatDesc (4) : INACTIVE
[15:28:08][CodeTable.cs] getBadgeFormatDesc (2) : Standard 12 Digit Badge
[15:28:08]PT : 
[15:28:08][BM_Reg_001.cs] showRightDetail () RIGHT_1 : 2
[15:28:08][BM_Reg_001.cs] showRightDetail () RIGHT_2 : 1
[15:28:08][BM_Reg_001.cs] showRightDetail () RIGHT_3 : 1
[15:28:08][BM_Reg_001.cs] showRightDetail () RIGHT_4 : 2~3~5
[15:28:08][BM_Reg_001.cs] arrTmp1 [0] : 2
[15:28:08][BM_Reg_001.cs] arrTmp2 [0] : 1
[15:28:08][BM_Reg_001.cs] arrTmp3 [0] : 1
[15:28:08][BM_Reg_001.cs] arrTmp4 [0] : 2
[15:28:08][BM_Reg_001.cs] arrTmp4 [1] : 3
[15:28:08][BM_Reg_001.cs] arrTmp4 [2] : 5
[15:28:08][BM_Reg.cs] showSazin () query : select IMAGE from EMP_IMAGE where EMPID = 40011
[15:28:09].............. JJJJJJJJJJJJJJJJJJJJJJJJJJJJJJJJJJJJJJJJJJJJ
[16:05:57]========================================================== [Reg.cs] selectionChanged ().........
[16:05:57][CodeTable.cs] getDepartmentDesc (10000)125
[16:05:57][CodeTable.cs] getBadgeTypeDesc (1) : 직원
[16:05:57][CodeTable.cs] getBadgeStatDesc (0) : ACTIVE
[16:05:57][CodeTable.cs] getBadgeFormatDesc (2) : Standard 12 Digit Badge
[16:05:57]PT : 1
[16:05:58][BM_Reg_001.cs] showRightDetail () RIGHT_1 : 1~2~3
[16:05:58][BM_Reg_001.cs] showRightDetail () RIGHT_2 : -100
[16:05:58][BM_Reg_001.cs] showRightDetail () RIGHT_3 : -100
[16:05:58][BM_Reg_001.cs] showRightDetail () RIGHT_4 : -100
[16:05:58][BM_Reg_001.cs] arrTmp1 [0] : 1
[16:05:58][BM_Reg_001.cs] arrTmp1 [1] : 2
[16:05:58][BM_Reg_001.cs] arrTmp1 [2] : 3
[16:05:58][BM_Reg_001.cs] arrTmp2 [0] : -100
[16:05:58][BM_Reg_001.cs] arrTmp3 [0] : -100
[16:05:58][BM_Reg_001.cs] arrTmp4 [0] : -100
[16:05:58][BM_Reg.cs] showSazin () query : select IMAGE from EMP_IMAGE where EMPID = 40048
[16:05:58].............. JJJJJJJJJJJJJJJJJJJJJJJJJJJJJJJJJJJJJJJJJJJJ
[16:05:59]========================================================== [Reg.cs] selectionChanged ().........
[16:05:59][CodeTable.cs] getDepartmentDesc (10019)125
[16:06:00][CodeTable.cs] getBadgeTypeDesc (1) : 직원
[16:06:00][CodeTable.cs] getBadgeStatDesc (0) : ACTIVE
[16:06:00][CodeTable.cs] getBadgeFormatDesc (2) : Standard 12 Digit Badge
[16:06:00]PT : 1
[16:06:00][BM_Reg_001.cs] showRightDetail () RIGHT_1 : -100
[16:06:00][BM_Reg_001.cs] showRightDetail () RIGHT_2 : -100
[16:06:00][BM_Reg_001.cs] showRightDetail () RIGHT_3 : 5
[16:06:00][BM_Reg_001.cs] showRightDetail () RIGHT_4 : -100
[16:06:00][BM_Reg_001.cs] arrTmp1 [0] : -100
[16:06:00][BM_Reg_001.cs] arrTmp2 [0] : -100
[16:06:00][BM_Reg_001.cs] arrTmp3 [0] : 5
[16:06:00][BM_Reg_001.cs] arrTmp4 [0] : -100
[16:06:00][BM_Reg.cs] showSazin () query : select IMAGE from EMP_IMAGE where EMPID = 40053
[16:06:00].............. JJJJJJJJJJJJJJJJJJJJJJJJJJJJJJJJJJJJJJJJJJJJ
