[10:37:57]============================ depart : 
[10:37:57][Reg.cs] showCardList () ....................... query 1 : select COUNT(*) as count from BADGE b, EMP e, DEPARTMENT d, DIVISION d2 ,BADGE_TYPE_CODE bt where b.EMPID = e.ID and e.DEPARTMENT = d.ID and e.DIVISION = d2.ID and bt.ID = b.TYPE and b.DELETE_FLAG != 'Y' 
[10:37:57]============================ depart : 
[10:37:58][Reg.cs] showCardList () ....................... query 2 : select  TOP 100 b.description as NAME,  b.SEQ as SEQ,  e.NAME_1 as personName,  b.bid as BID,  b.EMPID as EMPID,  d.DESCRIPTION  as DEPARTMENT,  d2.DESCRIPTION as DIVISION , b.DELETE_FLAG as DELETE_FLAG from BADGE b, EMP e, DEPARTMENT d, DIVISION d2 ,BADGE_TYPE_CODE bt  where b.EMPID = e.ID and e.DEPARTMENT = d.ID and e.DIVISION = d2.ID and bt.ID = b.TYPE and b.DELETE_FLAG != 'Y'  order by SEQ desc
[10:37:59]

................................................... [BM_Reg_001.cs] getCode () deparment code count : 125
[10:37:59]========================================================== [Reg.cs] selectionChanged ().........
[10:37:59][CodeTable.cs] getDepartmentDesc (10097)125
[10:38:00][CodeTable.cs] getBadgeTypeDesc (1) : 직원
[10:38:00][CodeTable.cs] getBadgeStatDesc (0) : ACTIVE
[10:38:00][CodeTable.cs] getBadgeFormatDesc (2) : Standard 12 Digit Badge
[10:38:00]PT : 0
[10:38:00][BM_Reg_001.cs] showRightDetail () RIGHT_1 : 1
[10:38:00][BM_Reg_001.cs] showRightDetail () RIGHT_2 : 2~3
[10:38:00][BM_Reg_001.cs] showRightDetail () RIGHT_3 : -100
[10:38:00][BM_Reg_001.cs] showRightDetail () RIGHT_4 : -100
[10:38:00][BM_Reg_001.cs] arrTmp1 [0] : 1
[10:38:00][BM_Reg_001.cs] arrTmp2 [0] : 2
[10:38:00][BM_Reg_001.cs] arrTmp2 [1] : 3
[10:38:00][BM_Reg_001.cs] arrTmp3 [0] : -100
[10:38:00][BM_Reg_001.cs] arrTmp4 [0] : -100
[10:38:00][BM_Reg.cs] showSazin () query : select IMAGE from EMP_IMAGE where EMPID = 40105
[10:38:00].............. JJJJJJJJJJJJJJJJJJJJJJJJJJJJJJJJJJJJJJJJJJJJ
[10:51:43]========================================================== [Reg.cs] selectionChanged ().........
[10:51:44][CodeTable.cs] getDepartmentDesc (10097)125
[10:51:44][CodeTable.cs] getBadgeTypeDesc (1) : 직원
[10:51:44][CodeTable.cs] getBadgeStatDesc (0) : ACTIVE
[10:51:44][CodeTable.cs] getBadgeFormatDesc (2) : Standard 12 Digit Badge
[10:51:44]PT : 0
[10:51:44][BM_Reg_001.cs] showRightDetail () RIGHT_1 : 1
[10:51:44][BM_Reg_001.cs] showRightDetail () RIGHT_2 : 2~3
[10:51:44][BM_Reg_001.cs] showRightDetail () RIGHT_3 : -100
[10:51:44][BM_Reg_001.cs] showRightDetail () RIGHT_4 : -100
[10:51:44][BM_Reg_001.cs] arrTmp1 [0] : 1
[10:51:44][BM_Reg_001.cs] arrTmp2 [0] : 2
[10:51:44][BM_Reg_001.cs] arrTmp2 [1] : 3
[10:51:44][BM_Reg_001.cs] arrTmp3 [0] : -100
[10:51:44][BM_Reg_001.cs] arrTmp4 [0] : -100
[10:51:44][BM_Reg.cs] showSazin () query : select IMAGE from EMP_IMAGE where EMPID = 40105
[10:51:45].............. JJJJJJJJJJJJJJJJJJJJJJJJJJJJJJJJJJJJJJJJJJJJ
[11:36:08]========================================================== [Reg.cs] selectionChanged ().........
[11:36:09][CodeTable.cs] getDepartmentDesc (10097)125
[11:36:09][CodeTable.cs] getBadgeTypeDesc (1) : 직원
[11:36:09][CodeTable.cs] getBadgeStatDesc (0) : ACTIVE
[11:36:09][CodeTable.cs] getBadgeFormatDesc (2) : Standard 12 Digit Badge
[11:36:09]PT : 0
[11:36:09][BM_Reg_001.cs] showRightDetail () RIGHT_1 : 1
[11:36:09][BM_Reg_001.cs] showRightDetail () RIGHT_2 : 2~3
[11:36:09][BM_Reg_001.cs] showRightDetail () RIGHT_3 : -100
[11:36:09][BM_Reg_001.cs] showRightDetail () RIGHT_4 : -100
[11:36:09][BM_Reg_001.cs] arrTmp1 [0] : 1
[11:36:09][BM_Reg_001.cs] arrTmp2 [0] : 2
[11:36:09][BM_Reg_001.cs] arrTmp2 [1] : 3
[11:36:09][BM_Reg_001.cs] arrTmp3 [0] : -100
[11:36:09][BM_Reg_001.cs] arrTmp4 [0] : -100
[11:36:09][BM_Reg.cs] showSazin () query : select IMAGE from EMP_IMAGE where EMPID = 40105
[11:36:10].............. JJJJJJJJJJJJJJJJJJJJJJJJJJJJJJJJJJJJJJJJJJJJ
[11:45:09]============================ depart : 전체
[11:45:09][Reg.cs] showCardList () ....................... query 1 : select COUNT(*) as count from BADGE b, EMP e, DEPARTMENT d, DIVISION d2 ,BADGE_TYPE_CODE bt where b.EMPID = e.ID and e.DEPARTMENT = d.ID and e.DIVISION = d2.ID and bt.ID = b.TYPE and b.DELETE_FLAG != 'Y' 
[11:45:09]========================================================== [Reg.cs] selectionChanged ().........
[11:45:09]========================================================== [Reg.cs] selectionChanged ().........
[11:45:09]============================ depart : 전체
[11:45:10][Reg.cs] showCardList () ....................... query 2 : select  TOP 100 b.description as NAME,  b.SEQ as SEQ,  e.NAME_1 as personName,  b.bid as BID,  b.EMPID as EMPID,  d.DESCRIPTION  as DEPARTMENT,  d2.DESCRIPTION as DIVISION , b.DELETE_FLAG as DELETE_FLAG from BADGE b, EMP e, DEPARTMENT d, DIVISION d2 ,BADGE_TYPE_CODE bt  where b.EMPID = e.ID and e.DEPARTMENT = d.ID and e.DIVISION = d2.ID and bt.ID = b.TYPE and b.DELETE_FLAG != 'Y'  order by SEQ desc
[11:45:11][CodeTable.cs] getDepartmentDesc (10097)125
[11:45:12][CodeTable.cs] getBadgeTypeDesc (1) : 직원
[11:45:12][CodeTable.cs] getBadgeStatDesc (0) : ACTIVE
[11:45:12][CodeTable.cs] getBadgeFormatDesc (2) : Standard 12 Digit Badge
[11:45:12]PT : 0
[11:45:12][BM_Reg_001.cs] showRightDetail () RIGHT_1 : 1
[11:45:12][BM_Reg_001.cs] showRightDetail () RIGHT_2 : 2~3
[11:45:12][BM_Reg_001.cs] showRightDetail () RIGHT_3 : -100
[11:45:12][BM_Reg_001.cs] showRightDetail () RIGHT_4 : -100
[11:45:12][BM_Reg_001.cs] arrTmp1 [0] : 1
[11:45:12][BM_Reg_001.cs] arrTmp2 [0] : 2
[11:45:12][BM_Reg_001.cs] arrTmp2 [1] : 3
[11:45:12][BM_Reg_001.cs] arrTmp3 [0] : -100
[11:45:12][BM_Reg_001.cs] arrTmp4 [0] : -100
[11:45:12][BM_Reg.cs] showSazin () query : select IMAGE from EMP_IMAGE where EMPID = 40104
[11:45:12].............. JJJJJJJJJJJJJJJJJJJJJJJJJJJJJJJJJJJJJJJJJJJJ
[14:03:26]============================ depart : 
[14:03:26][Reg.cs] showCardList () ....................... query 1 : select COUNT(*) as count from BADGE b, EMP e, DEPARTMENT d, DIVISION d2 ,BADGE_TYPE_CODE bt where b.EMPID = e.ID and e.DEPARTMENT = d.ID and e.DIVISION = d2.ID and bt.ID = b.TYPE and b.DELETE_FLAG != 'Y' 
[14:03:26]============================ depart : 
[14:03:26][Reg.cs] showCardList () ....................... query 2 : select  TOP 100 b.description as NAME,  b.SEQ as SEQ,  e.NAME_1 as personName,  b.bid as BID,  b.EMPID as EMPID,  d.DESCRIPTION  as DEPARTMENT,  d2.DESCRIPTION as DIVISION , b.DELETE_FLAG as DELETE_FLAG from BADGE b, EMP e, DEPARTMENT d, DIVISION d2 ,BADGE_TYPE_CODE bt  where b.EMPID = e.ID and e.DEPARTMENT = d.ID and e.DIVISION = d2.ID and bt.ID = b.TYPE and b.DELETE_FLAG != 'Y'  order by SEQ desc
[14:03:28]

................................................... [BM_Reg_001.cs] getCode () deparment code count : 125
[14:03:28]========================================================== [Reg.cs] selectionChanged ().........
[14:03:28][CodeTable.cs] getDepartmentDesc (10097)125
[14:03:28][CodeTable.cs] getBadgeTypeDesc (1) : 직원
[14:03:28][CodeTable.cs] getBadgeStatDesc (0) : ACTIVE
[14:03:28][CodeTable.cs] getBadgeFormatDesc (2) : Standard 12 Digit Badge
[14:03:28]PT : 0
[14:03:29][BM_Reg_001.cs] showRightDetail () RIGHT_1 : 1
[14:03:29][BM_Reg_001.cs] showRightDetail () RIGHT_2 : 2~3
[14:03:29][BM_Reg_001.cs] showRightDetail () RIGHT_3 : -100
[14:03:29][BM_Reg_001.cs] showRightDetail () RIGHT_4 : -100
[14:03:29][BM_Reg_001.cs] arrTmp1 [0] : 1
[14:03:29][BM_Reg_001.cs] arrTmp2 [0] : 2
[14:03:29][BM_Reg_001.cs] arrTmp2 [1] : 3
[14:03:29][BM_Reg_001.cs] arrTmp3 [0] : -100
[14:03:29][BM_Reg_001.cs] arrTmp4 [0] : -100
[14:03:29][BM_Reg.cs] showSazin () query : select IMAGE from EMP_IMAGE where EMPID = 40104
[14:03:29].............. JJJJJJJJJJJJJJJJJJJJJJJJJJJJJJJJJJJJJJJJJJJJ
