[10:30:58]============================ depart : 
[10:30:59][Reg.cs] showCardList () ....................... query 1 : select COUNT(*) as count from BADGE b, EMP e, DEPARTMENT d, DIVISION d2 ,BADGE_TYPE_CODE bt where b.EMPID = e.ID and e.DEPARTMENT = d.ID and e.DIVISION = d2.ID and bt.ID = b.TYPE and b.DELETE_FLAG != 'Y' 
[10:30:59]============================ depart : 
[10:30:59][Reg.cs] showCardList () ....................... query 2 : select  TOP 100 b.description as NAME,  b.SEQ as SEQ,  e.NAME_1 as personName,  b.bid as BID,  b.EMPID as EMPID,  d.DESCRIPTION  as DEPARTMENT,  d2.DESCRIPTION as DIVISION , b.DELETE_FLAG as DELETE_FLAG from BADGE b, EMP e, DEPARTMENT d, DIVISION d2 ,BADGE_TYPE_CODE bt  where b.EMPID = e.ID and e.DEPARTMENT = d.ID and e.DIVISION = d2.ID and bt.ID = b.TYPE and b.DELETE_FLAG != 'Y'  order by SEQ desc
[10:31:00]

................................................... [BM_Reg_001.cs] getCode () deparment code count : 125
[10:31:00]========================================================== [Reg.cs] selectionChanged ().........
[10:31:01][CodeTable.cs] getDepartmentDesc (10097)125
[10:31:01][CodeTable.cs] getBadgeTypeDesc (1) : 직원
[10:31:01][CodeTable.cs] getBadgeStatDesc (0) : ACTIVE
[10:31:01][CodeTable.cs] getBadgeFormatDesc (2) : Standard 12 Digit Badge
[10:31:01]PT : 0
[10:31:01][BM_Reg_001.cs] showRightDetail () RIGHT_1 : 1
[10:31:01][BM_Reg_001.cs] showRightDetail () RIGHT_2 : 2~3
[10:31:01][BM_Reg_001.cs] showRightDetail () RIGHT_3 : -100
[10:31:01][BM_Reg_001.cs] showRightDetail () RIGHT_4 : -100
[10:31:01][BM_Reg_001.cs] arrTmp1 [0] : 1
[10:31:01][BM_Reg_001.cs] arrTmp2 [0] : 2
[10:31:01][BM_Reg_001.cs] arrTmp2 [1] : 3
[10:31:01][BM_Reg_001.cs] arrTmp3 [0] : -100
[10:31:01][BM_Reg_001.cs] arrTmp4 [0] : -100
[10:31:01][BM_Reg.cs] showSazin () query : select IMAGE from EMP_IMAGE where EMPID = 40104
[10:31:02].............. JJJJJJJJJJJJJJJJJJJJJJJJJJJJJJJJJJJJJJJJJJJJ
[10:37:57]============================ depart : 
[10:37:57][Reg.cs] showCardList () ....................... query 1 : select COUNT(*) as count from BADGE b, EMP e, DEPARTMENT d, DIVISION d2 ,BADGE_TYPE_CODE bt where b.EMPID = e.ID and e.DEPARTMENT = d.ID and e.DIVISION = d2.ID and bt.ID = b.TYPE and b.DELETE_FLAG != 'Y' 
[10:37:57]============================ depart : 
[10:37:58][Reg.cs] showCardList () ....................... query 2 : select  TOP 100 b.description as NAME,  b.SEQ as SEQ,  e.NAME_1 as personName,  b.bid as BID,  b.EMPID as EMPID,  d.DESCRIPTION  as DEPARTMENT,  d2.DESCRIPTION as DIVISION , b.DELETE_FLAG as DELETE_FLAG from BADGE b, EMP e, DEPARTMENT d, DIVISION d2 ,BADGE_TYPE_CODE bt  where b.EMPID = e.ID and e.DEPARTMENT = d.ID and e.DIVISION = d2.ID and bt.ID = b.TYPE and b.DELETE_FLAG != 'Y'  order by SEQ desc
[10:37:59]

................................................... [BM_Reg_001.cs] getCode () deparment code count : 125
[10:37:59]========================================================== [Reg.cs] selectionChanged ().........
[10:38:00][CodeTable.cs] getDepartmentDesc (10097)125
[10:38:00][CodeTable.cs] getBadgeTypeDesc (1) : 직원
[10:38:00][CodeTable.cs] getBadgeStatDesc (0) : ACTIVE
[10:38:00][CodeTable.cs] getBadgeFormatDesc (2) : Standard 12 Digit Badge
[10:38:00]PT : 0
[10:38:00][BM_Reg_001.cs] showRightDetail () RIGHT_1 : 1
[10:38:00][BM_Reg_001.cs] showRightDetail () RIGHT_2 : 2~3
[10:38:00][BM_Reg_001.cs] showRightDetail () RIGHT_3 : -100
[10:38:00][BM_Reg_001.cs] showRightDetail () RIGHT_4 : -100
[10:38:00][BM_Reg_001.cs] arrTmp1 [0] : 1
[10:38:00][BM_Reg_001.cs] arrTmp2 [0] : 2
[10:38:00][BM_Reg_001.cs] arrTmp2 [1] : 3
[10:38:00][BM_Reg_001.cs] arrTmp3 [0] : -100
[10:38:00][BM_Reg_001.cs] arrTmp4 [0] : -100
[10:38:00][BM_Reg.cs] showSazin () query : select IMAGE from EMP_IMAGE where EMPID = 40104
[10:38:00].............. JJJJJJJJJJJJJJJJJJJJJJJJJJJJJJJJJJJJJJJJJJJJ
[10:38:08]============================ depart : 전체
[10:38:08]============================ depart : 전체
[10:38:09][Reg.cs] showCardList () ....................... query 1 : select COUNT(*) as count from BADGE b, EMP e, DEPARTMENT d, DIVISION d2 ,BADGE_TYPE_CODE bt where b.EMPID = e.ID and e.DEPARTMENT = d.ID and e.DIVISION = d2.ID and bt.ID = b.TYPE   and b.BID = '000971599874'
[10:38:09]========================================================== [Reg.cs] selectionChanged ().........
[10:38:09]========================================================== [Reg.cs] selectionChanged ().........
[10:38:09]============================ depart : 전체
[10:38:09][Reg.cs] showCardList () ....................... query 2 : select  TOP 1 b.description as NAME,  b.SEQ as SEQ,  e.NAME_1 as personName,  b.bid as BID,  b.EMPID as EMPID,  d.DESCRIPTION  as DEPARTMENT,  d2.DESCRIPTION as DIVISION , b.DELETE_FLAG as DELETE_FLAG from BADGE b, EMP e, DEPARTMENT d, DIVISION d2 ,BADGE_TYPE_CODE bt  where b.EMPID = e.ID and e.DEPARTMENT = d.ID and e.DIVISION = d2.ID and bt.ID = b.TYPE   and b.BID = '000971599874' order by SEQ desc
[10:38:11][CodeTable.cs] getDepartmentDesc (10047)125
[10:38:11][CodeTable.cs] getBadgeTypeDesc (4) : 한수원 사원증
[10:38:11][CodeTable.cs] getBadgeStatDesc (0) : ACTIVE
[10:38:11][CodeTable.cs] getBadgeFormatDesc (2) : Standard 12 Digit Badge
[10:38:11]PT : 0
[10:38:11][BM_Reg_001.cs] showRightDetail () RIGHT_1 : 1
[10:38:11][BM_Reg_001.cs] showRightDetail () RIGHT_2 : 1~3~5
[10:38:11][BM_Reg_001.cs] showRightDetail () RIGHT_3 : 1~3~7
[10:38:11][BM_Reg_001.cs] showRightDetail () RIGHT_4 : -100
[10:38:11][BM_Reg_001.cs] arrTmp1 [0] : 1
[10:38:11][BM_Reg_001.cs] arrTmp2 [0] : 1
[10:38:11][BM_Reg_001.cs] arrTmp2 [1] : 3
[10:38:11][BM_Reg_001.cs] arrTmp2 [2] : 5
[10:38:11][BM_Reg_001.cs] arrTmp3 [0] : 1
[10:38:11][BM_Reg_001.cs] arrTmp3 [1] : 3
[10:38:11][BM_Reg_001.cs] arrTmp3 [2] : 7
[10:38:11][BM_Reg_001.cs] arrTmp4 [0] : -100
[10:38:11][BM_Reg.cs] showSazin () query : select IMAGE from EMP_IMAGE where EMPID = 40001
[10:38:12].............. JJJJJJJJJJJJJJJJJJJJJJJJJJJJJJJJJJJJJJJJJJJJ
[10:42:13]============================ depart : 전체
[10:42:13]============================ depart : 전체
[10:42:13][Reg.cs] showCardList () ....................... query 1 : select COUNT(*) as count from BADGE b, EMP e, DEPARTMENT d, DIVISION d2 ,BADGE_TYPE_CODE bt where b.EMPID = e.ID and e.DEPARTMENT = d.ID and e.DIVISION = d2.ID and bt.ID = b.TYPE   and b.BID = '000971599874'
[10:42:13]========================================================== [Reg.cs] selectionChanged ().........
[10:42:13]========================================================== [Reg.cs] selectionChanged ().........
[10:42:13]============================ depart : 전체
[10:42:14][Reg.cs] showCardList () ....................... query 2 : select  TOP 1 b.description as NAME,  b.SEQ as SEQ,  e.NAME_1 as personName,  b.bid as BID,  b.EMPID as EMPID,  d.DESCRIPTION  as DEPARTMENT,  d2.DESCRIPTION as DIVISION , b.DELETE_FLAG as DELETE_FLAG from BADGE b, EMP e, DEPARTMENT d, DIVISION d2 ,BADGE_TYPE_CODE bt  where b.EMPID = e.ID and e.DEPARTMENT = d.ID and e.DIVISION = d2.ID and bt.ID = b.TYPE   and b.BID = '000971599874' order by SEQ desc
[10:42:15][CodeTable.cs] getDepartmentDesc (10047)125
[10:42:16][CodeTable.cs] getBadgeTypeDesc (4) : 한수원 사원증
[10:42:16][CodeTable.cs] getBadgeStatDesc (0) : ACTIVE
[10:42:16][CodeTable.cs] getBadgeFormatDesc (2) : Standard 12 Digit Badge
[10:42:16]PT : 0
[10:42:16][BM_Reg_001.cs] showRightDetail () RIGHT_1 : 1
[10:42:16][BM_Reg_001.cs] showRightDetail () RIGHT_2 : 1~3~5
[10:42:16][BM_Reg_001.cs] showRightDetail () RIGHT_3 : 1~3~7
[10:42:16][BM_Reg_001.cs] showRightDetail () RIGHT_4 : -100
[10:42:16][BM_Reg_001.cs] arrTmp1 [0] : 1
[10:42:16][BM_Reg_001.cs] arrTmp2 [0] : 1
[10:42:16][BM_Reg_001.cs] arrTmp2 [1] : 3
[10:42:16][BM_Reg_001.cs] arrTmp2 [2] : 5
[10:42:16][BM_Reg_001.cs] arrTmp3 [0] : 1
[10:42:16][BM_Reg_001.cs] arrTmp3 [1] : 3
[10:42:16][BM_Reg_001.cs] arrTmp3 [2] : 7
[10:42:16][BM_Reg_001.cs] arrTmp4 [0] : -100
[10:42:16][BM_Reg.cs] showSazin () query : select IMAGE from EMP_IMAGE where EMPID = 40001
[10:42:16].............. JJJJJJJJJJJJJJJJJJJJJJJJJJJJJJJJJJJJJJJJJJJJ
[10:46:16]============================ depart : 전체
[10:46:16]============================ depart : 전체
[10:46:16][Reg.cs] showCardList () ....................... query 1 : select COUNT(*) as count from BADGE b, EMP e, DEPARTMENT d, DIVISION d2 ,BADGE_TYPE_CODE bt where b.EMPID = e.ID and e.DEPARTMENT = d.ID and e.DIVISION = d2.ID and bt.ID = b.TYPE   and b.BID = '000971599874'
[10:46:16]========================================================== [Reg.cs] selectionChanged ().........
[10:46:16]========================================================== [Reg.cs] selectionChanged ().........
[10:46:16]============================ depart : 전체
[10:46:16][Reg.cs] showCardList () ....................... query 2 : select  TOP 1 b.description as NAME,  b.SEQ as SEQ,  e.NAME_1 as personName,  b.bid as BID,  b.EMPID as EMPID,  d.DESCRIPTION  as DEPARTMENT,  d2.DESCRIPTION as DIVISION , b.DELETE_FLAG as DELETE_FLAG from BADGE b, EMP e, DEPARTMENT d, DIVISION d2 ,BADGE_TYPE_CODE bt  where b.EMPID = e.ID and e.DEPARTMENT = d.ID and e.DIVISION = d2.ID and bt.ID = b.TYPE   and b.BID = '000971599874' order by SEQ desc
[10:46:18][CodeTable.cs] getDepartmentDesc (10047)125
[10:46:18][CodeTable.cs] getBadgeTypeDesc (4) : 한수원 사원증
[10:46:18][CodeTable.cs] getBadgeStatDesc (0) : ACTIVE
[10:46:18][CodeTable.cs] getBadgeFormatDesc (2) : Standard 12 Digit Badge
[10:46:18]PT : 0
[10:46:19][BM_Reg_001.cs] showRightDetail () RIGHT_1 : 1
[10:46:19][BM_Reg_001.cs] showRightDetail () RIGHT_2 : 1~3~5
[10:46:19][BM_Reg_001.cs] showRightDetail () RIGHT_3 : 1~3~7
[10:46:19][BM_Reg_001.cs] showRightDetail () RIGHT_4 : -100
[10:46:19][BM_Reg_001.cs] arrTmp1 [0] : 1
[10:46:19][BM_Reg_001.cs] arrTmp2 [0] : 1
[10:46:19][BM_Reg_001.cs] arrTmp2 [1] : 3
[10:46:19][BM_Reg_001.cs] arrTmp2 [2] : 5
[10:46:19][BM_Reg_001.cs] arrTmp3 [0] : 1
[10:46:19][BM_Reg_001.cs] arrTmp3 [1] : 3
[10:46:19][BM_Reg_001.cs] arrTmp3 [2] : 7
[10:46:19][BM_Reg_001.cs] arrTmp4 [0] : -100
[10:46:19][BM_Reg.cs] showSazin () query : select IMAGE from EMP_IMAGE where EMPID = 40001
[10:46:19].............. JJJJJJJJJJJJJJJJJJJJJJJJJJJJJJJJJJJJJJJJJJJJ
[10:46:45]============================ depart : 
[10:46:45][Reg.cs] showCardList () ....................... query 1 : select COUNT(*) as count from BADGE b, EMP e, DEPARTMENT d, DIVISION d2 ,BADGE_TYPE_CODE bt where b.EMPID = e.ID and e.DEPARTMENT = d.ID and e.DIVISION = d2.ID and bt.ID = b.TYPE and b.DELETE_FLAG != 'Y' 
[10:46:45]============================ depart : 
[10:46:45][Reg.cs] showCardList () ....................... query 2 : select  TOP 100 b.description as NAME,  b.SEQ as SEQ,  e.NAME_1 as personName,  b.bid as BID,  b.EMPID as EMPID,  d.DESCRIPTION  as DEPARTMENT,  d2.DESCRIPTION as DIVISION , b.DELETE_FLAG as DELETE_FLAG from BADGE b, EMP e, DEPARTMENT d, DIVISION d2 ,BADGE_TYPE_CODE bt  where b.EMPID = e.ID and e.DEPARTMENT = d.ID and e.DIVISION = d2.ID and bt.ID = b.TYPE and b.DELETE_FLAG != 'Y'  order by SEQ desc
[10:46:47]

................................................... [BM_Reg_001.cs] getCode () deparment code count : 125
[10:46:47]========================================================== [Reg.cs] selectionChanged ().........
[10:46:47][CodeTable.cs] getDepartmentDesc (10097)125
[10:46:47][CodeTable.cs] getBadgeTypeDesc (1) : 직원
[10:46:47][CodeTable.cs] getBadgeStatDesc (0) : ACTIVE
[10:46:47][CodeTable.cs] getBadgeFormatDesc (2) : Standard 12 Digit Badge
[10:46:47]PT : 0
[10:46:48][BM_Reg_001.cs] showRightDetail () RIGHT_1 : 1
[10:46:48][BM_Reg_001.cs] showRightDetail () RIGHT_2 : 2~3
[10:46:48][BM_Reg_001.cs] showRightDetail () RIGHT_3 : -100
[10:46:48][BM_Reg_001.cs] showRightDetail () RIGHT_4 : -100
[10:46:48][BM_Reg_001.cs] arrTmp1 [0] : 1
[10:46:48][BM_Reg_001.cs] arrTmp2 [0] : 2
[10:46:48][BM_Reg_001.cs] arrTmp2 [1] : 3
[10:46:48][BM_Reg_001.cs] arrTmp3 [0] : -100
[10:46:48][BM_Reg_001.cs] arrTmp4 [0] : -100
[10:46:48][BM_Reg.cs] showSazin () query : select IMAGE from EMP_IMAGE where EMPID = 40104
[10:46:48].............. JJJJJJJJJJJJJJJJJJJJJJJJJJJJJJJJJJJJJJJJJJJJ
[11:09:55]============================ depart : 
[11:09:55][Reg.cs] showCardList () ....................... query 1 : select COUNT(*) as count from BADGE b, EMP e, DEPARTMENT d, DIVISION d2 ,BADGE_TYPE_CODE bt where b.EMPID = e.ID and e.DEPARTMENT = d.ID and e.DIVISION = d2.ID and bt.ID = b.TYPE and b.DELETE_FLAG != 'Y' 
[11:09:55]============================ depart : 
[11:09:56][Reg.cs] showCardList () ....................... query 2 : select  TOP 100 b.description as NAME,  b.SEQ as SEQ,  e.NAME_1 as personName,  b.bid as BID,  b.EMPID as EMPID,  d.DESCRIPTION  as DEPARTMENT,  d2.DESCRIPTION as DIVISION , b.DELETE_FLAG as DELETE_FLAG from BADGE b, EMP e, DEPARTMENT d, DIVISION d2 ,BADGE_TYPE_CODE bt  where b.EMPID = e.ID and e.DEPARTMENT = d.ID and e.DIVISION = d2.ID and bt.ID = b.TYPE and b.DELETE_FLAG != 'Y'  order by SEQ desc
[11:09:57]

................................................... [BM_Reg_001.cs] getCode () deparment code count : 125
[11:09:57]========================================================== [Reg.cs] selectionChanged ().........
[11:09:58][CodeTable.cs] getDepartmentDesc (10097)125
[11:09:58][CodeTable.cs] getBadgeTypeDesc (1) : 직원
[11:09:58][CodeTable.cs] getBadgeStatDesc (0) : ACTIVE
[11:09:58][CodeTable.cs] getBadgeFormatDesc (2) : Standard 12 Digit Badge
[11:09:58]PT : 0
[11:09:58][BM_Reg_001.cs] showRightDetail () RIGHT_1 : 1
[11:09:58][BM_Reg_001.cs] showRightDetail () RIGHT_2 : 2~3
[11:09:58][BM_Reg_001.cs] showRightDetail () RIGHT_3 : -100
[11:09:58][BM_Reg_001.cs] showRightDetail () RIGHT_4 : -100
[11:09:58][BM_Reg_001.cs] arrTmp1 [0] : 1
[11:09:58][BM_Reg_001.cs] arrTmp2 [0] : 2
[11:09:58][BM_Reg_001.cs] arrTmp2 [1] : 3
[11:09:58][BM_Reg_001.cs] arrTmp3 [0] : -100
[11:09:58][BM_Reg_001.cs] arrTmp4 [0] : -100
[11:09:58][BM_Reg.cs] showSazin () query : select IMAGE from EMP_IMAGE where EMPID = 40104
[11:09:58].............. JJJJJJJJJJJJJJJJJJJJJJJJJJJJJJJJJJJJJJJJJJJJ
[11:10:59]============================ depart : 
[11:11:00][Reg.cs] showCardList () ....................... query 1 : select COUNT(*) as count from BADGE b, EMP e, DEPARTMENT d, DIVISION d2 ,BADGE_TYPE_CODE bt where b.EMPID = e.ID and e.DEPARTMENT = d.ID and e.DIVISION = d2.ID and bt.ID = b.TYPE and b.DELETE_FLAG != 'Y' 
[11:11:00]============================ depart : 
[11:11:00][Reg.cs] showCardList () ....................... query 2 : select  TOP 100 b.description as NAME,  b.SEQ as SEQ,  e.NAME_1 as personName,  b.bid as BID,  b.EMPID as EMPID,  d.DESCRIPTION  as DEPARTMENT,  d2.DESCRIPTION as DIVISION , b.DELETE_FLAG as DELETE_FLAG from BADGE b, EMP e, DEPARTMENT d, DIVISION d2 ,BADGE_TYPE_CODE bt  where b.EMPID = e.ID and e.DEPARTMENT = d.ID and e.DIVISION = d2.ID and bt.ID = b.TYPE and b.DELETE_FLAG != 'Y'  order by SEQ desc
[11:11:01]

................................................... [BM_Reg_001.cs] getCode () deparment code count : 125
[11:11:01]========================================================== [Reg.cs] selectionChanged ().........
[11:11:02][CodeTable.cs] getDepartmentDesc (10097)125
[11:11:02][CodeTable.cs] getBadgeTypeDesc (1) : 직원
[11:11:02][CodeTable.cs] getBadgeStatDesc (0) : ACTIVE
[11:11:02][CodeTable.cs] getBadgeFormatDesc (2) : Standard 12 Digit Badge
[11:11:02]PT : 0
[11:11:02][BM_Reg_001.cs] showRightDetail () RIGHT_1 : 1
[11:11:02][BM_Reg_001.cs] showRightDetail () RIGHT_2 : 2~3
[11:11:02][BM_Reg_001.cs] showRightDetail () RIGHT_3 : -100
[11:11:02][BM_Reg_001.cs] showRightDetail () RIGHT_4 : -100
[11:11:02][BM_Reg_001.cs] arrTmp1 [0] : 1
[11:11:02][BM_Reg_001.cs] arrTmp2 [0] : 2
[11:11:02][BM_Reg_001.cs] arrTmp2 [1] : 3
[11:11:02][BM_Reg_001.cs] arrTmp3 [0] : -100
[11:11:02][BM_Reg_001.cs] arrTmp4 [0] : -100
[11:11:02][BM_Reg.cs] showSazin () query : select IMAGE from EMP_IMAGE where EMPID = 40104
[11:11:03].............. JJJJJJJJJJJJJJJJJJJJJJJJJJJJJJJJJJJJJJJJJJJJ
[14:51:19]========================================================== [Reg.cs] selectionChanged ().........
[14:51:19]========================================================== [Reg.cs] selectionChanged ().........
[14:51:20]========================================================== [Reg.cs] selectionChanged ().........
[14:56:10]..................JJJJJJJJJJJJJJJJJJJ.................
[14:56:10][Parser.cs] parseCard JJJJJJJJ (99=000111222380$000111222379$000111222378,98=40104$40103$40102,7=100004,22=20160512,1000=2~1~3)
[14:56:10]............... orgStr : 99=000111222380$000111222379$000111222378
[14:56:10]............... orgStr : 98=40104$40103$40102
[14:56:10]............... orgStr : 7=100004
[14:56:10]............... orgStr : 22=20160512
[14:56:10][Parser.cs] getDateTimeDesc (20160512)
[14:56:10]............... orgStr : 1000=2~1~3
[14:56:10][Parser.cs] parseCard () EMP query : update EMP set DIVISION = 100004, MODIFY_DATE = GETDATE() where  ID = 40104 or  ID = 40103 or ID = 40102
[14:56:10][[Parser.cs] parseCard () BADGE query : update BADGE set DEACTIVATE_DATE = CAST('2016-05-12' AS DATETIME), RIGHT_1 = '2~1~3', MODIFY_DATE = GETDATE() where  BID = '000111222380' or  BID = '000111222379' or BID = '000111222378'
[14:56:10][Parser.cs] makeSazinQuery () empID : 
[14:56:10][[Parser.cs] parseCard () SAZIN query : 
[14:56:10][BM_Reg.cs] clickSave () query : update EMP set DIVISION = 100004, MODIFY_DATE = GETDATE() where  ID = 40104 or  ID = 40103 or ID = 40102^update BADGE set DEACTIVATE_DATE = CAST('2016-05-12' AS DATETIME), RIGHT_1 = '2~1~3', MODIFY_DATE = GETDATE() where  BID = '000111222380' or  BID = '000111222379' or BID = '000111222378'
[14:56:10][Request.cs] updateImage (BMS011, 99=000111222380$000111222379$000111222378,98=40104$40103$40102,7=100004,22=20160512,1000=2~1~3&update EMP set DIVISION = 100004, MODIFY_DATE = GETDATE() where  ID = 40104 or  ID = 40103 or ID = 40102^update BADGE set DEACTIVATE_DATE = CAST('2016-05-12' AS DATETIME), RIGHT_1 = '2~1~3', MODIFY_DATE = GETDATE() where  BID = '000111222380' or  BID = '000111222379' or BID = '000111222378', BMMU)
[14:56:10][Request.cs] updateImage () : ImageByte is NULL
[14:56:10][Request.cs] BEFORE
[14:56:10][Request.cs] AFTER
[14:56:12]========================================================== [Reg.cs] selectionChanged ().........
[14:56:12]========================================================== [Reg.cs] selectionChanged ().........
[14:56:12]========================================================== [Reg.cs] selectionChanged ().........
[14:56:13][CodeTable.cs] getDepartmentDesc (10097)125
[14:56:13][CodeTable.cs] getBadgeTypeDesc (1) : 직원
[14:56:13][CodeTable.cs] getBadgeStatDesc (0) : ACTIVE
[14:56:13][CodeTable.cs] getBadgeFormatDesc (2) : Standard 12 Digit Badge
[14:56:13]PT : 0
[14:56:14][BM_Reg_001.cs] showRightDetail () RIGHT_1 : 2~1~3
[14:56:14][BM_Reg_001.cs] showRightDetail () RIGHT_2 : 2~3
[14:56:14][BM_Reg_001.cs] showRightDetail () RIGHT_3 : -100
[14:56:14][BM_Reg_001.cs] showRightDetail () RIGHT_4 : -100
[14:56:14][BM_Reg_001.cs] arrTmp1 [0] : 2
[14:56:14][BM_Reg_001.cs] arrTmp1 [1] : 1
[14:56:14][BM_Reg_001.cs] arrTmp1 [2] : 3
[14:56:14][BM_Reg_001.cs] arrTmp2 [0] : 2
[14:56:14][BM_Reg_001.cs] arrTmp2 [1] : 3
[14:56:14][BM_Reg_001.cs] arrTmp3 [0] : -100
[14:56:14][BM_Reg_001.cs] arrTmp4 [0] : -100
[14:56:14][BM_Reg.cs] showSazin () query : select IMAGE from EMP_IMAGE where EMPID = 40102
[14:56:14].............. JJJJJJJJJJJJJJJJJJJJJJJJJJJJJJJJJJJJJJJJJJJJ
[14:56:14][BM_Reg_001.cs] showRightDetail () RIGHT_1 : 2~1~3
[14:56:14][BM_Reg_001.cs] showRightDetail () RIGHT_2 : 2~3
[14:56:14][BM_Reg_001.cs] showRightDetail () RIGHT_3 : -100
[14:56:14][BM_Reg_001.cs] showRightDetail () RIGHT_4 : -100
[14:56:14][BM_Reg_001.cs] arrTmp1 [0] : 2
[14:56:14][BM_Reg_001.cs] arrTmp1 [1] : 1
[14:56:14][BM_Reg_001.cs] arrTmp1 [2] : 3
[14:56:14][BM_Reg_001.cs] arrTmp2 [0] : 2
[14:56:14][BM_Reg_001.cs] arrTmp2 [1] : 3
[14:56:14][BM_Reg_001.cs] arrTmp3 [0] : -100
[14:56:14][BM_Reg_001.cs] arrTmp4 [0] : -100
[14:56:16]========================================================== [Reg.cs] selectionChanged ().........
[14:56:16][CodeTable.cs] getDepartmentDesc (10097)125
[14:56:17][CodeTable.cs] getBadgeTypeDesc (1) : 직원
[14:56:17][CodeTable.cs] getBadgeStatDesc (0) : ACTIVE
[14:56:17][CodeTable.cs] getBadgeFormatDesc (2) : Standard 12 Digit Badge
[14:56:17]PT : 0
[14:56:17][BM_Reg_001.cs] showRightDetail () RIGHT_1 : 2~1~3
[14:56:17][BM_Reg_001.cs] showRightDetail () RIGHT_2 : 2~3
[14:56:17][BM_Reg_001.cs] showRightDetail () RIGHT_3 : -100
[14:56:17][BM_Reg_001.cs] showRightDetail () RIGHT_4 : -100
[14:56:17][BM_Reg_001.cs] arrTmp1 [0] : 2
[14:56:17][BM_Reg_001.cs] arrTmp1 [1] : 1
[14:56:17][BM_Reg_001.cs] arrTmp1 [2] : 3
[14:56:17][BM_Reg_001.cs] arrTmp2 [0] : 2
[14:56:17][BM_Reg_001.cs] arrTmp2 [1] : 3
[14:56:17][BM_Reg_001.cs] arrTmp3 [0] : -100
[14:56:17][BM_Reg_001.cs] arrTmp4 [0] : -100
[14:56:17][BM_Reg.cs] showSazin () query : select IMAGE from EMP_IMAGE where EMPID = 40103
[14:56:17].............. JJJJJJJJJJJJJJJJJJJJJJJJJJJJJJJJJJJJJJJJJJJJ
[14:56:18]========================================================== [Reg.cs] selectionChanged ().........
[14:56:18][CodeTable.cs] getDepartmentDesc (10097)125
[14:56:18][CodeTable.cs] getBadgeTypeDesc (1) : 직원
[14:56:18][CodeTable.cs] getBadgeStatDesc (0) : ACTIVE
[14:56:18][CodeTable.cs] getBadgeFormatDesc (2) : Standard 12 Digit Badge
[14:56:18]PT : 0
[14:56:19][BM_Reg_001.cs] showRightDetail () RIGHT_1 : 2~1~3
[14:56:19][BM_Reg_001.cs] showRightDetail () RIGHT_2 : 2~3
[14:56:19][BM_Reg_001.cs] showRightDetail () RIGHT_3 : -100
[14:56:19][BM_Reg_001.cs] showRightDetail () RIGHT_4 : -100
[14:56:19][BM_Reg_001.cs] arrTmp1 [0] : 2
[14:56:19][BM_Reg_001.cs] arrTmp1 [1] : 1
[14:56:19][BM_Reg_001.cs] arrTmp1 [2] : 3
[14:56:19][BM_Reg_001.cs] arrTmp2 [0] : 2
[14:56:19][BM_Reg_001.cs] arrTmp2 [1] : 3
[14:56:19][BM_Reg_001.cs] arrTmp3 [0] : -100
[14:56:19][BM_Reg_001.cs] arrTmp4 [0] : -100
[14:56:19][BM_Reg.cs] showSazin () query : select IMAGE from EMP_IMAGE where EMPID = 40104
[14:56:19].............. JJJJJJJJJJJJJJJJJJJJJJJJJJJJJJJJJJJJJJJJJJJJ
[14:59:30]========================================================== [Reg.cs] selectionChanged ().........
[14:59:30]========================================================== [Reg.cs] selectionChanged ().........
[14:59:31]========================================================== [Reg.cs] selectionChanged ().........
[14:59:32]========================================================== [Reg.cs] selectionChanged ().........
[15:36:06]============================ depart : 전체
[15:36:06]============================ depart : 전체
[15:36:07][Reg.cs] showCardList () ....................... query 1 : select COUNT(*) as count from BADGE b, EMP e, DEPARTMENT d, DIVISION d2 ,BADGE_TYPE_CODE bt where b.EMPID = e.ID and e.DEPARTMENT = d.ID and e.DIVISION = d2.ID and bt.ID = b.TYPE   and e.NAME_1 like '%이미지%'
[15:36:07]========================================================== [Reg.cs] selectionChanged ().........
[15:36:07]========================================================== [Reg.cs] selectionChanged ().........
[15:36:07]============================ depart : 전체
[15:36:07][Reg.cs] showCardList () ....................... query 2 : select  TOP 6 b.description as NAME,  b.SEQ as SEQ,  e.NAME_1 as personName,  b.bid as BID,  b.EMPID as EMPID,  d.DESCRIPTION  as DEPARTMENT,  d2.DESCRIPTION as DIVISION , b.DELETE_FLAG as DELETE_FLAG from BADGE b, EMP e, DEPARTMENT d, DIVISION d2 ,BADGE_TYPE_CODE bt  where b.EMPID = e.ID and e.DEPARTMENT = d.ID and e.DIVISION = d2.ID and bt.ID = b.TYPE   and e.NAME_1 like '%이미지%' order by SEQ desc
[15:36:09][CodeTable.cs] getDepartmentDesc (10019)125
[15:36:09][CodeTable.cs] getBadgeTypeDesc (1) : 직원
[15:36:09][CodeTable.cs] getBadgeStatDesc (0) : ACTIVE
[15:36:09][CodeTable.cs] getBadgeFormatDesc (2) : Standard 12 Digit Badge
[15:36:09]PT : 1
[15:36:09][BM_Reg_001.cs] showRightDetail () RIGHT_1 : -100
[15:36:09][BM_Reg_001.cs] showRightDetail () RIGHT_2 : -100
[15:36:09][BM_Reg_001.cs] showRightDetail () RIGHT_3 : 5
[15:36:09][BM_Reg_001.cs] showRightDetail () RIGHT_4 : -100
[15:36:09][BM_Reg_001.cs] arrTmp1 [0] : -100
[15:36:09][BM_Reg_001.cs] arrTmp2 [0] : -100
[15:36:09][BM_Reg_001.cs] arrTmp3 [0] : 5
[15:36:09][BM_Reg_001.cs] arrTmp4 [0] : -100
[15:36:09][BM_Reg.cs] showSazin () query : select IMAGE from EMP_IMAGE where EMPID = 40053
[15:36:10].............. JJJJJJJJJJJJJJJJJJJJJJJJJJJJJJJJJJJJJJJJJJJJ
[15:37:18]========================================================== [Reg.cs] selectionChanged ().........
[15:37:18][CodeTable.cs] getDepartmentDesc (10019)125
[15:37:19][CodeTable.cs] getBadgeTypeDesc (1) : 직원
[15:37:19][CodeTable.cs] getBadgeStatDesc (2) : RETURNED
[15:37:19][CodeTable.cs] getBadgeFormatDesc (2) : Standard 12 Digit Badge
[15:37:19]PT : 1
[15:37:19][BM_Reg_001.cs] showRightDetail () RIGHT_1 : -100
[15:37:19][BM_Reg_001.cs] showRightDetail () RIGHT_2 : -100
[15:37:19][BM_Reg_001.cs] showRightDetail () RIGHT_3 : 5
[15:37:19][BM_Reg_001.cs] showRightDetail () RIGHT_4 : -100
[15:37:19][BM_Reg_001.cs] arrTmp1 [0] : -100
[15:37:19][BM_Reg_001.cs] arrTmp2 [0] : -100
[15:37:19][BM_Reg_001.cs] arrTmp3 [0] : 5
[15:37:19][BM_Reg_001.cs] arrTmp4 [0] : -100
[15:37:19][BM_Reg.cs] showSazin () query : select IMAGE from EMP_IMAGE where EMPID = 40053
[15:37:19].............. JJJJJJJJJJJJJJJJJJJJJJJJJJJJJJJJJJJJJJJJJJJJ
