[14:53:03]============================ depart : 
[14:53:04][Reg.cs] showCardList () ....................... query 1 : select COUNT(*) as count from BADGE b, EMP e, DEPARTMENT d, DIVISION d2 ,BADGE_TYPE_CODE bt where b.EMPID = e.ID and e.DEPARTMENT = d.ID and e.DIVISION = d2.ID and bt.ID = b.TYPE and b.DELETE_FLAG != 'Y' 
[14:53:04]============================ depart : 
[14:53:05][Reg.cs] showCardList () ....................... query 2 : select  TOP 100 b.description as NAME,  b.SEQ as SEQ,  e.NAME_1 as personName,  b.bid as BID,  b.EMPID as EMPID,  d.DESCRIPTION  as DEPARTMENT,  d2.DESCRIPTION as DIVISION , b.DELETE_FLAG as DELETE_FLAG from BADGE b, EMP e, DEPARTMENT d, DIVISION d2 ,BADGE_TYPE_CODE bt  where b.EMPID = e.ID and e.DEPARTMENT = d.ID and e.DIVISION = d2.ID and bt.ID = b.TYPE and b.DELETE_FLAG != 'Y'  order by SEQ desc
[14:53:07]

................................................... [BM_Reg_001.cs] getCode () deparment code count : 253
[14:53:07]========================================================== [Reg.cs] selectionChanged ().........
[14:53:08][CodeTable.cs] getDepartmentDesc (10133)253
[14:53:08][CodeTable.cs] getBadgeTypeDesc (6) : 협력업체 키카드
[14:53:09][CodeTable.cs] getBadgeStatDesc (0) : 작동
[14:53:09][CodeTable.cs] getBadgeFormatDesc (2) : Standard 12 Digit Badge
[14:53:09]PT : 1
[14:53:09][BM_Reg_001.cs] showRightDetail () RIGHT_1 : -100
[14:53:09][BM_Reg_001.cs] showRightDetail () RIGHT_2 : -100
[14:53:09][BM_Reg_001.cs] showRightDetail () RIGHT_3 : 40
[14:53:09][BM_Reg_001.cs] showRightDetail () RIGHT_4 : -100
[14:53:09][BM_Reg_001.cs] arrTmp1 [0] : -100
[14:53:09][BM_Reg_001.cs] arrTmp2 [0] : -100
[14:53:09][BM_Reg_001.cs] arrTmp3 [0] : 40
[14:53:09][BM_Reg_001.cs] arrTmp4 [0] : -100
[14:53:09][BM_Reg.cs] showSazin () query : select IMAGE from EMP_IMAGE where EMPID = 14754
[14:53:10].............. JJJJJJJJJJJJJJJJJJJJJJJJJJJJJJJJJJJJJJJJJJJJ
[15:07:40]============================ depart : 
[15:07:41][Reg.cs] showCardList () ....................... query 1 : select COUNT(*) as count from BADGE b, EMP e, DEPARTMENT d, DIVISION d2 ,BADGE_TYPE_CODE bt where b.EMPID = e.ID and e.DEPARTMENT = d.ID and e.DIVISION = d2.ID and bt.ID = b.TYPE and b.DELETE_FLAG != 'Y' 
[15:07:41]============================ depart : 
[15:07:41][Reg.cs] showCardList () ....................... query 2 : select  TOP 100 b.description as NAME,  b.SEQ as SEQ,  e.NAME_1 as personName,  b.bid as BID,  b.EMPID as EMPID,  d.DESCRIPTION  as DEPARTMENT,  d2.DESCRIPTION as DIVISION , b.DELETE_FLAG as DELETE_FLAG from BADGE b, EMP e, DEPARTMENT d, DIVISION d2 ,BADGE_TYPE_CODE bt  where b.EMPID = e.ID and e.DEPARTMENT = d.ID and e.DIVISION = d2.ID and bt.ID = b.TYPE and b.DELETE_FLAG != 'Y'  order by SEQ desc
[15:07:44]

................................................... [BM_Reg_001.cs] getCode () deparment code count : 253
[15:07:44]========================================================== [Reg.cs] selectionChanged ().........
[15:07:44][CodeTable.cs] getDepartmentDesc (10133)253
[15:07:45][CodeTable.cs] getBadgeTypeDesc (6) : 협력업체 키카드
[15:07:45][CodeTable.cs] getBadgeStatDesc (0) : 작동
[15:07:45][CodeTable.cs] getBadgeFormatDesc (2) : Standard 12 Digit Badge
[15:07:45]PT : 1
[15:07:46][BM_Reg_001.cs] showRightDetail () RIGHT_1 : -100
[15:07:46][BM_Reg_001.cs] showRightDetail () RIGHT_2 : -100
[15:07:46][BM_Reg_001.cs] showRightDetail () RIGHT_3 : 40
[15:07:46][BM_Reg_001.cs] showRightDetail () RIGHT_4 : -100
[15:07:46][BM_Reg_001.cs] arrTmp1 [0] : -100
[15:07:46][BM_Reg_001.cs] arrTmp2 [0] : -100
[15:07:46][BM_Reg_001.cs] arrTmp3 [0] : 40
[15:07:46][BM_Reg_001.cs] arrTmp4 [0] : -100
[15:07:46][BM_Reg.cs] showSazin () query : select IMAGE from EMP_IMAGE where EMPID = 14754
[15:07:46].............. JJJJJJJJJJJJJJJJJJJJJJJJJJJJJJJJJJJJJJJJJJJJ
[15:10:01]============================ depart : 
[15:10:02][Reg.cs] showCardList () ....................... query 1 : select COUNT(*) as count from BADGE b, EMP e, DEPARTMENT d, DIVISION d2 ,BADGE_TYPE_CODE bt where b.EMPID = e.ID and e.DEPARTMENT = d.ID and e.DIVISION = d2.ID and bt.ID = b.TYPE and b.DELETE_FLAG != 'Y' 
[15:10:02]============================ depart : 
[15:10:02][Reg.cs] showCardList () ....................... query 2 : select  TOP 100 b.description as NAME,  b.SEQ as SEQ,  e.NAME_1 as personName,  b.bid as BID,  b.EMPID as EMPID,  d.DESCRIPTION  as DEPARTMENT,  d2.DESCRIPTION as DIVISION , b.DELETE_FLAG as DELETE_FLAG from BADGE b, EMP e, DEPARTMENT d, DIVISION d2 ,BADGE_TYPE_CODE bt  where b.EMPID = e.ID and e.DEPARTMENT = d.ID and e.DIVISION = d2.ID and bt.ID = b.TYPE and b.DELETE_FLAG != 'Y'  order by SEQ desc
[15:10:05]

................................................... [BM_Reg_001.cs] getCode () deparment code count : 253
[15:10:05]========================================================== [Reg.cs] selectionChanged ().........
[15:10:06][CodeTable.cs] getDepartmentDesc (10133)253
[15:10:06][CodeTable.cs] getBadgeTypeDesc (6) : 협력업체 키카드
[15:10:06][CodeTable.cs] getBadgeStatDesc (0) : 작동
[15:10:06][CodeTable.cs] getBadgeFormatDesc (2) : Standard 12 Digit Badge
[15:10:06]PT : 1
[15:10:07][BM_Reg_001.cs] showRightDetail () RIGHT_1 : -100
[15:10:07][BM_Reg_001.cs] showRightDetail () RIGHT_2 : -100
[15:10:07][BM_Reg_001.cs] showRightDetail () RIGHT_3 : 40
[15:10:07][BM_Reg_001.cs] showRightDetail () RIGHT_4 : -100
[15:10:07][BM_Reg_001.cs] arrTmp1 [0] : -100
[15:10:07][BM_Reg_001.cs] arrTmp2 [0] : -100
[15:10:07][BM_Reg_001.cs] arrTmp3 [0] : 40
[15:10:07][BM_Reg_001.cs] arrTmp4 [0] : -100
[15:10:07][BM_Reg.cs] showSazin () query : select IMAGE from EMP_IMAGE where EMPID = 14754
[15:10:08].............. JJJJJJJJJJJJJJJJJJJJJJJJJJJJJJJJJJJJJJJJJJJJ
[16:53:40]============================ depart : 
[16:53:41][Reg.cs] showCardList () ....................... query 1 : select COUNT(*) as count from BADGE b, EMP e, DEPARTMENT d, DIVISION d2 ,BADGE_TYPE_CODE bt where b.EMPID = e.ID and e.DEPARTMENT = d.ID and e.DIVISION = d2.ID and bt.ID = b.TYPE and b.DELETE_FLAG != 'Y' 
[16:53:41]============================ depart : 
[16:53:41][Reg.cs] showCardList () ....................... query 2 : select  TOP 100 b.description as NAME,  b.SEQ as SEQ,  e.NAME_1 as personName,  b.bid as BID,  b.EMPID as EMPID,  d.DESCRIPTION  as DEPARTMENT,  d2.DESCRIPTION as DIVISION , b.DELETE_FLAG as DELETE_FLAG from BADGE b, EMP e, DEPARTMENT d, DIVISION d2 ,BADGE_TYPE_CODE bt  where b.EMPID = e.ID and e.DEPARTMENT = d.ID and e.DIVISION = d2.ID and bt.ID = b.TYPE and b.DELETE_FLAG != 'Y'  order by SEQ desc
[16:53:44]

................................................... [BM_Reg_001.cs] getCode () deparment code count : 253
[16:53:44]========================================================== [Reg.cs] selectionChanged ().........
[16:53:45][CodeTable.cs] getDepartmentDesc (10133)253
[16:53:46][CodeTable.cs] getBadgeTypeDesc (6) : 협력업체 키카드
[16:53:46][CodeTable.cs] getBadgeStatDesc (0) : 작동
[16:53:46][CodeTable.cs] getBadgeFormatDesc (2) : Standard 12 Digit Badge
[16:53:46]PT : 1
[16:53:46][BM_Reg_001.cs] showRightDetail () RIGHT_1 : -100
[16:53:46][BM_Reg_001.cs] showRightDetail () RIGHT_2 : -100
[16:53:46][BM_Reg_001.cs] showRightDetail () RIGHT_3 : 40
[16:53:46][BM_Reg_001.cs] showRightDetail () RIGHT_4 : -100
[16:53:46][BM_Reg_001.cs] arrTmp1 [0] : -100
[16:53:46][BM_Reg_001.cs] arrTmp2 [0] : -100
[16:53:46][BM_Reg_001.cs] arrTmp3 [0] : 40
[16:53:46][BM_Reg_001.cs] arrTmp4 [0] : -100
[16:53:46][BM_Reg.cs] showSazin () query : select IMAGE from EMP_IMAGE where EMPID = 14754
[16:53:47].............. JJJJJJJJJJJJJJJJJJJJJJJJJJJJJJJJJJJJJJJJJJJJ
[16:54:16]============================ depart : 전체
[16:54:16]============================ depart : 전체
[16:54:17][Reg.cs] showCardList () ....................... query 1 : select COUNT(*) as count from BADGE b, EMP e, DEPARTMENT d, DIVISION d2 ,BADGE_TYPE_CODE bt where b.EMPID = e.ID and e.DEPARTMENT = d.ID and e.DIVISION = d2.ID and bt.ID = b.TYPE   and b.BID = '11237'
[16:54:17]========================================================== [Reg.cs] selectionChanged ().........
[16:54:24]============================ depart : 전체
[16:54:24]============================ depart : 전체
[16:54:24][Reg.cs] showCardList () ....................... query 1 : select COUNT(*) as count from BADGE b, EMP e, DEPARTMENT d, DIVISION d2 ,BADGE_TYPE_CODE bt where b.EMPID = e.ID and e.DEPARTMENT = d.ID and e.DIVISION = d2.ID and bt.ID = b.TYPE   and e.NAME_1 like '%11237%'
[16:54:24]========================================================== [Reg.cs] selectionChanged ().........
[16:54:25]============================ depart : 전체
[16:54:25][Reg.cs] showCardList () ....................... query 2 : select  TOP 1 b.description as NAME,  b.SEQ as SEQ,  e.NAME_1 as personName,  b.bid as BID,  b.EMPID as EMPID,  d.DESCRIPTION  as DEPARTMENT,  d2.DESCRIPTION as DIVISION , b.DELETE_FLAG as DELETE_FLAG from BADGE b, EMP e, DEPARTMENT d, DIVISION d2 ,BADGE_TYPE_CODE bt  where b.EMPID = e.ID and e.DEPARTMENT = d.ID and e.DIVISION = d2.ID and bt.ID = b.TYPE   and e.NAME_1 like '%11237%' order by SEQ desc
[16:54:29][CodeTable.cs] getDepartmentDesc (10185)253
[16:54:29][CodeTable.cs] getBadgeTypeDesc (1) : 직원
[16:54:29][CodeTable.cs] getBadgeStatDesc (3) : INACTIVE
[16:54:29][CodeTable.cs] getBadgeFormatDesc (2) : Standard 12 Digit Badge
[16:54:29]PT : 2
[16:54:30][BM_Reg_001.cs] showRightDetail () RIGHT_1 : 38
[16:54:30][BM_Reg_001.cs] showRightDetail () RIGHT_2 : 10
[16:54:30][BM_Reg_001.cs] showRightDetail () RIGHT_3 : 39
[16:54:30][BM_Reg_001.cs] showRightDetail () RIGHT_4 : -100
[16:54:30][BM_Reg_001.cs] arrTmp1 [0] : 38
[16:54:30][BM_Reg_001.cs] arrTmp2 [0] : 10
[16:54:30][BM_Reg_001.cs] arrTmp3 [0] : 39
[16:54:30][BM_Reg_001.cs] arrTmp4 [0] : -100
[16:54:30][BM_Reg.cs] showSazin () query : select IMAGE from EMP_IMAGE where EMPID = 2968
[16:54:30].............. JJJJJJJJJJJJJJJJJJJJJJJJJJJJJJJJJJJJJJJJJJJJ
[16:54:40]..................JJJJJJJJJJJJJJJJJJJ.................
[16:54:40]......................... PT tmpCheck : 2Checked
[16:54:40]......................... PT du.getPT () : 2
[16:54:40]orgPlantRight[0] = > 38
[16:54:40]orgPlantRight[1] = > 10
[16:54:40]orgPlantRight[2] = > 39
[16:54:40]orgPlantRight[3] = > 
[16:54:40]JJJJJJJJJJJJJJJJJJJJJJJJJ msg : 1. 카드상태 : 3  ▶  0  (작동)

[16:54:40][Parser.cs] parseCard JJJJJJJJ (100=003337784658,1=2968,17=0,26=1,27=1,28=1,29=0)
[16:54:40]............... orgStr : 100=003337784658
[16:54:40]............... orgStr : 1=2968
[16:54:40]............... orgStr : 17=0
[16:54:40]............... orgStr : 26=1
[16:54:40]............... orgStr : 27=1
[16:54:40]............... orgStr : 28=1
[16:54:40]............... orgStr : 29=0
[16:54:40][Parser.cs] parseCard () EMP query : 
[16:54:40][[Parser.cs] parseCard () BADGE query : update BADGE set STATUS_1 = 0, ACS_1 = 1, ACS_2 = 1, ACS_3 = 1, ACS_4 = 0, MODIFY_DATE = GETDATE() where BID = '003337784658'
[16:54:40][Parser.cs] makeSazinQuery () empID : 2968
[16:54:40][[Parser.cs] parseCard () SAZIN query : 
[16:54:40][BM_Reg.cs] clickSave () query : update BADGE set STATUS_1 = 0, ACS_1 = 1, ACS_2 = 1, ACS_3 = 1, ACS_4 = 0, MODIFY_DATE = GETDATE() where BID = '003337784658'
[16:54:40][Request.cs] updateImage (BMS011, 100=003337784658,1=2968,17=0,26=1,27=1,28=1,29=0&update BADGE set STATUS_1 = 0, ACS_1 = 1, ACS_2 = 1, ACS_3 = 1, ACS_4 = 0, MODIFY_DATE = GETDATE() where BID = '003337784658', BMSU)
[16:54:40][Request.cs] updateImage () : ImageByte is NULL
[16:54:40][Request.cs] BEFORE
[16:54:40][Request.cs] AFTER
[16:56:22]========================================================== [Reg.cs] selectionChanged ().........
[16:56:22]========================================================== [Reg.cs] selectionChanged ().........
[16:56:24][CodeTable.cs] getDepartmentDesc (10185)253
[16:56:25][CodeTable.cs] getBadgeTypeDesc (1) : 직원
[16:56:25][CodeTable.cs] getBadgeStatDesc (0) : 작동
[16:56:25][CodeTable.cs] getBadgeFormatDesc (2) : Standard 12 Digit Badge
[16:56:25]PT : 2
[16:56:25][BM_Reg_001.cs] showRightDetail () RIGHT_1 : 38
[16:56:25][BM_Reg_001.cs] showRightDetail () RIGHT_2 : 10
[16:56:25][BM_Reg_001.cs] showRightDetail () RIGHT_3 : 39
[16:56:25][BM_Reg_001.cs] showRightDetail () RIGHT_4 : -100
[16:56:25][BM_Reg_001.cs] arrTmp1 [0] : 38
[16:56:25][BM_Reg_001.cs] arrTmp2 [0] : 10
[16:56:25][BM_Reg_001.cs] arrTmp3 [0] : 39
[16:56:25][BM_Reg_001.cs] arrTmp4 [0] : -100
[16:56:25][BM_Reg.cs] showSazin () query : select IMAGE from EMP_IMAGE where EMPID = 2968
[16:56:26].............. JJJJJJJJJJJJJJJJJJJJJJJJJJJJJJJJJJJJJJJJJJJJ
[16:56:27][BM_Reg_001.cs] showRightDetail () RIGHT_1 : 38
[16:56:27][BM_Reg_001.cs] showRightDetail () RIGHT_2 : 10
[16:56:27][BM_Reg_001.cs] showRightDetail () RIGHT_3 : 39
[16:56:27][BM_Reg_001.cs] showRightDetail () RIGHT_4 : -100
[16:56:27][BM_Reg_001.cs] arrTmp1 [0] : 38
[16:56:27][BM_Reg_001.cs] arrTmp2 [0] : 10
[16:56:27][BM_Reg_001.cs] arrTmp3 [0] : 39
[16:56:27][BM_Reg_001.cs] arrTmp4 [0] : -100
[17:11:38]============================ depart : 
[17:11:38][Reg.cs] showCardList () ....................... query 1 : select COUNT(*) as count from BADGE b, EMP e, DEPARTMENT d, DIVISION d2 ,BADGE_TYPE_CODE bt where b.EMPID = e.ID and e.DEPARTMENT = d.ID and e.DIVISION = d2.ID and bt.ID = b.TYPE and b.DELETE_FLAG != 'Y' 
[17:11:38]============================ depart : 
[17:11:39][Reg.cs] showCardList () ....................... query 2 : select  TOP 100 b.description as NAME,  b.SEQ as SEQ,  e.NAME_1 as personName,  b.bid as BID,  b.EMPID as EMPID,  d.DESCRIPTION  as DEPARTMENT,  d2.DESCRIPTION as DIVISION , b.DELETE_FLAG as DELETE_FLAG from BADGE b, EMP e, DEPARTMENT d, DIVISION d2 ,BADGE_TYPE_CODE bt  where b.EMPID = e.ID and e.DEPARTMENT = d.ID and e.DIVISION = d2.ID and bt.ID = b.TYPE and b.DELETE_FLAG != 'Y'  order by SEQ desc
[17:11:41]

................................................... [BM_Reg_001.cs] getCode () deparment code count : 253
[17:11:41]========================================================== [Reg.cs] selectionChanged ().........
[17:11:42][CodeTable.cs] getDepartmentDesc (10133)253
[17:11:42][CodeTable.cs] getBadgeTypeDesc (6) : 협력업체 키카드
[17:11:42][CodeTable.cs] getBadgeStatDesc (0) : 작동
[17:11:42][CodeTable.cs] getBadgeFormatDesc (2) : Standard 12 Digit Badge
[17:11:43]PT : 1
[17:11:43][BM_Reg_001.cs] showRightDetail () RIGHT_1 : -100
[17:11:43][BM_Reg_001.cs] showRightDetail () RIGHT_2 : -100
[17:11:43][BM_Reg_001.cs] showRightDetail () RIGHT_3 : 40
[17:11:43][BM_Reg_001.cs] showRightDetail () RIGHT_4 : -100
[17:11:43][BM_Reg_001.cs] arrTmp1 [0] : -100
[17:11:43][BM_Reg_001.cs] arrTmp2 [0] : -100
[17:11:43][BM_Reg_001.cs] arrTmp3 [0] : 40
[17:11:43][BM_Reg_001.cs] arrTmp4 [0] : -100
[17:11:43][BM_Reg.cs] showSazin () query : select IMAGE from EMP_IMAGE where EMPID = 14754
[17:11:44].............. JJJJJJJJJJJJJJJJJJJJJJJJJJJJJJJJJJJJJJJJJJJJ
[17:12:03]============================ depart : 전체
[17:12:03]============================ depart : 전체
[17:12:03][Reg.cs] showCardList () ....................... query 1 : select COUNT(*) as count from BADGE b, EMP e, DEPARTMENT d, DIVISION d2 ,BADGE_TYPE_CODE bt where b.EMPID = e.ID and e.DEPARTMENT = d.ID and e.DIVISION = d2.ID and bt.ID = b.TYPE   and b.BID = '003337784658'
[17:12:03]========================================================== [Reg.cs] selectionChanged ().........
[17:12:03]========================================================== [Reg.cs] selectionChanged ().........
[17:12:04]============================ depart : 전체
[17:12:04][Reg.cs] showCardList () ....................... query 2 : select  TOP 1 b.description as NAME,  b.SEQ as SEQ,  e.NAME_1 as personName,  b.bid as BID,  b.EMPID as EMPID,  d.DESCRIPTION  as DEPARTMENT,  d2.DESCRIPTION as DIVISION , b.DELETE_FLAG as DELETE_FLAG from BADGE b, EMP e, DEPARTMENT d, DIVISION d2 ,BADGE_TYPE_CODE bt  where b.EMPID = e.ID and e.DEPARTMENT = d.ID and e.DIVISION = d2.ID and bt.ID = b.TYPE   and b.BID = '003337784658' order by SEQ desc
[17:12:07][CodeTable.cs] getDepartmentDesc (10185)253
[17:12:08][CodeTable.cs] getBadgeTypeDesc (1) : 직원
[17:12:08][CodeTable.cs] getBadgeStatDesc (0) : 작동
[17:12:08][CodeTable.cs] getBadgeFormatDesc (2) : Standard 12 Digit Badge
[17:12:08]PT : 2
[17:12:08][BM_Reg_001.cs] showRightDetail () RIGHT_1 : 38
[17:12:08][BM_Reg_001.cs] showRightDetail () RIGHT_2 : 10
[17:12:08][BM_Reg_001.cs] showRightDetail () RIGHT_3 : 39
[17:12:08][BM_Reg_001.cs] showRightDetail () RIGHT_4 : -100
[17:12:08][BM_Reg_001.cs] arrTmp1 [0] : 38
[17:12:08][BM_Reg_001.cs] arrTmp2 [0] : 10
[17:12:08][BM_Reg_001.cs] arrTmp3 [0] : 39
[17:12:08][BM_Reg_001.cs] arrTmp4 [0] : -100
[17:12:08][BM_Reg.cs] showSazin () query : select IMAGE from EMP_IMAGE where EMPID = 2968
[17:12:09].............. JJJJJJJJJJJJJJJJJJJJJJJJJJJJJJJJJJJJJJJJJJJJ
