[17:37:34]============================ depart : 
[17:37:35][Reg.cs] showCardList () ....................... query 1 : select COUNT(*) as count from BADGE b, EMP e, DEPARTMENT d, DIVISION d2 ,BADGE_TYPE_CODE bt where b.EMPID = e.ID and e.DEPARTMENT = d.ID and e.DIVISION = d2.ID and bt.ID = b.TYPE and b.DELETE_FLAG = 'N' 
[17:37:35]============================ depart : 
[17:37:35][Reg.cs] showCardList () ....................... query 2 : select  TOP 100 b.description as NAME,  b.SEQ as SEQ,  e.NAME_1 as personName,  b.bid as BID,  b.EMPID as EMPID,  d.DESCRIPTION  as DEPARTMENT,  d2.DESCRIPTION as DIVISION  from BADGE b, EMP e, DEPARTMENT d, DIVISION d2 ,BADGE_TYPE_CODE bt  where b.EMPID = e.ID and e.DEPARTMENT = d.ID and e.DIVISION = d2.ID and bt.ID = b.TYPE and b.DELETE_FLAG = 'N'  order by SEQ desc
[17:37:35]---------------------------1
[17:37:35]---------------------------1
[17:37:35]---------------------------1
[17:37:35]---------------------------1
[17:37:35]---------------------------1
[17:37:35]---------------------------1
[17:37:35]---------------------------1
[17:37:35]---------------------------1
[17:37:35]---------------------------1
[17:37:35]---------------------------1
[17:37:35]---------------------------1
[17:37:35]---------------------------1
[17:37:35]---------------------------1
[17:37:35]---------------------------1
[17:37:35]---------------------------1
[17:37:35]---------------------------1
[17:37:35]---------------------------1
[17:37:35]---------------------------1
[17:37:35]---------------------------1
[17:37:35]---------------------------1
[17:37:35]---------------------------1
[17:37:35]---------------------------1
[17:37:35]---------------------------1
[17:37:35]---------------------------1
[17:37:35]---------------------------1
[17:37:35]---------------------------1
[17:37:35]---------------------------1
[17:37:35]---------------------------1
[17:37:35]---------------------------1
[17:37:35]---------------------------1
[17:37:35]---------------------------1
[17:37:35]---------------------------1
[17:37:35]---------------------------1
[17:37:35]---------------------------1
[17:37:35]---------------------------1
[17:37:35]---------------------------1
[17:37:35]---------------------------1
[17:37:35]---------------------------1
[17:37:35]---------------------------1
[17:37:35]---------------------------1
[17:37:35]---------------------------1
[17:37:35]---------------------------1
[17:37:35]---------------------------1
[17:37:35]---------------------------1
[17:37:35]---------------------------1
[17:37:35]---------------------------1
[17:37:35]---------------------------1
[17:37:35]---------------------------1
[17:37:35]---------------------------1
[17:37:35]---------------------------1
[17:37:35]---------------------------1
[17:37:35]---------------------------1
[17:37:35]---------------------------1
[17:37:35]---------------------------1
[17:37:35]---------------------------1
[17:37:35]---------------------------1
[17:37:35]---------------------------1
[17:37:35]---------------------------1
[17:37:35]---------------------------1
[17:37:35]---------------------------1
[17:37:35]---------------------------1
[17:37:35]---------------------------1
[17:37:35]---------------------------1
[17:37:35]---------------------------1
[17:37:35]---------------------------1
[17:37:35]---------------------------1
[17:37:35]---------------------------1
[17:37:35]---------------------------1
[17:37:35]---------------------------1
[17:37:35]---------------------------1
[17:37:35]---------------------------1
[17:37:35]---------------------------1
[17:37:35]---------------------------1
[17:37:35]---------------------------1
[17:37:35]---------------------------1
[17:37:35]---------------------------1
[17:37:35]---------------------------1
[17:37:35]---------------------------1
[17:37:35]---------------------------1
[17:37:35]---------------------------1
[17:37:35]---------------------------1
[17:37:35]---------------------------1
[17:37:35]---------------------------1
[17:37:35]---------------------------1
[17:37:35]---------------------------1
[17:37:35]---------------------------1
[17:37:35]---------------------------1
[17:37:35]---------------------------1
[17:37:35]---------------------------1
[17:37:35]---------------------------1
[17:37:35]---------------------------1
[17:37:35]---------------------------1
[17:37:35]---------------------------1
[17:37:35]---------------------------1
[17:37:35]---------------------------1
[17:37:35]---------------------------1
[17:37:35]---------------------------1
[17:37:35]---------------------------1
[17:37:35]---------------------------1
[17:37:35]---------------------------1
[17:37:37]

................................................... [BM_Reg_001.cs] getCode () deparment code count : 125
[17:37:37]========================================================== [Reg.cs] selectionChanged ().........
[17:37:37][CodeTable.cs] getDepartmentDesc (10000)125
[17:37:37][CodeTable.cs] getBadgeTypeDesc (1) : 직원
[17:37:37][CodeTable.cs] getBadgeStatDesc (0) : ACTIVE
[17:37:37][CodeTable.cs] getBadgeFormatDesc (2) : Standard 12 Digit Badge
[17:37:37]PT : 1
[17:37:38][BM_Reg_001.cs] showRightDetail () RIGHT_1 : 1~2~3
[17:37:38][BM_Reg_001.cs] showRightDetail () RIGHT_2 : -100
[17:37:38][BM_Reg_001.cs] showRightDetail () RIGHT_3 : -100
[17:37:38][BM_Reg_001.cs] showRightDetail () RIGHT_4 : -100
[17:37:38][BM_Reg_001.cs] arrTmp1 [0] : 1
[17:37:38][BM_Reg_001.cs] arrTmp1 [1] : 2
[17:37:38][BM_Reg_001.cs] arrTmp1 [2] : 3
[17:37:38][BM_Reg_001.cs] arrTmp2 [0] : -100
[17:37:38][BM_Reg_001.cs] arrTmp3 [0] : -100
[17:37:38][BM_Reg_001.cs] arrTmp4 [0] : -100
[17:37:38][BM_Reg.cs] showSazin () query : select IMAGE from EMP_IMAGE where EMPID = 40049
[17:37:38].............. JJJJJJJJJJJJJJJJJJJJJJJJJJJJJJJJJJJJJJJJJJJJ
[17:39:02].........................accessID : 4
[17:39:03].........................accessID : 4
[17:39:03].........................accessID : 5
[17:39:05]..................JJJJJJJJJJJJJJJJJJJ.................
[17:39:06].........................accessID : 4
[17:39:06].........................accessID : 5
[17:39:06]========================  ,  check : 0
[17:39:06].........................accessID : 4
[17:39:06].........................accessID : 5
[17:39:06].........................accessID : 4
[17:39:06].........................accessID : 5
[17:39:06].........................accessID : 4
[17:39:06].........................accessID : 5
[17:39:06].........................accessID : 4
[17:39:06].........................accessID : 5
[17:39:06][Parser.cs] parseCard JJJJJJJJ (100=00099914578,1=40049,2=10월15일2,3=20151015,4=1,5=테스트92,6=10000,7=10001,8=10002,9=ㅇㅇ,10=ㅇㅇ,11=ㅇㅇ,0=000901218213,13=10월15일2,14=0,16=1,17=0,18=2,19=1,20=1,21=20151015,22=20160115,23=0,24=0,25=1,26=1,27=0,28=1,29=0,30=0,31=1,1000=4,2000=-100,3000=5,4000=-100)
[17:39:06]............... orgStr : 100=00099914578
[17:39:06]............... orgStr : 1=40049
[17:39:06]............... orgStr : 2=10월15일2
[17:39:06]............... orgStr : 3=20151015
[17:39:06][Parser.cs] getDateTimeDesc (20151015)
[17:39:06]............... orgStr : 4=1
[17:39:06]............... orgStr : 5=테스트92
[17:39:06]............... orgStr : 6=10000
[17:39:06]............... orgStr : 7=10001
[17:39:06]............... orgStr : 8=10002
[17:39:06]............... orgStr : 9=ㅇㅇ
[17:39:06]............... orgStr : 10=ㅇㅇ
[17:39:06]............... orgStr : 11=ㅇㅇ
[17:39:06]............... orgStr : 0=000901218213
[17:39:06]............... orgStr : 13=10월15일2
[17:39:06]............... orgStr : 14=0
[17:39:06]............... orgStr : 16=1
[17:39:06]............... orgStr : 17=0
[17:39:06]............... orgStr : 18=2
[17:39:06]............... orgStr : 19=1
[17:39:06]............... orgStr : 20=1
[17:39:06]............... orgStr : 21=20151015
[17:39:06][Parser.cs] getDateTimeDesc (20151015)
[17:39:06]............... orgStr : 22=20160115
[17:39:06][Parser.cs] getDateTimeDesc (20160115)
[17:39:06]............... orgStr : 23=0
[17:39:06]............... orgStr : 24=0
[17:39:06]........................FpNum : 0
[17:39:06]............... orgStr : 25=1
[17:39:06]............... orgStr : 26=1
[17:39:06]............... orgStr : 27=0
[17:39:06]............... orgStr : 28=1
[17:39:06]............... orgStr : 29=0
[17:39:06]............... orgStr : 30=0
[17:39:06]............... orgStr : 31=1
[17:39:06]............... orgStr : 1000=4
[17:39:06]............... orgStr : 2000=-100
[17:39:06]............... orgStr : 3000=5
[17:39:06]............... orgStr : 4000=-100
[17:39:06][Parser.cs] parseCard () EMP query : insert into EMP  values ((select max(id+1) from EMP)  , '10월15일2', '10월15일2', '10월15일2', '테스트92', 10000,  10001, 10002,  'ㅇㅇ',  'ㅇㅇ',  'ㅇㅇ', getdate(),  CAST('2015-10-15' AS DATETIME),  1,  0,'','','','','','','')
[17:39:06]_du.getByPass()0
[17:39:06]_du.getMdmStatus()0
[17:39:06]_du.getFpNum()0
[17:39:06]_du.getVmStatus() : 1
[17:39:06][[Parser.cs] parseCard () BADGE query : insert into BADGE  values( '000901218213' ,(select MAX(ID) from EMP) ,  '10월15일2',  1,  0,1,1,1,  2,0,  0,  CAST('2015-10-15' AS DATETIME),  CAST('2016-01-15' AS DATETIME) , getdate(),  1,  1,  0,  1,  0,  1,  0,  0, 0, 0, 1, '4',  '-100',  '5',  '-100','',  1),'N'
[17:39:06][Parser.cs] makeSazinQuery () empID : 40049
[17:39:06][Parser.cs] makeSazinQuery ()  Gloval.sazin.Query : insert into  EMP_IMAGE(EMPID,IMAGE) values ( (select max(ID) from EMP) , @Image )
[17:39:06][[Parser.cs] parseCard () SAZIN query : insert into  EMP_IMAGE(EMPID,IMAGE) values ( (select max(ID) from EMP) , @Image )
[17:39:06][BM_Reg.cs] clickSave () query : insert into EMP  values ((select max(id+1) from EMP)  , '10월15일2', '10월15일2', '10월15일2', '테스트92', 10000,  10001, 10002,  'ㅇㅇ',  'ㅇㅇ',  'ㅇㅇ', getdate(),  CAST('2015-10-15' AS DATETIME),  1,  0,'','','','','','','')^insert into BADGE  values( '000901218213' ,(select MAX(ID) from EMP) ,  '10월15일2',  1,  0,1,1,1,  2,0,  0,  CAST('2015-10-15' AS DATETIME),  CAST('2016-01-15' AS DATETIME) , getdate(),  1,  1,  0,  1,  0,  1,  0,  0, 0, 0, 1, '4',  '-100',  '5',  '-100','',  1),'N'^insert into  EMP_IMAGE(EMPID,IMAGE) values ( (select max(ID) from EMP) , @Image )
[17:39:06][Request.cs] updateImage (BMS011, 100=00099914578,1=40049,2=10월15일2,3=20151015,4=1,5=테스트92,6=10000,7=10001,8=10002,9=ㅇㅇ,10=ㅇㅇ,11=ㅇㅇ,0=000901218213,13=10월15일2,14=0,16=1,17=0,18=2,19=1,20=1,21=20151015,22=20160115,23=0,24=0,25=1,26=1,27=0,28=1,29=0,30=0,31=1,1000=4,2000=-100,3000=5,4000=-100&insert into EMP  values ((select max(id+1) from EMP)  , '10월15일2', '10월15일2', '10월15일2', '테스트92', 10000,  10001, 10002,  'ㅇㅇ',  'ㅇㅇ',  'ㅇㅇ', getdate(),  CAST('2015-10-15' AS DATETIME),  1,  0,'','','','','','','')^insert into BADGE  values( '000901218213' ,(select MAX(ID) from EMP) ,  '10월15일2',  1,  0,1,1,1,  2,0,  0,  CAST('2015-10-15' AS DATETIME),  CAST('2016-01-15' AS DATETIME) , getdate(),  1,  1,  0,  1,  0,  1,  0,  0, 0, 0, 1, '4',  '-100',  '5',  '-100','',  1),'N'^insert into  EMP_IMAGE(EMPID,IMAGE) values ( (select max(ID) from EMP) , @Image ), BMSI)
[17:39:06][Request.cs] updateImage () : ImageByte.Length : 3846
[17:39:06][Request.cs] BEFORE
[17:39:06][Request.cs] AFTER
[17:40:58]============================ depart : 
[17:40:59][Reg.cs] showCardList () ....................... query 1 : select COUNT(*) as count from BADGE b, EMP e, DEPARTMENT d, DIVISION d2 ,BADGE_TYPE_CODE bt where b.EMPID = e.ID and e.DEPARTMENT = d.ID and e.DIVISION = d2.ID and bt.ID = b.TYPE and b.DELETE_FLAG = 'N' 
[17:40:59]============================ depart : 
[17:40:59][Reg.cs] showCardList () ....................... query 2 : select  TOP 100 b.description as NAME,  b.SEQ as SEQ,  e.NAME_1 as personName,  b.bid as BID,  b.EMPID as EMPID,  d.DESCRIPTION  as DEPARTMENT,  d2.DESCRIPTION as DIVISION  from BADGE b, EMP e, DEPARTMENT d, DIVISION d2 ,BADGE_TYPE_CODE bt  where b.EMPID = e.ID and e.DEPARTMENT = d.ID and e.DIVISION = d2.ID and bt.ID = b.TYPE and b.DELETE_FLAG = 'N'  order by SEQ desc
[17:40:59]---------------------------1
[17:40:59]---------------------------1
[17:40:59]---------------------------1
[17:40:59]---------------------------1
[17:40:59]---------------------------1
[17:40:59]---------------------------1
[17:40:59]---------------------------1
[17:40:59]---------------------------1
[17:40:59]---------------------------1
[17:40:59]---------------------------1
[17:40:59]---------------------------1
[17:40:59]---------------------------1
[17:40:59]---------------------------1
[17:40:59]---------------------------1
[17:40:59]---------------------------1
[17:40:59]---------------------------1
[17:40:59]---------------------------1
[17:40:59]---------------------------1
[17:40:59]---------------------------1
[17:40:59]---------------------------1
[17:40:59]---------------------------1
[17:40:59]---------------------------1
[17:40:59]---------------------------1
[17:40:59]---------------------------1
[17:40:59]---------------------------1
[17:40:59]---------------------------1
[17:40:59]---------------------------1
[17:40:59]---------------------------1
[17:40:59]---------------------------1
[17:40:59]---------------------------1
[17:40:59]---------------------------1
[17:40:59]---------------------------1
[17:40:59]---------------------------1
[17:40:59]---------------------------1
[17:40:59]---------------------------1
[17:40:59]---------------------------1
[17:40:59]---------------------------1
[17:40:59]---------------------------1
[17:40:59]---------------------------1
[17:40:59]---------------------------1
[17:40:59]---------------------------1
[17:40:59]---------------------------1
[17:40:59]---------------------------1
[17:40:59]---------------------------1
[17:40:59]---------------------------1
[17:40:59]---------------------------1
[17:40:59]---------------------------1
[17:40:59]---------------------------1
[17:40:59]---------------------------1
[17:40:59]---------------------------1
[17:40:59]---------------------------1
[17:40:59]---------------------------1
[17:40:59]---------------------------1
[17:40:59]---------------------------1
[17:40:59]---------------------------1
[17:40:59]---------------------------1
[17:40:59]---------------------------1
[17:40:59]---------------------------1
[17:40:59]---------------------------1
[17:40:59]---------------------------1
[17:40:59]---------------------------1
[17:40:59]---------------------------1
[17:40:59]---------------------------1
[17:40:59]---------------------------1
[17:40:59]---------------------------1
[17:40:59]---------------------------1
[17:40:59]---------------------------1
[17:40:59]---------------------------1
[17:40:59]---------------------------1
[17:40:59]---------------------------1
[17:40:59]---------------------------1
[17:40:59]---------------------------1
[17:40:59]---------------------------1
[17:40:59]---------------------------1
[17:40:59]---------------------------1
[17:40:59]---------------------------1
[17:40:59]---------------------------1
[17:40:59]---------------------------1
[17:40:59]---------------------------1
[17:40:59]---------------------------1
[17:40:59]---------------------------1
[17:40:59]---------------------------1
[17:40:59]---------------------------1
[17:40:59]---------------------------1
[17:40:59]---------------------------1
[17:40:59]---------------------------1
[17:40:59]---------------------------1
[17:40:59]---------------------------1
[17:40:59]---------------------------1
[17:40:59]---------------------------1
[17:40:59]---------------------------1
[17:40:59]---------------------------1
[17:40:59]---------------------------1
[17:40:59]---------------------------1
[17:40:59]---------------------------1
[17:40:59]---------------------------1
[17:40:59]---------------------------1
[17:40:59]---------------------------1
[17:40:59]---------------------------1
[17:40:59]---------------------------1
[17:41:00]

................................................... [BM_Reg_001.cs] getCode () deparment code count : 125
[17:41:00]========================================================== [Reg.cs] selectionChanged ().........
[17:41:01][CodeTable.cs] getDepartmentDesc (10000)125
[17:41:01][CodeTable.cs] getBadgeTypeDesc (1) : 직원
[17:41:01][CodeTable.cs] getBadgeStatDesc (0) : ACTIVE
[17:41:01][CodeTable.cs] getBadgeFormatDesc (2) : Standard 12 Digit Badge
[17:41:01]PT : 1
[17:41:02][BM_Reg_001.cs] showRightDetail () RIGHT_1 : 1~2~3
[17:41:02][BM_Reg_001.cs] showRightDetail () RIGHT_2 : -100
[17:41:02][BM_Reg_001.cs] showRightDetail () RIGHT_3 : -100
[17:41:02][BM_Reg_001.cs] showRightDetail () RIGHT_4 : -100
[17:41:02][BM_Reg_001.cs] arrTmp1 [0] : 1
[17:41:02][BM_Reg_001.cs] arrTmp1 [1] : 2
[17:41:02][BM_Reg_001.cs] arrTmp1 [2] : 3
[17:41:02][BM_Reg_001.cs] arrTmp2 [0] : -100
[17:41:02][BM_Reg_001.cs] arrTmp3 [0] : -100
[17:41:02][BM_Reg_001.cs] arrTmp4 [0] : -100
[17:41:02][BM_Reg.cs] showSazin () query : select IMAGE from EMP_IMAGE where EMPID = 40049
[17:41:02].............. JJJJJJJJJJJJJJJJJJJJJJJJJJJJJJJJJJJJJJJJJJJJ
[17:41:27].........................accessID : 4
[17:41:29].........................accessID : 4
[17:41:29].........................accessID : 4
[17:41:31]..................JJJJJJJJJJJJJJJJJJJ.................
[17:41:32].........................accessID : 4
[17:41:32].........................accessID : 4
[17:41:32]========================  ,  check : 0
[17:41:32].........................accessID : 4
[17:41:32].........................accessID : 4
[17:41:32].........................accessID : 4
[17:41:32].........................accessID : 4
[17:41:32].........................accessID : 4
[17:41:32].........................accessID : 4
[17:41:32].........................accessID : 4
[17:41:32].........................accessID : 4
[17:41:32][Parser.cs] parseCard JJJJJJJJ (100=00099914578,1=40049,2=10월15일3,3=20151015,4=1,5=ㅁㄴㅇ,6=10000,7=10001,8=10002,9=ㅁㄴㅇㅇㅇ,10=ㅇㅇ,11=ㅇㅇ,0=000901218235,13=10월15일3,14=0,16=1,17=0,18=2,19=1,20=1,21=20151015,22=20160115,23=0,24=0,25=1,26=1,27=0,28=1,29=0,30=0,31=1,1000=4,2000=-100,3000=4,4000=-100)
[17:41:32]............... orgStr : 100=00099914578
[17:41:32]............... orgStr : 1=40049
[17:41:32]............... orgStr : 2=10월15일3
[17:41:32]............... orgStr : 3=20151015
[17:41:32][Parser.cs] getDateTimeDesc (20151015)
[17:41:32]............... orgStr : 4=1
[17:41:32]............... orgStr : 5=ㅁㄴㅇ
[17:41:32]............... orgStr : 6=10000
[17:41:32]............... orgStr : 7=10001
[17:41:32]............... orgStr : 8=10002
[17:41:32]............... orgStr : 9=ㅁㄴㅇㅇㅇ
[17:41:32]............... orgStr : 10=ㅇㅇ
[17:41:32]............... orgStr : 11=ㅇㅇ
[17:41:32]............... orgStr : 0=000901218235
[17:41:32]............... orgStr : 13=10월15일3
[17:41:32]............... orgStr : 14=0
[17:41:32]............... orgStr : 16=1
[17:41:32]............... orgStr : 17=0
[17:41:32]............... orgStr : 18=2
[17:41:32]............... orgStr : 19=1
[17:41:32]............... orgStr : 20=1
[17:41:32]............... orgStr : 21=20151015
[17:41:32][Parser.cs] getDateTimeDesc (20151015)
[17:41:32]............... orgStr : 22=20160115
[17:41:32][Parser.cs] getDateTimeDesc (20160115)
[17:41:32]............... orgStr : 23=0
[17:41:32]............... orgStr : 24=0
[17:41:32]........................FpNum : 0
[17:41:32]............... orgStr : 25=1
[17:41:32]............... orgStr : 26=1
[17:41:32]............... orgStr : 27=0
[17:41:32]............... orgStr : 28=1
[17:41:32]............... orgStr : 29=0
[17:41:32]............... orgStr : 30=0
[17:41:32]............... orgStr : 31=1
[17:41:32]............... orgStr : 1000=4
[17:41:32]............... orgStr : 2000=-100
[17:41:32]............... orgStr : 3000=4
[17:41:32]............... orgStr : 4000=-100
[17:41:32][Parser.cs] parseCard () EMP query : insert into EMP  values ((select max(id+1) from EMP)  , '10월15일3', '10월15일3', '10월15일3', 'ㅁㄴㅇ', 10000,  10001, 10002,  'ㅇㅇ',  'ㅁㄴㅇㅇㅇ',  'ㅇㅇ', getdate(),  CAST('2015-10-15' AS DATETIME),  1,  0,'','','','','','','')
[17:41:32]_du.getByPass()0
[17:41:32]_du.getMdmStatus()0
[17:41:32]_du.getFpNum()0
[17:41:32]_du.getVmStatus() : 1
[17:41:32][[Parser.cs] parseCard () BADGE query : insert into BADGE  values( '000901218235' ,(select MAX(ID) from EMP) ,  '10월15일3',  1,  0,1,1,1,  2,0,  0,  CAST('2015-10-15' AS DATETIME),  CAST('2016-01-15' AS DATETIME) , getdate(),  1,  1,  0,  1,  0,  1,  0,  0, 0, 0, 1, '4',  '-100',  '4',  '-100','',  1,'N')
[17:41:32][Parser.cs] makeSazinQuery () empID : 40049
[17:41:32][Parser.cs] makeSazinQuery ()  Gloval.sazin.Query : insert into  EMP_IMAGE(EMPID,IMAGE) values ( (select max(ID) from EMP) , @Image )
[17:41:32][[Parser.cs] parseCard () SAZIN query : insert into  EMP_IMAGE(EMPID,IMAGE) values ( (select max(ID) from EMP) , @Image )
[17:41:32][BM_Reg.cs] clickSave () query : insert into EMP  values ((select max(id+1) from EMP)  , '10월15일3', '10월15일3', '10월15일3', 'ㅁㄴㅇ', 10000,  10001, 10002,  'ㅇㅇ',  'ㅁㄴㅇㅇㅇ',  'ㅇㅇ', getdate(),  CAST('2015-10-15' AS DATETIME),  1,  0,'','','','','','','')^insert into BADGE  values( '000901218235' ,(select MAX(ID) from EMP) ,  '10월15일3',  1,  0,1,1,1,  2,0,  0,  CAST('2015-10-15' AS DATETIME),  CAST('2016-01-15' AS DATETIME) , getdate(),  1,  1,  0,  1,  0,  1,  0,  0, 0, 0, 1, '4',  '-100',  '4',  '-100','',  1,'N')^insert into  EMP_IMAGE(EMPID,IMAGE) values ( (select max(ID) from EMP) , @Image )
[17:41:32][Request.cs] updateImage (BMS011, 100=00099914578,1=40049,2=10월15일3,3=20151015,4=1,5=ㅁㄴㅇ,6=10000,7=10001,8=10002,9=ㅁㄴㅇㅇㅇ,10=ㅇㅇ,11=ㅇㅇ,0=000901218235,13=10월15일3,14=0,16=1,17=0,18=2,19=1,20=1,21=20151015,22=20160115,23=0,24=0,25=1,26=1,27=0,28=1,29=0,30=0,31=1,1000=4,2000=-100,3000=4,4000=-100&insert into EMP  values ((select max(id+1) from EMP)  , '10월15일3', '10월15일3', '10월15일3', 'ㅁㄴㅇ', 10000,  10001, 10002,  'ㅇㅇ',  'ㅁㄴㅇㅇㅇ',  'ㅇㅇ', getdate(),  CAST('2015-10-15' AS DATETIME),  1,  0,'','','','','','','')^insert into BADGE  values( '000901218235' ,(select MAX(ID) from EMP) ,  '10월15일3',  1,  0,1,1,1,  2,0,  0,  CAST('2015-10-15' AS DATETIME),  CAST('2016-01-15' AS DATETIME) , getdate(),  1,  1,  0,  1,  0,  1,  0,  0, 0, 0, 1, '4',  '-100',  '4',  '-100','',  1,'N')^insert into  EMP_IMAGE(EMPID,IMAGE) values ( (select max(ID) from EMP) , @Image ), BMSI)
[17:41:32][Request.cs] updateImage () : ImageByte.Length : 3846
[17:41:32][Request.cs] BEFORE
[17:41:32][Request.cs] AFTER
[17:41:34]========================================================== [Reg.cs] selectionChanged ().........
[17:41:34]========================================================== [Reg.cs] selectionChanged ().........
[17:41:34]---------------------------1
[17:41:34]---------------------------1
[17:41:34]---------------------------1
[17:41:34]---------------------------1
[17:41:34]---------------------------1
[17:41:34]---------------------------1
[17:41:34]---------------------------1
[17:41:34]---------------------------1
[17:41:34]---------------------------1
[17:41:34]---------------------------1
[17:41:34]---------------------------1
[17:41:34]---------------------------1
[17:41:34]---------------------------1
[17:41:34]---------------------------1
[17:41:34]---------------------------1
[17:41:34]---------------------------1
[17:41:34]---------------------------1
[17:41:34]---------------------------1
[17:41:34]---------------------------1
[17:41:34]---------------------------1
[17:41:34]---------------------------1
[17:41:34]---------------------------1
[17:41:34]---------------------------1
[17:41:34]---------------------------1
[17:41:34]---------------------------1
[17:41:34][CodeTable.cs] getDepartmentDesc (10000)125
[17:41:35][CodeTable.cs] getBadgeTypeDesc (1) : 직원
[17:41:35][CodeTable.cs] getBadgeStatDesc (0) : ACTIVE
[17:41:35][CodeTable.cs] getBadgeFormatDesc (2) : Standard 12 Digit Badge
[17:41:35]PT : 1
[17:41:35][BM_Reg_001.cs] showRightDetail () RIGHT_1 : 4
[17:41:35][BM_Reg_001.cs] showRightDetail () RIGHT_2 : -100
[17:41:35][BM_Reg_001.cs] showRightDetail () RIGHT_3 : 4
[17:41:35][BM_Reg_001.cs] showRightDetail () RIGHT_4 : -100
[17:41:35][BM_Reg_001.cs] arrTmp1 [0] : 4
[17:41:35][BM_Reg_001.cs] arrTmp2 [0] : -100
[17:41:35][BM_Reg_001.cs] arrTmp3 [0] : 4
[17:41:35][BM_Reg_001.cs] arrTmp4 [0] : -100
[17:41:35][BM_Reg.cs] showSazin () query : select IMAGE from EMP_IMAGE where EMPID = 40050
[17:41:35].............. JJJJJJJJJJJJJJJJJJJJJJJJJJJJJJJJJJJJJJJJJJJJ
[17:41:37][BM_Reg_001.cs] showRightDetail () RIGHT_1 : 4
[17:41:37][BM_Reg_001.cs] showRightDetail () RIGHT_2 : -100
[17:41:37][BM_Reg_001.cs] showRightDetail () RIGHT_3 : 4
[17:41:37][BM_Reg_001.cs] showRightDetail () RIGHT_4 : -100
[17:41:37][BM_Reg_001.cs] arrTmp1 [0] : 4
[17:41:37][BM_Reg_001.cs] arrTmp2 [0] : -100
[17:41:37][BM_Reg_001.cs] arrTmp3 [0] : 4
[17:41:37][BM_Reg_001.cs] arrTmp4 [0] : -100
[17:41:37].........................accessID : 4
[17:41:37].........................accessID : 4
[17:42:15].........................accessID : 4
[17:42:15].........................accessID : 4
[17:42:17]query : insert into PROCESS_REQUEST values('000901218235','10월15일3','2015-10-15',1,'ㅁㄴㅇ',10000,10001,10002,'ㅁㄴㅇㅇㅇ','ㅇㅇ','ㅇㅇ','10월15일3',0, 1, 0,0 ,0 ,0 ,2, -10 , -10 ,'2015-10-15', '2016-01-15', -10 , 0,0 ,1 ,0 ,0 , -1 , -1 ,0 ,'4' , ' -100', '4' ,'-100',100,100,0,100,100,100,100,'I','000901218235',1)
[17:43:05].........................accessID : 4
[17:43:05].........................accessID : 4
[17:49:24].........................accessID : 3
[17:49:25].........................accessID : 3
[17:49:25].........................accessID : 3
[17:49:32]..................JJJJJJJJJJJJJJJJJJJ.................
[17:49:33].........................accessID : 3
[17:49:33].........................accessID : 3
[17:49:33]========================  ,  check : 0
[17:49:33].........................accessID : 3
[17:49:33].........................accessID : 3
[17:49:33].........................accessID : 3
[17:49:33].........................accessID : 3
[17:49:33].........................accessID : 3
[17:49:33].........................accessID : 3
[17:49:33].........................accessID : 3
[17:49:33].........................accessID : 3
[17:49:33][Parser.cs] parseCard JJJJJJJJ (100=000901218235,1=40050,2=10월15일5,3=20151015,4=1,5=테스트1,6=10000,7=10001,8=10002,9=ㄴㅇ,10=ㄴㅇ,11=ㄴㅇㄴ,0=000901218896,13=10월15일5,14=0,16=1,17=0,18=2,19=1,20=1,21=20151015,22=20160115,23=0,24=0,25=1,26=1,27=0,28=1,29=0,30=0,31=1,1000=3,2000=-100,3000=3,4000=-100)
[17:49:33]............... orgStr : 100=000901218235
[17:49:33]............... orgStr : 1=40050
[17:49:33]............... orgStr : 2=10월15일5
[17:49:33]............... orgStr : 3=20151015
[17:49:33][Parser.cs] getDateTimeDesc (20151015)
[17:49:33]............... orgStr : 4=1
[17:49:33]............... orgStr : 5=테스트1
[17:49:33]............... orgStr : 6=10000
[17:49:33]............... orgStr : 7=10001
[17:49:33]............... orgStr : 8=10002
[17:49:33]............... orgStr : 9=ㄴㅇ
[17:49:33]............... orgStr : 10=ㄴㅇ
[17:49:33]............... orgStr : 11=ㄴㅇㄴ
[17:49:33]............... orgStr : 0=000901218896
[17:49:33]............... orgStr : 13=10월15일5
[17:49:33]............... orgStr : 14=0
[17:49:33]............... orgStr : 16=1
[17:49:33]............... orgStr : 17=0
[17:49:33]............... orgStr : 18=2
[17:49:33]............... orgStr : 19=1
[17:49:33]............... orgStr : 20=1
[17:49:33]............... orgStr : 21=20151015
[17:49:33][Parser.cs] getDateTimeDesc (20151015)
[17:49:33]............... orgStr : 22=20160115
[17:49:33][Parser.cs] getDateTimeDesc (20160115)
[17:49:33]............... orgStr : 23=0
[17:49:33]............... orgStr : 24=0
[17:49:33]........................FpNum : 0
[17:49:33]............... orgStr : 25=1
[17:49:33]............... orgStr : 26=1
[17:49:33]............... orgStr : 27=0
[17:49:33]............... orgStr : 28=1
[17:49:33]............... orgStr : 29=0
[17:49:33]............... orgStr : 30=0
[17:49:33]............... orgStr : 31=1
[17:49:33]............... orgStr : 1000=3
[17:49:33]............... orgStr : 2000=-100
[17:49:33]............... orgStr : 3000=3
[17:49:33]............... orgStr : 4000=-100
[17:49:33][Parser.cs] parseCard () EMP query : insert into EMP  values ((select max(id+1) from EMP)  , '10월15일5', '10월15일5', '10월15일5', '테스트1', 10000,  10001, 10002,  'ㄴㅇ',  'ㄴㅇ',  'ㄴㅇㄴ', getdate(),  CAST('2015-10-15' AS DATETIME),  1,  0,'','','','','','','')
[17:49:33]_du.getByPass()0
[17:49:33]_du.getMdmStatus()0
[17:49:33]_du.getFpNum()0
[17:49:33]_du.getVmStatus() : 1
[17:49:33][[Parser.cs] parseCard () BADGE query : insert into BADGE  values( '000901218896' ,(select MAX(ID) from EMP) ,  '10월15일5',  1,  0,1,1,1,  2,0,  0,  CAST('2015-10-15' AS DATETIME),  CAST('2016-01-15' AS DATETIME) , getdate(),  1,  1,  0,  1,  0,  1,  0,  0, 0, 0, 1, '3',  '-100',  '3',  '-100','',  1,'N')
[17:49:33][Parser.cs] makeSazinQuery () empID : 40050
[17:49:33][Parser.cs] makeSazinQuery ()  Gloval.sazin.Query : insert into  EMP_IMAGE(EMPID,IMAGE) values ( (select max(ID) from EMP) , @Image )
[17:49:33][[Parser.cs] parseCard () SAZIN query : insert into  EMP_IMAGE(EMPID,IMAGE) values ( (select max(ID) from EMP) , @Image )
[17:49:33][BM_Reg.cs] clickSave () query : insert into EMP  values ((select max(id+1) from EMP)  , '10월15일5', '10월15일5', '10월15일5', '테스트1', 10000,  10001, 10002,  'ㄴㅇ',  'ㄴㅇ',  'ㄴㅇㄴ', getdate(),  CAST('2015-10-15' AS DATETIME),  1,  0,'','','','','','','')^insert into BADGE  values( '000901218896' ,(select MAX(ID) from EMP) ,  '10월15일5',  1,  0,1,1,1,  2,0,  0,  CAST('2015-10-15' AS DATETIME),  CAST('2016-01-15' AS DATETIME) , getdate(),  1,  1,  0,  1,  0,  1,  0,  0, 0, 0, 1, '3',  '-100',  '3',  '-100','',  1,'N')^insert into  EMP_IMAGE(EMPID,IMAGE) values ( (select max(ID) from EMP) , @Image )
[17:49:33][Request.cs] updateImage (BMS011, 100=000901218235,1=40050,2=10월15일5,3=20151015,4=1,5=테스트1,6=10000,7=10001,8=10002,9=ㄴㅇ,10=ㄴㅇ,11=ㄴㅇㄴ,0=000901218896,13=10월15일5,14=0,16=1,17=0,18=2,19=1,20=1,21=20151015,22=20160115,23=0,24=0,25=1,26=1,27=0,28=1,29=0,30=0,31=1,1000=3,2000=-100,3000=3,4000=-100&insert into EMP  values ((select max(id+1) from EMP)  , '10월15일5', '10월15일5', '10월15일5', '테스트1', 10000,  10001, 10002,  'ㄴㅇ',  'ㄴㅇ',  'ㄴㅇㄴ', getdate(),  CAST('2015-10-15' AS DATETIME),  1,  0,'','','','','','','')^insert into BADGE  values( '000901218896' ,(select MAX(ID) from EMP) ,  '10월15일5',  1,  0,1,1,1,  2,0,  0,  CAST('2015-10-15' AS DATETIME),  CAST('2016-01-15' AS DATETIME) , getdate(),  1,  1,  0,  1,  0,  1,  0,  0, 0, 0, 1, '3',  '-100',  '3',  '-100','',  1,'N')^insert into  EMP_IMAGE(EMPID,IMAGE) values ( (select max(ID) from EMP) , @Image ), BMSI)
[17:49:33][Request.cs] updateImage () : ImageByte.Length : 3846
[17:49:33][Request.cs] BEFORE
[17:49:33][Request.cs] AFTER
[17:49:34]========================================================== [Reg.cs] selectionChanged ().........
[17:49:34]========================================================== [Reg.cs] selectionChanged ().........
[17:49:34]---------------------------1
[17:49:34]---------------------------1
[17:49:34]---------------------------1
[17:49:34]---------------------------1
[17:49:34]---------------------------1
[17:49:34]---------------------------1
[17:49:34]---------------------------1
[17:49:34]---------------------------1
[17:49:34]---------------------------1
[17:49:34]---------------------------1
[17:49:34]---------------------------1
[17:49:34]---------------------------1
[17:49:34]---------------------------1
[17:49:34]---------------------------1
[17:49:34]---------------------------1
[17:49:34]---------------------------1
[17:49:34]---------------------------1
[17:49:34]---------------------------1
[17:49:34]---------------------------1
[17:49:34]---------------------------1
[17:49:34]---------------------------1
[17:49:34]---------------------------1
[17:49:34]---------------------------1
[17:49:34]---------------------------1
[17:49:34]---------------------------1
[17:49:35][CodeTable.cs] getDepartmentDesc (10000)125
[17:49:35][CodeTable.cs] getBadgeTypeDesc (1) : 직원
[17:49:35][CodeTable.cs] getBadgeStatDesc (0) : ACTIVE
[17:49:35][CodeTable.cs] getBadgeFormatDesc (2) : Standard 12 Digit Badge
[17:49:35]PT : 1
[17:49:35][BM_Reg_001.cs] showRightDetail () RIGHT_1 : 3
[17:49:35][BM_Reg_001.cs] showRightDetail () RIGHT_2 : -100
[17:49:35][BM_Reg_001.cs] showRightDetail () RIGHT_3 : 3
[17:49:35][BM_Reg_001.cs] showRightDetail () RIGHT_4 : -100
[17:49:35][BM_Reg_001.cs] arrTmp1 [0] : 3
[17:49:35][BM_Reg_001.cs] arrTmp2 [0] : -100
[17:49:35][BM_Reg_001.cs] arrTmp3 [0] : 3
[17:49:35][BM_Reg_001.cs] arrTmp4 [0] : -100
[17:49:35][BM_Reg.cs] showSazin () query : select IMAGE from EMP_IMAGE where EMPID = 40051
[17:49:35].............. JJJJJJJJJJJJJJJJJJJJJJJJJJJJJJJJJJJJJJJJJJJJ
[17:49:37][BM_Reg_001.cs] showRightDetail () RIGHT_1 : 3
[17:49:37][BM_Reg_001.cs] showRightDetail () RIGHT_2 : -100
[17:49:37][BM_Reg_001.cs] showRightDetail () RIGHT_3 : 3
[17:49:37][BM_Reg_001.cs] showRightDetail () RIGHT_4 : -100
[17:49:37][BM_Reg_001.cs] arrTmp1 [0] : 3
[17:49:37][BM_Reg_001.cs] arrTmp2 [0] : -100
[17:49:37][BM_Reg_001.cs] arrTmp3 [0] : 3
[17:49:37][BM_Reg_001.cs] arrTmp4 [0] : -100
[17:49:37].........................accessID : 3
[17:49:37].........................accessID : 3
[17:50:09].........................accessID : 3
[17:50:09].........................accessID : 3
