[17:27:50]============================ depart : 
[17:27:51][Reg.cs] showCardList () ....................... query 1 : select COUNT(*) as count from BADGE b, EMP e, DEPARTMENT d, DIVISION d2 ,BADGE_TYPE_CODE bt where b.EMPID = e.ID and e.DEPARTMENT = d.ID and e.DIVISION = d2.ID and bt.ID = b.TYPE and b.DELETE_FLAG = 'N' 
[17:27:51]============================ depart : 
[17:27:51][Reg.cs] showCardList () ....................... query 2 : select  TOP 100 b.description as NAME,  b.SEQ as SEQ,  e.NAME_1 as personName,  b.bid as BID,  b.EMPID as EMPID,  d.DESCRIPTION  as DEPARTMENT,  d2.DESCRIPTION as DIVISION  from BADGE b, EMP e, DEPARTMENT d, DIVISION d2 ,BADGE_TYPE_CODE bt  where b.EMPID = e.ID and e.DEPARTMENT = d.ID and e.DIVISION = d2.ID and bt.ID = b.TYPE and b.DELETE_FLAG = 'N'  order by SEQ desc
[17:27:51]---------------------------1
[17:27:51]---------------------------1
[17:27:51]---------------------------1
[17:27:51]---------------------------1
[17:27:51]---------------------------1
[17:27:51]---------------------------1
[17:27:51]---------------------------1
[17:27:51]---------------------------1
[17:27:51]---------------------------1
[17:27:51]---------------------------1
[17:27:51]---------------------------1
[17:27:51]---------------------------1
[17:27:51]---------------------------1
[17:27:51]---------------------------1
[17:27:51]---------------------------1
[17:27:51]---------------------------1
[17:27:51]---------------------------1
[17:27:51]---------------------------1
[17:27:51]---------------------------1
[17:27:51]---------------------------1
[17:27:51]---------------------------1
[17:27:51]---------------------------1
[17:27:51]---------------------------1
[17:27:51]---------------------------1
[17:27:51]---------------------------1
[17:27:51]---------------------------1
[17:27:51]---------------------------1
[17:27:51]---------------------------1
[17:27:51]---------------------------1
[17:27:51]---------------------------1
[17:27:51]---------------------------1
[17:27:51]---------------------------1
[17:27:51]---------------------------1
[17:27:51]---------------------------1
[17:27:51]---------------------------1
[17:27:51]---------------------------1
[17:27:51]---------------------------1
[17:27:51]---------------------------1
[17:27:51]---------------------------1
[17:27:51]---------------------------1
[17:27:51]---------------------------1
[17:27:51]---------------------------1
[17:27:51]---------------------------1
[17:27:51]---------------------------1
[17:27:51]---------------------------1
[17:27:51]---------------------------1
[17:27:51]---------------------------1
[17:27:51]---------------------------1
[17:27:51]---------------------------1
[17:27:51]---------------------------1
[17:27:51]---------------------------1
[17:27:51]---------------------------1
[17:27:51]---------------------------1
[17:27:51]---------------------------1
[17:27:51]---------------------------1
[17:27:51]---------------------------1
[17:27:51]---------------------------1
[17:27:51]---------------------------1
[17:27:51]---------------------------1
[17:27:51]---------------------------1
[17:27:51]---------------------------1
[17:27:51]---------------------------1
[17:27:51]---------------------------1
[17:27:51]---------------------------1
[17:27:51]---------------------------1
[17:27:51]---------------------------1
[17:27:51]---------------------------1
[17:27:51]---------------------------1
[17:27:51]---------------------------1
[17:27:51]---------------------------1
[17:27:51]---------------------------1
[17:27:51]---------------------------1
[17:27:51]---------------------------1
[17:27:51]---------------------------1
[17:27:51]---------------------------1
[17:27:51]---------------------------1
[17:27:51]---------------------------1
[17:27:51]---------------------------1
[17:27:51]---------------------------1
[17:27:51]---------------------------1
[17:27:51]---------------------------1
[17:27:51]---------------------------1
[17:27:51]---------------------------1
[17:27:51]---------------------------1
[17:27:51]---------------------------1
[17:27:51]---------------------------1
[17:27:51]---------------------------1
[17:27:51]---------------------------1
[17:27:51]---------------------------1
[17:27:51]---------------------------1
[17:27:51]---------------------------1
[17:27:51]---------------------------1
[17:27:51]---------------------------1
[17:27:51]---------------------------1
[17:27:51]---------------------------1
[17:27:51]---------------------------1
[17:27:51]---------------------------1
[17:27:51]---------------------------1
[17:27:51]---------------------------1
[17:27:51]---------------------------1
[17:27:52]

................................................... [BM_Reg_001.cs] getCode () deparment code count : 125
[17:27:52]========================================================== [Reg.cs] selectionChanged ().........
[17:27:53][CodeTable.cs] getDepartmentDesc (10019)125
[17:27:53][CodeTable.cs] getBadgeTypeDesc (1) : 직원
[17:27:53][CodeTable.cs] getBadgeStatDesc (2) : RETURNED
[17:27:53][CodeTable.cs] getBadgeFormatDesc (2) : Standard 12 Digit Badge
[17:27:53]PT : 1
[17:27:53][BM_Reg_001.cs] showRightDetail () RIGHT_1 : -100
[17:27:53][BM_Reg_001.cs] showRightDetail () RIGHT_2 : -100
[17:27:53][BM_Reg_001.cs] showRightDetail () RIGHT_3 : 5
[17:27:53][BM_Reg_001.cs] showRightDetail () RIGHT_4 : -100
[17:27:53][BM_Reg_001.cs] arrTmp1 [0] : -100
[17:27:53][BM_Reg_001.cs] arrTmp2 [0] : -100
[17:27:53][BM_Reg_001.cs] arrTmp3 [0] : 5
[17:27:53][BM_Reg_001.cs] arrTmp4 [0] : -100
[17:27:53][BM_Reg.cs] showSazin () query : select IMAGE from EMP_IMAGE where EMPID = 40053
[17:27:54].............. JJJJJJJJJJJJJJJJJJJJJJJJJJJJJJJJJJJJJJJJJJJJ
[17:29:59]============================ depart : 
[17:29:59][Reg.cs] showCardList () ....................... query 1 : select COUNT(*) as count from BADGE b, EMP e, DEPARTMENT d, DIVISION d2 ,BADGE_TYPE_CODE bt where b.EMPID = e.ID and e.DEPARTMENT = d.ID and e.DIVISION = d2.ID and bt.ID = b.TYPE and b.DELETE_FLAG = 'N' 
[17:29:59]============================ depart : 
[17:30:00][Reg.cs] showCardList () ....................... query 2 : select  TOP 100 b.description as NAME,  b.SEQ as SEQ,  e.NAME_1 as personName,  b.bid as BID,  b.EMPID as EMPID,  d.DESCRIPTION  as DEPARTMENT,  d2.DESCRIPTION as DIVISION  from BADGE b, EMP e, DEPARTMENT d, DIVISION d2 ,BADGE_TYPE_CODE bt  where b.EMPID = e.ID and e.DEPARTMENT = d.ID and e.DIVISION = d2.ID and bt.ID = b.TYPE and b.DELETE_FLAG = 'N'  order by SEQ desc
[17:30:00]---------------------------1
[17:30:00]---------------------------1
[17:30:00]---------------------------1
[17:30:00]---------------------------1
[17:30:00]---------------------------1
[17:30:00]---------------------------1
[17:30:00]---------------------------1
[17:30:00]---------------------------1
[17:30:00]---------------------------1
[17:30:00]---------------------------1
[17:30:00]---------------------------1
[17:30:00]---------------------------1
[17:30:00]---------------------------1
[17:30:00]---------------------------1
[17:30:00]---------------------------1
[17:30:00]---------------------------1
[17:30:00]---------------------------1
[17:30:00]---------------------------1
[17:30:00]---------------------------1
[17:30:00]---------------------------1
[17:30:00]---------------------------1
[17:30:00]---------------------------1
[17:30:00]---------------------------1
[17:30:00]---------------------------1
[17:30:00]---------------------------1
[17:30:00]---------------------------1
[17:30:00]---------------------------1
[17:30:00]---------------------------1
[17:30:00]---------------------------1
[17:30:00]---------------------------1
[17:30:00]---------------------------1
[17:30:00]---------------------------1
[17:30:00]---------------------------1
[17:30:00]---------------------------1
[17:30:00]---------------------------1
[17:30:00]---------------------------1
[17:30:00]---------------------------1
[17:30:00]---------------------------1
[17:30:00]---------------------------1
[17:30:00]---------------------------1
[17:30:00]---------------------------1
[17:30:00]---------------------------1
[17:30:00]---------------------------1
[17:30:00]---------------------------1
[17:30:00]---------------------------1
[17:30:00]---------------------------1
[17:30:00]---------------------------1
[17:30:00]---------------------------1
[17:30:00]---------------------------1
[17:30:00]---------------------------1
[17:30:00]---------------------------1
[17:30:00]---------------------------1
[17:30:00]---------------------------1
[17:30:00]---------------------------1
[17:30:00]---------------------------1
[17:30:00]---------------------------1
[17:30:00]---------------------------1
[17:30:00]---------------------------1
[17:30:00]---------------------------1
[17:30:00]---------------------------1
[17:30:00]---------------------------1
[17:30:00]---------------------------1
[17:30:00]---------------------------1
[17:30:00]---------------------------1
[17:30:00]---------------------------1
[17:30:00]---------------------------1
[17:30:00]---------------------------1
[17:30:00]---------------------------1
[17:30:00]---------------------------1
[17:30:00]---------------------------1
[17:30:00]---------------------------1
[17:30:00]---------------------------1
[17:30:00]---------------------------1
[17:30:00]---------------------------1
[17:30:00]---------------------------1
[17:30:00]---------------------------1
[17:30:00]---------------------------1
[17:30:00]---------------------------1
[17:30:00]---------------------------1
[17:30:00]---------------------------1
[17:30:00]---------------------------1
[17:30:00]---------------------------1
[17:30:00]---------------------------1
[17:30:00]---------------------------1
[17:30:00]---------------------------1
[17:30:00]---------------------------1
[17:30:00]---------------------------1
[17:30:00]---------------------------1
[17:30:00]---------------------------1
[17:30:00]---------------------------1
[17:30:00]---------------------------1
[17:30:00]---------------------------1
[17:30:00]---------------------------1
[17:30:00]---------------------------1
[17:30:00]---------------------------1
[17:30:00]---------------------------1
[17:30:00]---------------------------1
[17:30:00]---------------------------1
[17:30:00]---------------------------1
[17:30:00]---------------------------1
[17:30:01]

................................................... [BM_Reg_001.cs] getCode () deparment code count : 125
[17:30:01]========================================================== [Reg.cs] selectionChanged ().........
[17:30:01][CodeTable.cs] getDepartmentDesc (10019)125
[17:30:02][CodeTable.cs] getBadgeTypeDesc (1) : 직원
[17:30:02][CodeTable.cs] getBadgeStatDesc (2) : RETURNED
[17:30:02][CodeTable.cs] getBadgeFormatDesc (2) : Standard 12 Digit Badge
[17:30:02]PT : 1
[17:30:02][BM_Reg_001.cs] showRightDetail () RIGHT_1 : -100
[17:30:02][BM_Reg_001.cs] showRightDetail () RIGHT_2 : -100
[17:30:02][BM_Reg_001.cs] showRightDetail () RIGHT_3 : 5
[17:30:02][BM_Reg_001.cs] showRightDetail () RIGHT_4 : -100
[17:30:02][BM_Reg_001.cs] arrTmp1 [0] : -100
[17:30:02][BM_Reg_001.cs] arrTmp2 [0] : -100
[17:30:02][BM_Reg_001.cs] arrTmp3 [0] : 5
[17:30:02][BM_Reg_001.cs] arrTmp4 [0] : -100
[17:30:02][BM_Reg.cs] showSazin () query : select IMAGE from EMP_IMAGE where EMPID = 40053
[17:30:02].............. JJJJJJJJJJJJJJJJJJJJJJJJJJJJJJJJJJJJJJJJJJJJ
[17:31:48]============================ depart : 전체
[17:31:48][Reg.cs] showCardList () ....................... query 1 : select COUNT(*) as count from BADGE b, EMP e, DEPARTMENT d, DIVISION d2 ,BADGE_TYPE_CODE bt where b.EMPID = e.ID and e.DEPARTMENT = d.ID and e.DIVISION = d2.ID and bt.ID = b.TYPE and b.DELETE_FLAG = 'N' 
[17:31:48]========================================================== [Reg.cs] selectionChanged ().........
[17:31:48]========================================================== [Reg.cs] selectionChanged ().........
[17:31:48]============================ depart : 전체
[17:31:48][Reg.cs] showCardList () ....................... query 2 : select  TOP 100 b.description as NAME,  b.SEQ as SEQ,  e.NAME_1 as personName,  b.bid as BID,  b.EMPID as EMPID,  d.DESCRIPTION  as DEPARTMENT,  d2.DESCRIPTION as DIVISION  from BADGE b, EMP e, DEPARTMENT d, DIVISION d2 ,BADGE_TYPE_CODE bt  where b.EMPID = e.ID and e.DEPARTMENT = d.ID and e.DIVISION = d2.ID and bt.ID = b.TYPE and b.DELETE_FLAG = 'N'  order by SEQ desc
[17:31:48]---------------------------1
[17:31:48]---------------------------1
[17:31:48]---------------------------1
[17:31:48]---------------------------1
[17:31:48]---------------------------1
[17:31:48]---------------------------1
[17:31:48]---------------------------1
[17:31:48]---------------------------1
[17:31:48]---------------------------1
[17:31:48]---------------------------1
[17:31:48]---------------------------1
[17:31:48]---------------------------1
[17:31:48]---------------------------1
[17:31:48]---------------------------1
[17:31:48]---------------------------1
[17:31:48]---------------------------1
[17:31:48]---------------------------1
[17:31:48]---------------------------1
[17:31:48]---------------------------1
[17:31:48]---------------------------1
[17:31:48]---------------------------1
[17:31:48]---------------------------1
[17:31:48]---------------------------1
[17:31:48]---------------------------1
[17:31:48]---------------------------1
[17:31:48]---------------------------1
[17:31:48]---------------------------1
[17:31:48]---------------------------1
[17:31:48]---------------------------1
[17:31:48]---------------------------1
[17:31:48]---------------------------1
[17:31:48]---------------------------1
[17:31:48]---------------------------1
[17:31:48]---------------------------1
[17:31:48]---------------------------1
[17:31:48]---------------------------1
[17:31:48]---------------------------1
[17:31:48]---------------------------1
[17:31:48]---------------------------1
[17:31:48]---------------------------1
[17:31:48]---------------------------1
[17:31:48]---------------------------1
[17:31:48]---------------------------1
[17:31:48]---------------------------1
[17:31:48]---------------------------1
[17:31:48]---------------------------1
[17:31:48]---------------------------1
[17:31:48]---------------------------1
[17:31:48]---------------------------1
[17:31:48]---------------------------1
[17:31:48]---------------------------1
[17:31:48]---------------------------1
[17:31:48]---------------------------1
[17:31:48]---------------------------1
[17:31:48]---------------------------1
[17:31:48]---------------------------1
[17:31:48]---------------------------1
[17:31:48]---------------------------1
[17:31:48]---------------------------1
[17:31:48]---------------------------1
[17:31:48]---------------------------1
[17:31:48]---------------------------1
[17:31:48]---------------------------1
[17:31:48]---------------------------1
[17:31:48]---------------------------1
[17:31:48]---------------------------1
[17:31:48]---------------------------1
[17:31:48]---------------------------1
[17:31:48]---------------------------1
[17:31:48]---------------------------1
[17:31:48]---------------------------1
[17:31:48]---------------------------1
[17:31:48]---------------------------1
[17:31:48]---------------------------1
[17:31:48]---------------------------1
[17:31:48]---------------------------1
[17:31:48]---------------------------1
[17:31:48]---------------------------1
[17:31:48]---------------------------1
[17:31:48]---------------------------1
[17:31:48]---------------------------1
[17:31:48]---------------------------1
[17:31:48]---------------------------1
[17:31:48]---------------------------1
[17:31:48]---------------------------1
[17:31:48]---------------------------1
[17:31:48]---------------------------1
[17:31:48]---------------------------1
[17:31:48]---------------------------1
[17:31:48]---------------------------1
[17:31:48]---------------------------1
[17:31:48]---------------------------1
[17:31:48]---------------------------1
[17:31:48]---------------------------1
[17:31:48]---------------------------1
[17:31:48]---------------------------1
[17:31:48]---------------------------1
[17:31:48]---------------------------1
[17:31:48]---------------------------1
[17:31:48]---------------------------1
[17:31:50][CodeTable.cs] getDepartmentDesc (10019)125
[17:31:50][CodeTable.cs] getBadgeTypeDesc (1) : 직원
[17:31:50][CodeTable.cs] getBadgeStatDesc (2) : RETURNED
[17:31:50][CodeTable.cs] getBadgeFormatDesc (2) : Standard 12 Digit Badge
[17:31:50]PT : 1
[17:31:51][BM_Reg_001.cs] showRightDetail () RIGHT_1 : -100
[17:31:51][BM_Reg_001.cs] showRightDetail () RIGHT_2 : -100
[17:31:51][BM_Reg_001.cs] showRightDetail () RIGHT_3 : 5
[17:31:51][BM_Reg_001.cs] showRightDetail () RIGHT_4 : -100
[17:31:51][BM_Reg_001.cs] arrTmp1 [0] : -100
[17:31:51][BM_Reg_001.cs] arrTmp2 [0] : -100
[17:31:51][BM_Reg_001.cs] arrTmp3 [0] : 5
[17:31:51][BM_Reg_001.cs] arrTmp4 [0] : -100
[17:31:51][BM_Reg.cs] showSazin () query : select IMAGE from EMP_IMAGE where EMPID = 40053
[17:31:51].............. JJJJJJJJJJJJJJJJJJJJJJJJJJJJJJJJJJJJJJJJJJJJ
