[17:25:34]============================ depart : 
[17:25:34][Reg.cs] showCardList () ....................... query 1 : select COUNT(*) as count from BADGE b, EMP e, DEPARTMENT d, DIVISION d2 ,BADGE_TYPE_CODE bt where b.EMPID = e.ID and e.DEPARTMENT = d.ID and e.DIVISION = d2.ID and bt.ID = b.TYPE and b.DELETE_FLAG = 'N' 
[17:25:34]============================ depart : 
[17:25:35][Reg.cs] showCardList () ....................... query 2 : select  TOP 100 b.description as NAME,  b.SEQ as SEQ,  e.NAME_1 as personName,  b.bid as BID,  b.EMPID as EMPID,  d.DESCRIPTION  as DEPARTMENT,  d2.DESCRIPTION as DIVISION  from BADGE b, EMP e, DEPARTMENT d, DIVISION d2 ,BADGE_TYPE_CODE bt  where b.EMPID = e.ID and e.DEPARTMENT = d.ID and e.DIVISION = d2.ID and bt.ID = b.TYPE and b.DELETE_FLAG = 'N'  order by SEQ desc
[17:25:35]---------------------------1
[17:25:35]---------------------------1
[17:25:35]---------------------------1
[17:25:35]---------------------------1
[17:25:35]---------------------------1
[17:25:35]---------------------------1
[17:25:35]---------------------------1
[17:25:35]---------------------------1
[17:25:35]---------------------------1
[17:25:35]---------------------------1
[17:25:35]---------------------------1
[17:25:35]---------------------------1
[17:25:35]---------------------------1
[17:25:35]---------------------------1
[17:25:35]---------------------------1
[17:25:35]---------------------------1
[17:25:35]---------------------------1
[17:25:35]---------------------------1
[17:25:35]---------------------------1
[17:25:35]---------------------------1
[17:25:35]---------------------------1
[17:25:35]---------------------------1
[17:25:35]---------------------------1
[17:25:35]---------------------------1
[17:25:35]---------------------------1
[17:25:35]---------------------------1
[17:25:35]---------------------------1
[17:25:35]---------------------------1
[17:25:35]---------------------------1
[17:25:35]---------------------------1
[17:25:35]---------------------------1
[17:25:35]---------------------------1
[17:25:35]---------------------------1
[17:25:35]---------------------------1
[17:25:35]---------------------------1
[17:25:35]---------------------------1
[17:25:35]---------------------------1
[17:25:35]---------------------------1
[17:25:35]---------------------------1
[17:25:35]---------------------------1
[17:25:35]---------------------------1
[17:25:35]---------------------------1
[17:25:35]---------------------------1
[17:25:35]---------------------------1
[17:25:35]---------------------------1
[17:25:35]---------------------------1
[17:25:35]---------------------------1
[17:25:35]---------------------------1
[17:25:35]---------------------------1
[17:25:35]---------------------------1
[17:25:35]---------------------------1
[17:25:35]---------------------------1
[17:25:35]---------------------------1
[17:25:35]---------------------------1
[17:25:35]---------------------------1
[17:25:35]---------------------------1
[17:25:35]---------------------------1
[17:25:35]---------------------------1
[17:25:35]---------------------------1
[17:25:35]---------------------------1
[17:25:35]---------------------------1
[17:25:35]---------------------------1
[17:25:35]---------------------------1
[17:25:35]---------------------------1
[17:25:35]---------------------------1
[17:25:35]---------------------------1
[17:25:35]---------------------------1
[17:25:35]---------------------------1
[17:25:35]---------------------------1
[17:25:35]---------------------------1
[17:25:35]---------------------------1
[17:25:35]---------------------------1
[17:25:35]---------------------------1
[17:25:35]---------------------------1
[17:25:35]---------------------------1
[17:25:35]---------------------------1
[17:25:35]---------------------------1
[17:25:35]---------------------------1
[17:25:35]---------------------------1
[17:25:35]---------------------------1
[17:25:35]---------------------------1
[17:25:35]---------------------------1
[17:25:35]---------------------------1
[17:25:35]---------------------------1
[17:25:35]---------------------------1
[17:25:35]---------------------------1
[17:25:35]---------------------------1
[17:25:35]---------------------------1
[17:25:35]---------------------------1
[17:25:35]---------------------------1
[17:25:35]---------------------------1
[17:25:35]---------------------------1
[17:25:35]---------------------------1
[17:25:35]---------------------------1
[17:25:35]---------------------------1
[17:25:35]---------------------------1
[17:25:35]---------------------------1
[17:25:35]---------------------------1
[17:25:35]---------------------------1
[17:25:35]---------------------------1
[17:25:36]

................................................... [BM_Reg_001.cs] getCode () deparment code count : 125
[17:25:36]========================================================== [Reg.cs] selectionChanged ().........
[17:25:36][CodeTable.cs] getDepartmentDesc (10019)125
[17:25:37][CodeTable.cs] getBadgeTypeDesc (1) : 직원
[17:25:37][CodeTable.cs] getBadgeStatDesc (2) : RETURNED
[17:25:37][CodeTable.cs] getBadgeFormatDesc (2) : Standard 12 Digit Badge
[17:25:37]PT : 1
[17:25:37][BM_Reg_001.cs] showRightDetail () RIGHT_1 : -100
[17:25:37][BM_Reg_001.cs] showRightDetail () RIGHT_2 : -100
[17:25:37][BM_Reg_001.cs] showRightDetail () RIGHT_3 : 5
[17:25:37][BM_Reg_001.cs] showRightDetail () RIGHT_4 : -100
[17:25:37][BM_Reg_001.cs] arrTmp1 [0] : -100
[17:25:37][BM_Reg_001.cs] arrTmp2 [0] : -100
[17:25:37][BM_Reg_001.cs] arrTmp3 [0] : 5
[17:25:37][BM_Reg_001.cs] arrTmp4 [0] : -100
[17:25:37][BM_Reg.cs] showSazin () query : select IMAGE from EMP_IMAGE where EMPID = 40053
[17:25:37].............. JJJJJJJJJJJJJJJJJJJJJJJJJJJJJJJJJJJJJJJJJJJJ
[17:25:51]============================ depart : 전체
[17:25:52][Reg.cs] showCardList () ....................... query 1 : select COUNT(*) as count from BADGE b, EMP e, DEPARTMENT d, DIVISION d2 ,BADGE_TYPE_CODE bt where b.EMPID = e.ID and e.DEPARTMENT = d.ID and e.DIVISION = d2.ID and bt.ID = b.TYPE and b.DELETE_FLAG = 'N'  and e.NAME_1 like '%OH%'
[17:25:52]========================================================== [Reg.cs] selectionChanged ().........
[17:25:52]========================================================== [Reg.cs] selectionChanged ().........
[17:25:52]============================ depart : 전체
[17:25:52][Reg.cs] showCardList () ....................... query 2 : select  TOP 2 b.description as NAME,  b.SEQ as SEQ,  e.NAME_1 as personName,  b.bid as BID,  b.EMPID as EMPID,  d.DESCRIPTION  as DEPARTMENT,  d2.DESCRIPTION as DIVISION  from BADGE b, EMP e, DEPARTMENT d, DIVISION d2 ,BADGE_TYPE_CODE bt  where b.EMPID = e.ID and e.DEPARTMENT = d.ID and e.DIVISION = d2.ID and bt.ID = b.TYPE and b.DELETE_FLAG = 'N'  and e.NAME_1 like '%OH%' order by SEQ desc
[17:25:52]---------------------------1
[17:25:52]---------------------------1
[17:25:53][CodeTable.cs] getDepartmentDesc (10026)125
[17:25:54][CodeTable.cs] getBadgeTypeDesc (2) : 방문
[17:25:54][CodeTable.cs] getBadgeStatDesc (1) : LOST
[17:25:54][CodeTable.cs] getBadgeFormatDesc (3) : Standard 6 Digit Badge
[17:26:25]============================ depart : 
[17:26:25][Reg.cs] showCardList () ....................... query 1 : select COUNT(*) as count from BADGE b, EMP e, DEPARTMENT d, DIVISION d2 ,BADGE_TYPE_CODE bt where b.EMPID = e.ID and e.DEPARTMENT = d.ID and e.DIVISION = d2.ID and bt.ID = b.TYPE and b.DELETE_FLAG = 'N' 
[17:26:25]============================ depart : 
[17:26:26][Reg.cs] showCardList () ....................... query 2 : select  TOP 100 b.description as NAME,  b.SEQ as SEQ,  e.NAME_1 as personName,  b.bid as BID,  b.EMPID as EMPID,  d.DESCRIPTION  as DEPARTMENT,  d2.DESCRIPTION as DIVISION  from BADGE b, EMP e, DEPARTMENT d, DIVISION d2 ,BADGE_TYPE_CODE bt  where b.EMPID = e.ID and e.DEPARTMENT = d.ID and e.DIVISION = d2.ID and bt.ID = b.TYPE and b.DELETE_FLAG = 'N'  order by SEQ desc
[17:26:26]---------------------------1
[17:26:26]---------------------------1
[17:26:26]---------------------------1
[17:26:26]---------------------------1
[17:26:26]---------------------------1
[17:26:26]---------------------------1
[17:26:26]---------------------------1
[17:26:26]---------------------------1
[17:26:26]---------------------------1
[17:26:26]---------------------------1
[17:26:26]---------------------------1
[17:26:26]---------------------------1
[17:26:26]---------------------------1
[17:26:26]---------------------------1
[17:26:26]---------------------------1
[17:26:26]---------------------------1
[17:26:26]---------------------------1
[17:26:26]---------------------------1
[17:26:26]---------------------------1
[17:26:26]---------------------------1
[17:26:26]---------------------------1
[17:26:26]---------------------------1
[17:26:26]---------------------------1
[17:26:26]---------------------------1
[17:26:26]---------------------------1
[17:26:26]---------------------------1
[17:26:26]---------------------------1
[17:26:26]---------------------------1
[17:26:26]---------------------------1
[17:26:26]---------------------------1
[17:26:26]---------------------------1
[17:26:26]---------------------------1
[17:26:26]---------------------------1
[17:26:26]---------------------------1
[17:26:26]---------------------------1
[17:26:26]---------------------------1
[17:26:26]---------------------------1
[17:26:26]---------------------------1
[17:26:26]---------------------------1
[17:26:26]---------------------------1
[17:26:26]---------------------------1
[17:26:26]---------------------------1
[17:26:26]---------------------------1
[17:26:26]---------------------------1
[17:26:26]---------------------------1
[17:26:26]---------------------------1
[17:26:26]---------------------------1
[17:26:26]---------------------------1
[17:26:26]---------------------------1
[17:26:26]---------------------------1
[17:26:26]---------------------------1
[17:26:26]---------------------------1
[17:26:26]---------------------------1
[17:26:26]---------------------------1
[17:26:26]---------------------------1
[17:26:26]---------------------------1
[17:26:26]---------------------------1
[17:26:26]---------------------------1
[17:26:26]---------------------------1
[17:26:26]---------------------------1
[17:26:26]---------------------------1
[17:26:26]---------------------------1
[17:26:26]---------------------------1
[17:26:26]---------------------------1
[17:26:26]---------------------------1
[17:26:26]---------------------------1
[17:26:26]---------------------------1
[17:26:26]---------------------------1
[17:26:26]---------------------------1
[17:26:26]---------------------------1
[17:26:26]---------------------------1
[17:26:26]---------------------------1
[17:26:26]---------------------------1
[17:26:26]---------------------------1
[17:26:26]---------------------------1
[17:26:26]---------------------------1
[17:26:26]---------------------------1
[17:26:26]---------------------------1
[17:26:26]---------------------------1
[17:26:26]---------------------------1
[17:26:26]---------------------------1
[17:26:26]---------------------------1
[17:26:26]---------------------------1
[17:26:26]---------------------------1
[17:26:26]---------------------------1
[17:26:26]---------------------------1
[17:26:26]---------------------------1
[17:26:26]---------------------------1
[17:26:26]---------------------------1
[17:26:26]---------------------------1
[17:26:26]---------------------------1
[17:26:26]---------------------------1
[17:26:26]---------------------------1
[17:26:26]---------------------------1
[17:26:26]---------------------------1
[17:26:26]---------------------------1
[17:26:26]---------------------------1
[17:26:26]---------------------------1
[17:26:26]---------------------------1
[17:26:26]---------------------------1
[17:26:27]

................................................... [BM_Reg_001.cs] getCode () deparment code count : 125
[17:26:27]========================================================== [Reg.cs] selectionChanged ().........
[17:26:27][CodeTable.cs] getDepartmentDesc (10019)125
[17:26:28][CodeTable.cs] getBadgeTypeDesc (1) : 직원
[17:26:28][CodeTable.cs] getBadgeStatDesc (2) : RETURNED
[17:26:28][CodeTable.cs] getBadgeFormatDesc (2) : Standard 12 Digit Badge
[17:26:28]PT : 1
[17:26:28][BM_Reg_001.cs] showRightDetail () RIGHT_1 : -100
[17:26:28][BM_Reg_001.cs] showRightDetail () RIGHT_2 : -100
[17:26:28][BM_Reg_001.cs] showRightDetail () RIGHT_3 : 5
[17:26:28][BM_Reg_001.cs] showRightDetail () RIGHT_4 : -100
[17:26:28][BM_Reg_001.cs] arrTmp1 [0] : -100
[17:26:28][BM_Reg_001.cs] arrTmp2 [0] : -100
[17:26:28][BM_Reg_001.cs] arrTmp3 [0] : 5
[17:26:28][BM_Reg_001.cs] arrTmp4 [0] : -100
[17:26:28][BM_Reg.cs] showSazin () query : select IMAGE from EMP_IMAGE where EMPID = 40053
[17:26:30].............. JJJJJJJJJJJJJJJJJJJJJJJJJJJJJJJJJJJJJJJJJJJJ
[17:26:36]============================ depart : 전체
[17:26:36][Reg.cs] showCardList () ....................... query 1 : select COUNT(*) as count from BADGE b, EMP e, DEPARTMENT d, DIVISION d2 ,BADGE_TYPE_CODE bt where b.EMPID = e.ID and e.DEPARTMENT = d.ID and e.DIVISION = d2.ID and bt.ID = b.TYPE and b.DELETE_FLAG = 'N'  and e.NAME_1 like '%OH%'
[17:26:36]========================================================== [Reg.cs] selectionChanged ().........
[17:26:36]========================================================== [Reg.cs] selectionChanged ().........
[17:26:36]============================ depart : 전체
[17:26:36][Reg.cs] showCardList () ....................... query 2 : select  TOP 2 b.description as NAME,  b.SEQ as SEQ,  e.NAME_1 as personName,  b.bid as BID,  b.EMPID as EMPID,  d.DESCRIPTION  as DEPARTMENT,  d2.DESCRIPTION as DIVISION  from BADGE b, EMP e, DEPARTMENT d, DIVISION d2 ,BADGE_TYPE_CODE bt  where b.EMPID = e.ID and e.DEPARTMENT = d.ID and e.DIVISION = d2.ID and bt.ID = b.TYPE and b.DELETE_FLAG = 'N'  and e.NAME_1 like '%OH%' order by SEQ desc
[17:26:36]---------------------------1
[17:26:36]---------------------------1
[17:26:38][CodeTable.cs] getDepartmentDesc (10026)125
[17:26:38][CodeTable.cs] getBadgeTypeDesc (2) : 방문
[17:26:38][CodeTable.cs] getBadgeStatDesc (1) : LOST
[17:26:38][CodeTable.cs] getBadgeFormatDesc (3) : Standard 6 Digit Badge
[17:30:54]============================ depart : 
[17:30:55][Reg.cs] showCardList () ....................... query 1 : select COUNT(*) as count from BADGE b, EMP e, DEPARTMENT d, DIVISION d2 ,BADGE_TYPE_CODE bt where b.EMPID = e.ID and e.DEPARTMENT = d.ID and e.DIVISION = d2.ID and bt.ID = b.TYPE and b.DELETE_FLAG = 'N' 
[17:30:55]============================ depart : 
[17:30:55][Reg.cs] showCardList () ....................... query 2 : select  TOP 100 b.description as NAME,  b.SEQ as SEQ,  e.NAME_1 as personName,  b.bid as BID,  b.EMPID as EMPID,  d.DESCRIPTION  as DEPARTMENT,  d2.DESCRIPTION as DIVISION  from BADGE b, EMP e, DEPARTMENT d, DIVISION d2 ,BADGE_TYPE_CODE bt  where b.EMPID = e.ID and e.DEPARTMENT = d.ID and e.DIVISION = d2.ID and bt.ID = b.TYPE and b.DELETE_FLAG = 'N'  order by SEQ desc
[17:30:55]---------------------------1
[17:30:55]---------------------------1
[17:30:55]---------------------------1
[17:30:55]---------------------------1
[17:30:55]---------------------------1
[17:30:55]---------------------------1
[17:30:55]---------------------------1
[17:30:55]---------------------------1
[17:30:55]---------------------------1
[17:30:55]---------------------------1
[17:30:55]---------------------------1
[17:30:55]---------------------------1
[17:30:55]---------------------------1
[17:30:55]---------------------------1
[17:30:55]---------------------------1
[17:30:55]---------------------------1
[17:30:55]---------------------------1
[17:30:55]---------------------------1
[17:30:55]---------------------------1
[17:30:55]---------------------------1
[17:30:55]---------------------------1
[17:30:55]---------------------------1
[17:30:55]---------------------------1
[17:30:55]---------------------------1
[17:30:55]---------------------------1
[17:30:55]---------------------------1
[17:30:55]---------------------------1
[17:30:55]---------------------------1
[17:30:55]---------------------------1
[17:30:55]---------------------------1
[17:30:55]---------------------------1
[17:30:55]---------------------------1
[17:30:55]---------------------------1
[17:30:55]---------------------------1
[17:30:55]---------------------------1
[17:30:55]---------------------------1
[17:30:55]---------------------------1
[17:30:55]---------------------------1
[17:30:55]---------------------------1
[17:30:55]---------------------------1
[17:30:55]---------------------------1
[17:30:55]---------------------------1
[17:30:55]---------------------------1
[17:30:55]---------------------------1
[17:30:55]---------------------------1
[17:30:55]---------------------------1
[17:30:55]---------------------------1
[17:30:55]---------------------------1
[17:30:55]---------------------------1
[17:30:55]---------------------------1
[17:30:55]---------------------------1
[17:30:55]---------------------------1
[17:30:55]---------------------------1
[17:30:55]---------------------------1
[17:30:55]---------------------------1
[17:30:55]---------------------------1
[17:30:55]---------------------------1
[17:30:55]---------------------------1
[17:30:55]---------------------------1
[17:30:55]---------------------------1
[17:30:55]---------------------------1
[17:30:55]---------------------------1
[17:30:55]---------------------------1
[17:30:55]---------------------------1
[17:30:55]---------------------------1
[17:30:55]---------------------------1
[17:30:55]---------------------------1
[17:30:55]---------------------------1
[17:30:55]---------------------------1
[17:30:55]---------------------------1
[17:30:55]---------------------------1
[17:30:55]---------------------------1
[17:30:55]---------------------------1
[17:30:55]---------------------------1
[17:30:55]---------------------------1
[17:30:55]---------------------------1
[17:30:55]---------------------------1
[17:30:55]---------------------------1
[17:30:55]---------------------------1
[17:30:55]---------------------------1
[17:30:55]---------------------------1
[17:30:55]---------------------------1
[17:30:55]---------------------------1
[17:30:55]---------------------------1
[17:30:55]---------------------------1
[17:30:55]---------------------------1
[17:30:55]---------------------------1
[17:30:55]---------------------------1
[17:30:55]---------------------------1
[17:30:55]---------------------------1
[17:30:55]---------------------------1
[17:30:55]---------------------------1
[17:30:55]---------------------------1
[17:30:55]---------------------------1
[17:30:55]---------------------------1
[17:30:55]---------------------------1
[17:30:55]---------------------------1
[17:30:55]---------------------------1
[17:30:55]---------------------------1
[17:30:55]---------------------------1
[17:30:56]

................................................... [BM_Reg_001.cs] getCode () deparment code count : 125
[17:30:56]========================================================== [Reg.cs] selectionChanged ().........
[17:30:57][CodeTable.cs] getDepartmentDesc (10019)125
[17:30:57][CodeTable.cs] getBadgeTypeDesc (1) : 직원
[17:30:57][CodeTable.cs] getBadgeStatDesc (2) : RETURNED
[17:30:57][CodeTable.cs] getBadgeFormatDesc (2) : Standard 12 Digit Badge
[17:30:57]PT : 1
[17:30:57][BM_Reg_001.cs] showRightDetail () RIGHT_1 : -100
[17:30:57][BM_Reg_001.cs] showRightDetail () RIGHT_2 : -100
[17:30:57][BM_Reg_001.cs] showRightDetail () RIGHT_3 : 5
[17:30:57][BM_Reg_001.cs] showRightDetail () RIGHT_4 : -100
[17:30:57][BM_Reg_001.cs] arrTmp1 [0] : -100
[17:30:57][BM_Reg_001.cs] arrTmp2 [0] : -100
[17:30:57][BM_Reg_001.cs] arrTmp3 [0] : 5
[17:30:57][BM_Reg_001.cs] arrTmp4 [0] : -100
[17:30:57][BM_Reg.cs] showSazin () query : select IMAGE from EMP_IMAGE where EMPID = 40053
[17:30:58].............. JJJJJJJJJJJJJJJJJJJJJJJJJJJJJJJJJJJJJJJJJJJJ
[17:31:13]========================================================== [Reg.cs] selectionChanged ().........
[17:31:14]========================================================== [Reg.cs] selectionChanged ().........
[17:31:14]========================================================== [Reg.cs] selectionChanged ().........
[17:31:15]========================================================== [Reg.cs] selectionChanged ().........
[17:31:15]========================================================== [Reg.cs] selectionChanged ().........
[17:31:16]========================================================== [Reg.cs] selectionChanged ().........
[17:31:20]========================================================== [Reg.cs] selectionChanged ().........
[17:31:21]========================================================== [Reg.cs] selectionChanged ().........
[17:31:21]========================================================== [Reg.cs] selectionChanged ().........
[17:31:22]========================================================== [Reg.cs] selectionChanged ().........
[17:31:22]========================================================== [Reg.cs] selectionChanged ().........
[17:31:24]========================================================== [Reg.cs] selectionChanged ().........
[17:31:24]========================================================== [Reg.cs] selectionChanged ().........
[17:31:45]========================================================== [Reg.cs] selectionChanged ().........
[17:31:46]========================================================== [Reg.cs] selectionChanged ().........
[17:31:47]========================================================== [Reg.cs] selectionChanged ().........
[17:31:47]========================================================== [Reg.cs] selectionChanged ().........
[17:31:47]========================================================== [Reg.cs] selectionChanged ().........
[17:31:48]========================================================== [Reg.cs] selectionChanged ().........
[17:31:52]========================================================== [Reg.cs] selectionChanged ().........
[17:31:53]========================================================== [Reg.cs] selectionChanged ().........
[17:31:54]========================================================== [Reg.cs] selectionChanged ().........
[17:31:54]========================================================== [Reg.cs] selectionChanged ().........
[17:31:56]========================================================== [Reg.cs] selectionChanged ().........
[17:32:13]..................JJJJJJJJJJJJJJJJJJJ.................
[17:32:13][Parser.cs] parseCard JJJJJJJJ (99=000977977895$000789787778$000901218896$000901218235$00099914578$000901218999$000901218222$000901218111$000971504882$000971499986$000971593698,98=40053$40052$40051$40050$40049$40049$40048$40047$40045$40044$40042,22=20250129)
[17:32:13]............... orgStr : 99=000977977895$000789787778$000901218896$000901218235$00099914578$000901218999$000901218222$000901218111$000971504882$000971499986$000971593698
[17:32:13]............... orgStr : 98=40053$40052$40051$40050$40049$40049$40048$40047$40045$40044$40042
[17:32:13]............... orgStr : 22=20250129
[17:32:13][Parser.cs] getDateTimeDesc (20250129)
[17:32:13][Parser.cs] parseCard () EMP query : 
[17:32:13][[Parser.cs] parseCard () BADGE query : update BADGE set DEACTIVATE_DATE = CAST('2025-01-29' AS DATETIME), MODIFY_DATE = GETDATE() where  BID = '000977977895' or  BID = '000789787778' or  BID = '000901218896' or  BID = '000901218235' or  BID = '00099914578' or  BID = '000901218999' or  BID = '000901218222' or  BID = '000901218111' or  BID = '000971504882' or  BID = '000971499986' or BID = '000971593698'
[17:32:13][Parser.cs] makeSazinQuery () empID : 
[17:32:13][[Parser.cs] parseCard () SAZIN query : 
[17:32:13][BM_Reg.cs] clickSave () query : update BADGE set DEACTIVATE_DATE = CAST('2025-01-29' AS DATETIME), MODIFY_DATE = GETDATE() where  BID = '000977977895' or  BID = '000789787778' or  BID = '000901218896' or  BID = '000901218235' or  BID = '00099914578' or  BID = '000901218999' or  BID = '000901218222' or  BID = '000901218111' or  BID = '000971504882' or  BID = '000971499986' or BID = '000971593698'
[17:32:13][Request.cs] updateImage (BMS011, 99=000977977895$000789787778$000901218896$000901218235$00099914578$000901218999$000901218222$000901218111$000971504882$000971499986$000971593698,98=40053$40052$40051$40050$40049$40049$40048$40047$40045$40044$40042,22=20250129&update BADGE set DEACTIVATE_DATE = CAST('2025-01-29' AS DATETIME), MODIFY_DATE = GETDATE() where  BID = '000977977895' or  BID = '000789787778' or  BID = '000901218896' or  BID = '000901218235' or  BID = '00099914578' or  BID = '000901218999' or  BID = '000901218222' or  BID = '000901218111' or  BID = '000971504882' or  BID = '000971499986' or BID = '000971593698', BMMU)
[17:32:13][Request.cs] updateImage () : ImageByte is NULL
[17:32:13][Request.cs] BEFORE
[17:32:13][Request.cs] AFTER
[17:32:15]========================================================== [Reg.cs] selectionChanged ().........
[17:32:15]========================================================== [Reg.cs] selectionChanged ().........
[17:32:15]========================================================== [Reg.cs] selectionChanged ().........
[17:32:15]---------------------------1
[17:32:15]---------------------------1
[17:32:15]---------------------------1
[17:32:15]---------------------------1
[17:32:15]---------------------------1
[17:32:15]---------------------------1
[17:32:15]---------------------------1
[17:32:15]---------------------------1
[17:32:15]---------------------------1
[17:32:15]---------------------------1
[17:32:15]---------------------------1
[17:32:15]---------------------------1
[17:32:15]---------------------------1
[17:32:15]---------------------------1
[17:32:15]---------------------------1
[17:32:15]---------------------------1
[17:32:15]---------------------------1
[17:32:15]---------------------------1
[17:32:15]---------------------------1
[17:32:15]---------------------------1
[17:32:15]---------------------------1
[17:32:15]---------------------------1
[17:32:15]---------------------------1
[17:32:15]---------------------------1
[17:32:15]---------------------------1
[17:32:16][CodeTable.cs] getDepartmentDesc (10000)125
[17:32:16][CodeTable.cs] getBadgeTypeDesc (1) : 직원
[17:32:16][CodeTable.cs] getBadgeStatDesc (2) : RETURNED
[17:32:16][CodeTable.cs] getBadgeFormatDesc (2) : Standard 12 Digit Badge
[17:32:16]PT : 1
[17:32:17][BM_Reg_001.cs] showRightDetail () RIGHT_1 : 4
[17:32:17][BM_Reg_001.cs] showRightDetail () RIGHT_2 : -100
[17:32:17][BM_Reg_001.cs] showRightDetail () RIGHT_3 : 4
[17:32:17][BM_Reg_001.cs] showRightDetail () RIGHT_4 : -100
[17:32:17][BM_Reg_001.cs] arrTmp1 [0] : 4
[17:32:17][BM_Reg_001.cs] arrTmp2 [0] : -100
[17:32:17][BM_Reg_001.cs] arrTmp3 [0] : 4
[17:32:17][BM_Reg_001.cs] arrTmp4 [0] : -100
[17:32:17][BM_Reg.cs] showSazin () query : select IMAGE from EMP_IMAGE where EMPID = 40052
[17:32:17].............. JJJJJJJJJJJJJJJJJJJJJJJJJJJJJJJJJJJJJJJJJJJJ
[17:32:18][BM_Reg_001.cs] showRightDetail () RIGHT_1 : 4
[17:32:18][BM_Reg_001.cs] showRightDetail () RIGHT_2 : -100
[17:32:18][BM_Reg_001.cs] showRightDetail () RIGHT_3 : 4
[17:32:18][BM_Reg_001.cs] showRightDetail () RIGHT_4 : -100
[17:32:18][BM_Reg_001.cs] arrTmp1 [0] : 4
[17:32:18][BM_Reg_001.cs] arrTmp2 [0] : -100
[17:32:18][BM_Reg_001.cs] arrTmp3 [0] : 4
[17:32:18][BM_Reg_001.cs] arrTmp4 [0] : -100
[17:32:18].........................accessID : 4
[17:32:18].........................accessID : 4
[17:32:56]========================================================== [Reg.cs] selectionChanged ().........
[17:32:58]========================================================== [Reg.cs] selectionChanged ().........
[17:32:59]========================================================== [Reg.cs] selectionChanged ().........
[17:32:59]========================================================== [Reg.cs] selectionChanged ().........
[17:32:59]========================================================== [Reg.cs] selectionChanged ().........
[17:33:00]========================================================== [Reg.cs] selectionChanged ().........
[17:33:00]========================================================== [Reg.cs] selectionChanged ().........
[17:33:00]========================================================== [Reg.cs] selectionChanged ().........
[17:33:01]========================================================== [Reg.cs] selectionChanged ().........
[17:33:01]========================================================== [Reg.cs] selectionChanged ().........
[17:33:01]========================================================== [Reg.cs] selectionChanged ().........
[17:33:02]========================================================== [Reg.cs] selectionChanged ().........
[17:33:10]========================================================== [Reg.cs] selectionChanged ().........
[17:33:10]========================================================== [Reg.cs] selectionChanged ().........
[17:33:11]========================================================== [Reg.cs] selectionChanged ().........
[17:33:11]========================================================== [Reg.cs] selectionChanged ().........
[17:33:12]========================================================== [Reg.cs] selectionChanged ().........
[17:33:12]========================================================== [Reg.cs] selectionChanged ().........
[17:33:13]========================================================== [Reg.cs] selectionChanged ().........
[17:33:13]========================================================== [Reg.cs] selectionChanged ().........
[17:33:15]========================================================== [Reg.cs] selectionChanged ().........
[17:33:15]========================================================== [Reg.cs] selectionChanged ().........
[17:33:16]========================================================== [Reg.cs] selectionChanged ().........
[17:33:16]========================================================== [Reg.cs] selectionChanged ().........
[17:33:17]========================================================== [Reg.cs] selectionChanged ().........
[17:33:17]========================================================== [Reg.cs] selectionChanged ().........
[17:33:18]========================================================== [Reg.cs] selectionChanged ().........
[17:33:18]========================================================== [Reg.cs] selectionChanged ().........
[17:33:18]========================================================== [Reg.cs] selectionChanged ().........
[17:33:21]========================================================== [Reg.cs] selectionChanged ().........
[17:33:22]========================================================== [Reg.cs] selectionChanged ().........
[17:33:22]========================================================== [Reg.cs] selectionChanged ().........
[17:33:23]========================================================== [Reg.cs] selectionChanged ().........
[17:33:23]========================================================== [Reg.cs] selectionChanged ().........
[17:33:23]========================================================== [Reg.cs] selectionChanged ().........
[17:33:24]========================================================== [Reg.cs] selectionChanged ().........
[17:33:24]========================================================== [Reg.cs] selectionChanged ().........
[17:33:25]========================================================== [Reg.cs] selectionChanged ().........
[17:33:25]========================================================== [Reg.cs] selectionChanged ().........
[17:33:26]========================================================== [Reg.cs] selectionChanged ().........
[17:33:26]========================================================== [Reg.cs] selectionChanged ().........
[17:33:27]========================================================== [Reg.cs] selectionChanged ().........
[17:33:27]========================================================== [Reg.cs] selectionChanged ().........
[17:33:27]========================================================== [Reg.cs] selectionChanged ().........
[17:33:28]========================================================== [Reg.cs] selectionChanged ().........
[17:33:28]========================================================== [Reg.cs] selectionChanged ().........
[17:33:28]========================================================== [Reg.cs] selectionChanged ().........
[17:33:29]========================================================== [Reg.cs] selectionChanged ().........
[17:33:29]========================================================== [Reg.cs] selectionChanged ().........
[17:33:29]========================================================== [Reg.cs] selectionChanged ().........
[17:33:30]========================================================== [Reg.cs] selectionChanged ().........
[17:33:30]========================================================== [Reg.cs] selectionChanged ().........
[17:33:31]========================================================== [Reg.cs] selectionChanged ().........
[17:33:31]========================================================== [Reg.cs] selectionChanged ().........
[17:33:32]========================================================== [Reg.cs] selectionChanged ().........
[17:33:32]========================================================== [Reg.cs] selectionChanged ().........
[17:33:34]============================ depart : 
[17:33:35][Reg.cs] showCardList () ....................... query 1 : select COUNT(*) as count from BADGE b, EMP e, DEPARTMENT d, DIVISION d2 ,BADGE_TYPE_CODE bt where b.EMPID = e.ID and e.DEPARTMENT = d.ID and e.DIVISION = d2.ID and bt.ID = b.TYPE and b.DELETE_FLAG = 'N' 
[17:33:35]============================ depart : 
[17:33:35][Reg.cs] showCardList () ....................... query 2 : select  TOP 100 b.description as NAME,  b.SEQ as SEQ,  e.NAME_1 as personName,  b.bid as BID,  b.EMPID as EMPID,  d.DESCRIPTION  as DEPARTMENT,  d2.DESCRIPTION as DIVISION  from BADGE b, EMP e, DEPARTMENT d, DIVISION d2 ,BADGE_TYPE_CODE bt  where b.EMPID = e.ID and e.DEPARTMENT = d.ID and e.DIVISION = d2.ID and bt.ID = b.TYPE and b.DELETE_FLAG = 'N'  order by SEQ desc
[17:33:35]---------------------------1
[17:33:35]---------------------------1
[17:33:35]---------------------------1
[17:33:35]---------------------------1
[17:33:35]---------------------------1
[17:33:35]---------------------------1
[17:33:35]---------------------------1
[17:33:35]---------------------------1
[17:33:35]---------------------------1
[17:33:35]---------------------------1
[17:33:35]---------------------------1
[17:33:35]---------------------------1
[17:33:35]---------------------------1
[17:33:35]---------------------------1
[17:33:35]---------------------------1
[17:33:35]---------------------------1
[17:33:35]---------------------------1
[17:33:35]---------------------------1
[17:33:35]---------------------------1
[17:33:35]---------------------------1
[17:33:35]---------------------------1
[17:33:35]---------------------------1
[17:33:35]---------------------------1
[17:33:35]---------------------------1
[17:33:35]---------------------------1
[17:33:35]---------------------------1
[17:33:35]---------------------------1
[17:33:35]---------------------------1
[17:33:35]---------------------------1
[17:33:35]---------------------------1
[17:33:35]---------------------------1
[17:33:35]---------------------------1
[17:33:35]---------------------------1
[17:33:35]---------------------------1
[17:33:35]---------------------------1
[17:33:35]---------------------------1
[17:33:35]---------------------------1
[17:33:35]---------------------------1
[17:33:35]---------------------------1
[17:33:35]---------------------------1
[17:33:35]---------------------------1
[17:33:35]---------------------------1
[17:33:35]---------------------------1
[17:33:35]---------------------------1
[17:33:35]---------------------------1
[17:33:35]---------------------------1
[17:33:35]---------------------------1
[17:33:35]---------------------------1
[17:33:35]---------------------------1
[17:33:35]---------------------------1
[17:33:35]---------------------------1
[17:33:35]---------------------------1
[17:33:35]---------------------------1
[17:33:35]---------------------------1
[17:33:35]---------------------------1
[17:33:35]---------------------------1
[17:33:35]---------------------------1
[17:33:35]---------------------------1
[17:33:35]---------------------------1
[17:33:35]---------------------------1
[17:33:35]---------------------------1
[17:33:35]---------------------------1
[17:33:35]---------------------------1
[17:33:35]---------------------------1
[17:33:35]---------------------------1
[17:33:35]---------------------------1
[17:33:35]---------------------------1
[17:33:35]---------------------------1
[17:33:35]---------------------------1
[17:33:35]---------------------------1
[17:33:35]---------------------------1
[17:33:35]---------------------------1
[17:33:35]---------------------------1
[17:33:35]---------------------------1
[17:33:35]---------------------------1
[17:33:35]---------------------------1
[17:33:35]---------------------------1
[17:33:35]---------------------------1
[17:33:35]---------------------------1
[17:33:35]---------------------------1
[17:33:35]---------------------------1
[17:33:35]---------------------------1
[17:33:35]---------------------------1
[17:33:35]---------------------------1
[17:33:35]---------------------------1
[17:33:35]---------------------------1
[17:33:35]---------------------------1
[17:33:35]---------------------------1
[17:33:35]---------------------------1
[17:33:35]---------------------------1
[17:33:35]---------------------------1
[17:33:35]---------------------------1
[17:33:35]---------------------------1
[17:33:35]---------------------------1
[17:33:35]---------------------------1
[17:33:35]---------------------------1
[17:33:35]---------------------------1
[17:33:35]---------------------------1
[17:33:35]---------------------------1
[17:33:35]---------------------------1
[17:33:36]

................................................... [BM_Reg_001.cs] getCode () deparment code count : 125
[17:33:36]========================================================== [Reg.cs] selectionChanged ().........
[17:33:37][CodeTable.cs] getDepartmentDesc (10019)125
[17:33:37][CodeTable.cs] getBadgeTypeDesc (1) : 직원
[17:33:37][CodeTable.cs] getBadgeStatDesc (2) : RETURNED
[17:33:37][CodeTable.cs] getBadgeFormatDesc (2) : Standard 12 Digit Badge
[17:33:37]PT : 1
[17:33:37][BM_Reg_001.cs] showRightDetail () RIGHT_1 : -100
[17:33:37][BM_Reg_001.cs] showRightDetail () RIGHT_2 : -100
[17:33:37][BM_Reg_001.cs] showRightDetail () RIGHT_3 : 5
[17:33:37][BM_Reg_001.cs] showRightDetail () RIGHT_4 : -100
[17:33:37][BM_Reg_001.cs] arrTmp1 [0] : -100
[17:33:37][BM_Reg_001.cs] arrTmp2 [0] : -100
[17:33:37][BM_Reg_001.cs] arrTmp3 [0] : 5
[17:33:37][BM_Reg_001.cs] arrTmp4 [0] : -100
[17:33:37][BM_Reg.cs] showSazin () query : select IMAGE from EMP_IMAGE where EMPID = 40053
[17:33:38].............. JJJJJJJJJJJJJJJJJJJJJJJJJJJJJJJJJJJJJJJJJJJJ
[17:35:50]============================ depart : 전체
[17:35:50][Reg.cs] showCardList () ....................... query 1 : select COUNT(*) as count from BADGE b, EMP e, DEPARTMENT d, DIVISION d2 ,BADGE_TYPE_CODE bt where b.EMPID = e.ID and e.DEPARTMENT = d.ID and e.DIVISION = d2.ID and bt.ID = b.TYPE and b.DELETE_FLAG = 'N'  and e.NAME_1 like '%OH%'
[17:35:50]========================================================== [Reg.cs] selectionChanged ().........
[17:35:50]========================================================== [Reg.cs] selectionChanged ().........
[17:35:50]============================ depart : 전체
[17:35:51][Reg.cs] showCardList () ....................... query 2 : select  TOP 2 b.description as NAME,  b.SEQ as SEQ,  e.NAME_1 as personName,  b.bid as BID,  b.EMPID as EMPID,  d.DESCRIPTION  as DEPARTMENT,  d2.DESCRIPTION as DIVISION  from BADGE b, EMP e, DEPARTMENT d, DIVISION d2 ,BADGE_TYPE_CODE bt  where b.EMPID = e.ID and e.DEPARTMENT = d.ID and e.DIVISION = d2.ID and bt.ID = b.TYPE and b.DELETE_FLAG = 'N'  and e.NAME_1 like '%OH%' order by SEQ desc
[17:35:51]---------------------------1
[17:35:51]---------------------------1
[17:35:52][CodeTable.cs] getDepartmentDesc (10026)125
[17:35:53][CodeTable.cs] getBadgeTypeDesc (2) : 방문
[17:35:53][CodeTable.cs] getBadgeStatDesc (1) : LOST
[17:35:53][CodeTable.cs] getBadgeFormatDesc (3) : Standard 6 Digit Badge
[17:37:06]============================ depart : 
[17:37:06][Reg.cs] showCardList () ....................... query 1 : select COUNT(*) as count from BADGE b, EMP e, DEPARTMENT d, DIVISION d2 ,BADGE_TYPE_CODE bt where b.EMPID = e.ID and e.DEPARTMENT = d.ID and e.DIVISION = d2.ID and bt.ID = b.TYPE and b.DELETE_FLAG = 'N' 
[17:37:06]============================ depart : 
[17:37:07][Reg.cs] showCardList () ....................... query 2 : select  TOP 100 b.description as NAME,  b.SEQ as SEQ,  e.NAME_1 as personName,  b.bid as BID,  b.EMPID as EMPID,  d.DESCRIPTION  as DEPARTMENT,  d2.DESCRIPTION as DIVISION  from BADGE b, EMP e, DEPARTMENT d, DIVISION d2 ,BADGE_TYPE_CODE bt  where b.EMPID = e.ID and e.DEPARTMENT = d.ID and e.DIVISION = d2.ID and bt.ID = b.TYPE and b.DELETE_FLAG = 'N'  order by SEQ desc
[17:37:07]---------------------------1
[17:37:07]---------------------------1
[17:37:07]---------------------------1
[17:37:07]---------------------------1
[17:37:07]---------------------------1
[17:37:07]---------------------------1
[17:37:07]---------------------------1
[17:37:07]---------------------------1
[17:37:07]---------------------------1
[17:37:07]---------------------------1
[17:37:07]---------------------------1
[17:37:07]---------------------------1
[17:37:07]---------------------------1
[17:37:07]---------------------------1
[17:37:07]---------------------------1
[17:37:07]---------------------------1
[17:37:07]---------------------------1
[17:37:07]---------------------------1
[17:37:07]---------------------------1
[17:37:07]---------------------------1
[17:37:07]---------------------------1
[17:37:07]---------------------------1
[17:37:07]---------------------------1
[17:37:07]---------------------------1
[17:37:07]---------------------------1
[17:37:07]---------------------------1
[17:37:07]---------------------------1
[17:37:07]---------------------------1
[17:37:07]---------------------------1
[17:37:07]---------------------------1
[17:37:07]---------------------------1
[17:37:07]---------------------------1
[17:37:07]---------------------------1
[17:37:07]---------------------------1
[17:37:07]---------------------------1
[17:37:07]---------------------------1
[17:37:07]---------------------------1
[17:37:07]---------------------------1
[17:37:07]---------------------------1
[17:37:07]---------------------------1
[17:37:07]---------------------------1
[17:37:07]---------------------------1
[17:37:07]---------------------------1
[17:37:07]---------------------------1
[17:37:07]---------------------------1
[17:37:07]---------------------------1
[17:37:07]---------------------------1
[17:37:07]---------------------------1
[17:37:07]---------------------------1
[17:37:07]---------------------------1
[17:37:07]---------------------------1
[17:37:07]---------------------------1
[17:37:07]---------------------------1
[17:37:07]---------------------------1
[17:37:07]---------------------------1
[17:37:07]---------------------------1
[17:37:07]---------------------------1
[17:37:07]---------------------------1
[17:37:07]---------------------------1
[17:37:07]---------------------------1
[17:37:07]---------------------------1
[17:37:07]---------------------------1
[17:37:07]---------------------------1
[17:37:07]---------------------------1
[17:37:07]---------------------------1
[17:37:07]---------------------------1
[17:37:07]---------------------------1
[17:37:07]---------------------------1
[17:37:07]---------------------------1
[17:37:07]---------------------------1
[17:37:07]---------------------------1
[17:37:07]---------------------------1
[17:37:07]---------------------------1
[17:37:07]---------------------------1
[17:37:07]---------------------------1
[17:37:07]---------------------------1
[17:37:07]---------------------------1
[17:37:07]---------------------------1
[17:37:07]---------------------------1
[17:37:07]---------------------------1
[17:37:07]---------------------------1
[17:37:07]---------------------------1
[17:37:07]---------------------------1
[17:37:07]---------------------------1
[17:37:07]---------------------------1
[17:37:07]---------------------------1
[17:37:07]---------------------------1
[17:37:07]---------------------------1
[17:37:07]---------------------------1
[17:37:07]---------------------------1
[17:37:07]---------------------------1
[17:37:07]---------------------------1
[17:37:07]---------------------------1
[17:37:07]---------------------------1
[17:37:07]---------------------------1
[17:37:07]---------------------------1
[17:37:07]---------------------------1
[17:37:07]---------------------------1
[17:37:07]---------------------------1
[17:37:07]---------------------------1
[17:37:08]

................................................... [BM_Reg_001.cs] getCode () deparment code count : 125
[17:37:08]========================================================== [Reg.cs] selectionChanged ().........
[17:37:08][CodeTable.cs] getDepartmentDesc (10019)125
[17:37:09][CodeTable.cs] getBadgeTypeDesc (1) : 직원
[17:37:09][CodeTable.cs] getBadgeStatDesc (2) : RETURNED
[17:37:09][CodeTable.cs] getBadgeFormatDesc (2) : Standard 12 Digit Badge
[17:37:09]PT : 1
[17:37:09][BM_Reg_001.cs] showRightDetail () RIGHT_1 : -100
[17:37:09][BM_Reg_001.cs] showRightDetail () RIGHT_2 : -100
[17:37:09][BM_Reg_001.cs] showRightDetail () RIGHT_3 : 5
[17:37:09][BM_Reg_001.cs] showRightDetail () RIGHT_4 : -100
[17:37:09][BM_Reg_001.cs] arrTmp1 [0] : -100
[17:37:09][BM_Reg_001.cs] arrTmp2 [0] : -100
[17:37:09][BM_Reg_001.cs] arrTmp3 [0] : 5
[17:37:09][BM_Reg_001.cs] arrTmp4 [0] : -100
[17:37:09][BM_Reg.cs] showSazin () query : select IMAGE from EMP_IMAGE where EMPID = 40053
[17:37:09].............. JJJJJJJJJJJJJJJJJJJJJJJJJJJJJJJJJJJJJJJJJJJJ
[17:37:21]============================ depart : 전체
[17:37:22][Reg.cs] showCardList () ....................... query 1 : select COUNT(*) as count from BADGE b, EMP e, DEPARTMENT d, DIVISION d2 ,BADGE_TYPE_CODE bt where b.EMPID = e.ID and e.DEPARTMENT = d.ID and e.DIVISION = d2.ID and bt.ID = b.TYPE and b.DELETE_FLAG = 'N'  and e.NAME_1 like '%OH%'
[17:37:22]========================================================== [Reg.cs] selectionChanged ().........
[17:37:22]========================================================== [Reg.cs] selectionChanged ().........
[17:37:22]============================ depart : 전체
[17:37:22][Reg.cs] showCardList () ....................... query 2 : select  TOP 2 b.description as NAME,  b.SEQ as SEQ,  e.NAME_1 as personName,  b.bid as BID,  b.EMPID as EMPID,  d.DESCRIPTION  as DEPARTMENT,  d2.DESCRIPTION as DIVISION  from BADGE b, EMP e, DEPARTMENT d, DIVISION d2 ,BADGE_TYPE_CODE bt  where b.EMPID = e.ID and e.DEPARTMENT = d.ID and e.DIVISION = d2.ID and bt.ID = b.TYPE and b.DELETE_FLAG = 'N'  and e.NAME_1 like '%OH%' order by SEQ desc
[17:37:22]---------------------------1
[17:37:22]---------------------------1
[17:37:23][CodeTable.cs] getDepartmentDesc (10026)125
[17:37:24][CodeTable.cs] getBadgeTypeDesc (2) : 방문
[17:37:24][CodeTable.cs] getBadgeStatDesc (1) : LOST
[17:37:24][CodeTable.cs] getBadgeFormatDesc (3) : Standard 6 Digit Badge
[17:37:24]PT : 
[17:37:24][BM_Reg_001.cs] showRightDetail () RIGHT_1 : 2
[17:37:24][BM_Reg_001.cs] showRightDetail () RIGHT_2 : 4
[17:37:24][BM_Reg_001.cs] showRightDetail () RIGHT_3 : 10
[17:37:24][BM_Reg_001.cs] showRightDetail () RIGHT_4 : 3
[17:37:24][BM_Reg_001.cs] arrTmp1 [0] : 2
[17:37:24][BM_Reg_001.cs] arrTmp2 [0] : 4
[17:37:24][BM_Reg_001.cs] arrTmp3 [0] : 10
[17:37:24][BM_Reg_001.cs] arrTmp4 [0] : 3
[17:37:24][BM_Reg.cs] showSazin () query : select IMAGE from EMP_IMAGE where EMPID = 33683
[17:37:24].............. JJJJJJJJJJJJJJJJJJJJJJJJJJJJJJJJJJJJJJJJJJJJ
[17:37:36]========================================================== [Reg.cs] selectionChanged ().........
[17:37:37]========================================================== [Reg.cs] selectionChanged ().........
[17:37:38]========================================================== [Reg.cs] selectionChanged ().........
[17:37:39]========================================================== [Reg.cs] selectionChanged ().........
[17:37:39]========================================================== [Reg.cs] selectionChanged ().........
[17:37:40]========================================================== [Reg.cs] selectionChanged ().........
[17:37:41]========================================================== [Reg.cs] selectionChanged ().........
[17:37:41]========================================================== [Reg.cs] selectionChanged ().........
[17:37:48]select top 500 SEQ as 순번, case Q_TYPE when 'I' then '신규' when 'U' then '수정' end as 등록유형, OLD_BID as '기존카드번호',  case BID when '-10' then Convert(varchar(16), '기존데이터유지') else BID end as 신규카드번호 , case NAME when '-10' then '기존데이터유지' else NAME end as 이름,  case BRITH when '1800-01-01' then convert(varchar(20),'기존데이터유지') else convert(varchar(10),BRITH,23) end as 생년월일, case gender when 1 then '남자' when 2 then '여자' else '기존데이터유지' end as 성별 ,  case SSNO when '-10' then '기존데이터유지' else  SSNO end as 사번 ,  case DEPARTMENT when -10 then '기존데이터유지' else CONVERT(varchar(12), DEPARTMENT) end as 소속, case DIVISION when -10 then '기존데이터유지' else CONVERT(varchar(12), DIVISION) end as 부서 , case TITLE when -10 then '기존데이터유지' else CONVERT(varchar(12),TITLE) end as 직위 , case EMAIL when '-10' then '기존데이터유지' else EMAIL end as 이메일,  case TEL  when '-10' then '기존데이터유지' else TEL end as 연락처 , case ADDRESS when '-10' then '기존데이터유지' else ADDRESS end as 주소 , case DESCRIPTION when '-10' then '기존데이터유지' else DESCRIPTION end as 카드이름 , PIN  as 비밀번호 , case TYPE when -10 then '기존데이터유지' else CONVERT(varchar(12),TYPE) end as 카드타입, case STATUS_1 when -10 then '기존데이터유지' else CONVERT(varchar(12),STATUS_1) end as 카드상태, case FORMAT when -10 then '기존데이터유지' else CONVERT(varchar(12),FORMAT) end as 카드포멧, case ISSUE_REASON when -10 then '기존데이터유지' else CONVERT(varchar(12),ISSUE_REASON)end  as 발급사유 , case ISSUE_TYPE when -10 then '기존데이터유지' else CONVERT(varchar(12),ISSUE_TYPE) end as 발급유형 , case ACTIVATE_DATE when '1800-01-01' then convert(varchar(20),'기존데이터유지') else CONVERT(CHAR(10), ACTIVATE_DATE, 23) end as 유효시작일,  case DEACTIVATE_DATE when '1800-01-01' then convert(varchar(20),'기존데이터유지') else CONVERT(CHAR(10), DEACTIVATE_DATE, 23) end as 만료일, case BYPASS_FLAG when -10 then '기존데이터유지' when 0 then '항시출입미사용' when 1 then '항시출입' end  as 항시출입여부 , case ACS_1 when 1 then '등록' when 0 then '미등록' else '기존데이터유지' end  as '1발 등록여부' , case ACS_2 when 1 then '등록' when 0 then '미등록' else '기존데이터유지' end  as '2발 등록여부' , case ACS_3 when 1 then '등록' when 0 then '미등록' else '기존데이터유지' end  as '3발 등록여부' , case ACS_5 when 1 then '등록' when 0 then '미등록' else '기존데이터유지' end  as 'MDM 등록여부' , case FP_1 when 0 then '등록' when -1 then '미등록' else '기존데이터유지' end as '지문등록여부' ,  case VM when 1 then '등록' when 0 then '미등록' else '기존데이터유지' end as Vm등록여부 , case RIGHT_1 when '-10' then '기존데이터유지' else RIGHT_1 end as '1발권한' ,  case RIGHT_2 when '-10' then '기존데이터유지' else RIGHT_2 end as '2발권한' ,  case RIGHT_3 when '-10' then '기존데이터유지' else RIGHT_3 end as '3발권한' ,  case ACS1_RESULT when 100 then '등록완료' when 0 then '미처리' else '처리오류' end as '1발처리결과', case ACS2_RESULT when 100 then '등록완료' when 0 then '미처리' else '처리오류' end as '2발처리결과', case ACS3_RESULT when 100 then '등록완료' when 0 then '미처리' else '처리오류' end as '3발처리결과', case FP1_RESULT when 100 then '등록완료' when 0 then '미처리' else '처리오류' end as '지문처리결과', case VM_RESULT when 100 then '등록완료' when 0 then '미처리' else '처리오류' end as 'VM처리결과', case PT when 1 then '상시출입증' when 2 then '일시출입증'else '기존데이터유지' end as 'VM 카드타입' from PROCESS_REQUEST where  NAME like '%%' and (BID like '%%' or OLD_BID like '%%') or  DEACTIVATE_DATE <= '2015-10-29' order by SEQ
