[09:07:41]============================ depart : 
[09:07:41][Reg.cs] showCardList () ....................... query 1 : select COUNT(*) as count from BADGE b, EMP e, DEPARTMENT d, DIVISION d2 ,BADGE_TYPE_CODE bt where b.EMPID = e.ID and e.DEPARTMENT = d.ID and e.DIVISION = d2.ID and bt.ID = b.TYPE and b.DELETE_FLAG = 'N' 
[09:07:41]============================ depart : 
[09:07:42][Reg.cs] showCardList () ....................... query 2 : select  TOP 100 b.description as NAME,  b.SEQ as SEQ,  e.NAME_1 as personName,  b.bid as BID,  b.EMPID as EMPID,  d.DESCRIPTION  as DEPARTMENT,  d2.DESCRIPTION as DIVISION  from BADGE b, EMP e, DEPARTMENT d, DIVISION d2 ,BADGE_TYPE_CODE bt  where b.EMPID = e.ID and e.DEPARTMENT = d.ID and e.DIVISION = d2.ID and bt.ID = b.TYPE and b.DELETE_FLAG = 'N'  order by SEQ desc
[09:07:42]---------------------------1
[09:07:42]---------------------------1
[09:07:42]---------------------------1
[09:07:42]---------------------------1
[09:07:42]---------------------------1
[09:07:42]---------------------------1
[09:07:42]---------------------------1
[09:07:42]---------------------------1
[09:07:42]---------------------------1
[09:07:42]---------------------------1
[09:07:42]---------------------------1
[09:07:42]---------------------------1
[09:07:42]---------------------------1
[09:07:42]---------------------------1
[09:07:42]---------------------------1
[09:07:42]---------------------------1
[09:07:42]---------------------------1
[09:07:42]---------------------------1
[09:07:42]---------------------------1
[09:07:42]---------------------------1
[09:07:42]---------------------------1
[09:07:42]---------------------------1
[09:07:42]---------------------------1
[09:07:42]---------------------------1
[09:07:42]---------------------------1
[09:07:42]---------------------------1
[09:07:42]---------------------------1
[09:07:42]---------------------------1
[09:07:42]---------------------------1
[09:07:42]---------------------------1
[09:07:42]---------------------------1
[09:07:42]---------------------------1
[09:07:42]---------------------------1
[09:07:42]---------------------------1
[09:07:42]---------------------------1
[09:07:42]---------------------------1
[09:07:42]---------------------------1
[09:07:42]---------------------------1
[09:07:42]---------------------------1
[09:07:42]---------------------------1
[09:07:42]---------------------------1
[09:07:42]---------------------------1
[09:07:42]---------------------------1
[09:07:42]---------------------------1
[09:07:42]---------------------------1
[09:07:42]---------------------------1
[09:07:42]---------------------------1
[09:07:42]---------------------------1
[09:07:42]---------------------------1
[09:07:42]---------------------------1
[09:07:42]---------------------------1
[09:07:42]---------------------------1
[09:07:42]---------------------------1
[09:07:42]---------------------------1
[09:07:42]---------------------------1
[09:07:42]---------------------------1
[09:07:42]---------------------------1
[09:07:42]---------------------------1
[09:07:42]---------------------------1
[09:07:42]---------------------------1
[09:07:42]---------------------------1
[09:07:42]---------------------------1
[09:07:42]---------------------------1
[09:07:42]---------------------------1
[09:07:42]---------------------------1
[09:07:42]---------------------------1
[09:07:42]---------------------------1
[09:07:42]---------------------------1
[09:07:42]---------------------------1
[09:07:42]---------------------------1
[09:07:42]---------------------------1
[09:07:42]---------------------------1
[09:07:42]---------------------------1
[09:07:42]---------------------------1
[09:07:42]---------------------------1
[09:07:42]---------------------------1
[09:07:42]---------------------------1
[09:07:42]---------------------------1
[09:07:42]---------------------------1
[09:07:42]---------------------------1
[09:07:42]---------------------------1
[09:07:42]---------------------------1
[09:07:42]---------------------------1
[09:07:42]---------------------------1
[09:07:42]---------------------------1
[09:07:42]---------------------------1
[09:07:42]---------------------------1
[09:07:42]---------------------------1
[09:07:42]---------------------------1
[09:07:42]---------------------------1
[09:07:42]---------------------------1
[09:07:42]---------------------------1
[09:07:42]---------------------------1
[09:07:42]---------------------------1
[09:07:42]---------------------------1
[09:07:42]---------------------------1
[09:07:42]---------------------------1
[09:07:42]---------------------------1
[09:07:42]---------------------------1
[09:07:42]---------------------------1
[09:07:43]

................................................... [BM_Reg_001.cs] getCode () deparment code count : 226
[09:07:43]========================================================== [Reg.cs] selectionChanged ().........
[09:07:43][CodeTable.cs] getDepartmentDesc (10211)226
[09:07:43][CodeTable.cs] getBadgeTypeDesc (1) : 직원
[09:07:43][CodeTable.cs] getBadgeStatDesc (0) : 작동
[09:07:43][CodeTable.cs] getBadgeFormatDesc (2) : Standard 12 Digit Badge
[09:07:43]PT : 1
[09:07:44][BM_Reg_001.cs] showRightDetail () RIGHT_1 : -100
[09:07:44][BM_Reg_001.cs] showRightDetail () RIGHT_2 : -100
[09:07:44][BM_Reg_001.cs] showRightDetail () RIGHT_3 : 43
[09:07:44][BM_Reg_001.cs] showRightDetail () RIGHT_4 : -100
[09:07:44][BM_Reg_001.cs] arrTmp1 [0] : -100
[09:07:44][BM_Reg_001.cs] arrTmp2 [0] : -100
[09:07:44][BM_Reg_001.cs] arrTmp3 [0] : 43
[09:07:44][BM_Reg_001.cs] arrTmp4 [0] : -100
[09:07:44][BM_Reg.cs] showSazin () query : select IMAGE from EMP_IMAGE where EMPID = 13378
[09:07:44].............. JJJJJJJJJJJJJJJJJJJJJJJJJJJJJJJJJJJJJJJJJJJJ
[09:07:46]========================================================== [Reg.cs] selectionChanged ().........
[09:07:46][CodeTable.cs] getDepartmentDesc (10211)226
[09:07:46][CodeTable.cs] getBadgeTypeDesc (2) : 방문
[09:07:46][CodeTable.cs] getBadgeStatDesc (0) : 작동
[09:07:46][CodeTable.cs] getBadgeFormatDesc (2) : Standard 12 Digit Badge
[09:07:46]PT : 1
[09:07:47][BM_Reg_001.cs] showRightDetail () RIGHT_1 : -100
[09:07:47][BM_Reg_001.cs] showRightDetail () RIGHT_2 : -100
[09:07:47][BM_Reg_001.cs] showRightDetail () RIGHT_3 : -100
[09:07:47][BM_Reg_001.cs] showRightDetail () RIGHT_4 : -100
[09:07:47][BM_Reg_001.cs] arrTmp1 [0] : -100
[09:07:47][BM_Reg_001.cs] arrTmp2 [0] : -100
[09:07:47][BM_Reg_001.cs] arrTmp3 [0] : -100
[09:07:47][BM_Reg_001.cs] arrTmp4 [0] : -100
[09:07:47][BM_Reg.cs] showSazin () query : select IMAGE from EMP_IMAGE where EMPID = 13920
[09:07:47].............. JJJJJJJJJJJJJJJJJJJJJJJJJJJJJJJJJJJJJJJJJJJJ
[09:08:01]..................JJJJJJJJJJJJJJJJJJJ.................
[09:08:01]......................... PT tmpCheck : 1Unchecked
[09:08:01]......................... PT du.getPT () : 1
[09:08:01]JJJJJJJJJJJJJJJJJJJJJJJJJ msg : 1. 생년월일 : 19901004  ▶  19901218

[09:08:01][Parser.cs] parseCard JJJJJJJJ (100=000901218222,1=13920,3=19901218)
[09:08:01]............... orgStr : 100=000901218222
[09:08:01]............... orgStr : 1=13920
[09:08:01]............... orgStr : 3=19901218
[09:08:01][Parser.cs] getDateTimeDesc (19901218)
[09:08:01][Parser.cs] parseCard () EMP query : update EMP set BIRTH_DATE = CAST('1990-12-18' AS DATETIME), MODIFY_DATE = GETDATE() where ID = 13920
[09:08:01][[Parser.cs] parseCard () BADGE query : 
[09:08:01][Parser.cs] makeSazinQuery () empID : 13920
[09:08:01][[Parser.cs] parseCard () SAZIN query : 
[09:08:01][BM_Reg.cs] clickSave () query : update EMP set BIRTH_DATE = CAST('1990-12-18' AS DATETIME), MODIFY_DATE = GETDATE() where ID = 13920
[09:08:01][Request.cs] updateImage (BMS011, 100=000901218222,1=13920,3=19901218&update EMP set BIRTH_DATE = CAST('1990-12-18' AS DATETIME), MODIFY_DATE = GETDATE() where ID = 13920, BMSU)
[09:08:01][Request.cs] updateImage () : ImageByte is NULL
[09:08:01][Request.cs] BEFORE
[09:08:01][Request.cs] AFTER
[09:08:03]========================================================== [Reg.cs] selectionChanged ().........
[09:08:03][CodeTable.cs] getDepartmentDesc (10211)226
[09:08:04][CodeTable.cs] getBadgeTypeDesc (2) : 방문
[09:08:04][CodeTable.cs] getBadgeStatDesc (0) : 작동
[09:08:04][CodeTable.cs] getBadgeFormatDesc (2) : Standard 12 Digit Badge
[09:08:04]PT : 1
[09:08:04][BM_Reg_001.cs] showRightDetail () RIGHT_1 : -100
[09:08:04][BM_Reg_001.cs] showRightDetail () RIGHT_2 : -100
[09:08:04][BM_Reg_001.cs] showRightDetail () RIGHT_3 : -100
[09:08:04][BM_Reg_001.cs] showRightDetail () RIGHT_4 : -100
[09:08:04][BM_Reg_001.cs] arrTmp1 [0] : -100
[09:08:04][BM_Reg_001.cs] arrTmp2 [0] : -100
[09:08:04][BM_Reg_001.cs] arrTmp3 [0] : -100
[09:08:04][BM_Reg_001.cs] arrTmp4 [0] : -100
[09:08:04][BM_Reg.cs] showSazin () query : select IMAGE from EMP_IMAGE where EMPID = 13920
[09:08:04].............. JJJJJJJJJJJJJJJJJJJJJJJJJJJJJJJJJJJJJJJJJJJJ
[09:08:04]========================================================== [Reg.cs] selectionChanged ().........
[09:08:04]========================================================== [Reg.cs] selectionChanged ().........
[09:08:04]---------------------------1
[09:08:04]---------------------------1
[09:08:04]---------------------------1
[09:08:04]---------------------------1
[09:08:04]---------------------------1
[09:08:04]---------------------------1
[09:08:04]---------------------------1
[09:08:04]---------------------------1
[09:08:04]---------------------------1
[09:08:04]---------------------------1
[09:08:04]---------------------------1
[09:08:04]---------------------------1
[09:08:04]---------------------------1
[09:08:04]---------------------------1
[09:08:04]---------------------------1
[09:08:04]---------------------------1
[09:08:04]---------------------------1
[09:08:04]---------------------------1
[09:08:04]---------------------------1
[09:08:04]---------------------------1
[09:08:04]---------------------------1
[09:08:04]---------------------------1
[09:08:04]---------------------------1
[09:08:04]---------------------------1
[09:08:04]---------------------------1
[09:08:05][CodeTable.cs] getDepartmentDesc (10211)226
[09:08:05][CodeTable.cs] getBadgeTypeDesc (1) : 직원
[09:08:05][CodeTable.cs] getBadgeStatDesc (0) : 작동
[09:08:05][CodeTable.cs] getBadgeFormatDesc (2) : Standard 12 Digit Badge
[09:08:05]PT : 1
[09:08:05][BM_Reg_001.cs] showRightDetail () RIGHT_1 : 43
[09:08:05][BM_Reg_001.cs] showRightDetail () RIGHT_2 : 8~9~10~11~12
[09:08:05][BM_Reg_001.cs] showRightDetail () RIGHT_3 : 44
[09:08:05][BM_Reg_001.cs] showRightDetail () RIGHT_4 : -100
[09:08:05][BM_Reg_001.cs] arrTmp1 [0] : 43
[09:08:05][BM_Reg_001.cs] arrTmp2 [0] : 8
[09:08:05][BM_Reg_001.cs] arrTmp2 [1] : 9
[09:08:05][BM_Reg_001.cs] arrTmp2 [2] : 10
[09:08:05][BM_Reg_001.cs] arrTmp2 [3] : 11
[09:08:05][BM_Reg_001.cs] arrTmp2 [4] : 12
[09:08:05][BM_Reg_001.cs] arrTmp3 [0] : 44
[09:08:05][BM_Reg_001.cs] arrTmp4 [0] : -100
[09:08:05][BM_Reg.cs] showSazin () query : select IMAGE from EMP_IMAGE where EMPID = 3833
[09:08:06].............. JJJJJJJJJJJJJJJJJJJJJJJJJJJJJJJJJJJJJJJJJJJJ
[09:08:09][BM_Reg_001.cs] showRightDetail () RIGHT_1 : 43
[09:08:09][BM_Reg_001.cs] showRightDetail () RIGHT_2 : 8~9~10~11~12
[09:08:09][BM_Reg_001.cs] showRightDetail () RIGHT_3 : 44
[09:08:09][BM_Reg_001.cs] showRightDetail () RIGHT_4 : -100
[09:08:09][BM_Reg_001.cs] arrTmp1 [0] : 43
[09:08:09][BM_Reg_001.cs] arrTmp2 [0] : 8
[09:08:09][BM_Reg_001.cs] arrTmp2 [1] : 9
[09:08:09][BM_Reg_001.cs] arrTmp2 [2] : 10
[09:08:09][BM_Reg_001.cs] arrTmp2 [3] : 11
[09:08:09][BM_Reg_001.cs] arrTmp2 [4] : 12
[09:08:09][BM_Reg_001.cs] arrTmp3 [0] : 44
[09:08:09][BM_Reg_001.cs] arrTmp4 [0] : -100
[09:08:09].........................accessID : 43
[09:08:09].........................accessID : 8
[09:08:09].........................accessID : 9
[09:08:09].........................accessID : 10
[09:08:09].........................accessID : 11
[09:08:09].........................accessID : 12
[09:08:09].........................accessID : 44
[09:08:22]========================================================== [Reg.cs] selectionChanged ().........
[09:08:23][CodeTable.cs] getDepartmentDesc (10211)226
[09:08:23][CodeTable.cs] getBadgeTypeDesc (2) : 방문
[09:08:23][CodeTable.cs] getBadgeStatDesc (0) : 작동
[09:08:23][CodeTable.cs] getBadgeFormatDesc (2) : Standard 12 Digit Badge
[09:08:23]PT : 1
[09:08:23][BM_Reg_001.cs] showRightDetail () RIGHT_1 : -100
[09:08:23][BM_Reg_001.cs] showRightDetail () RIGHT_2 : -100
[09:08:23][BM_Reg_001.cs] showRightDetail () RIGHT_3 : -100
[09:08:23][BM_Reg_001.cs] showRightDetail () RIGHT_4 : -100
[09:08:23][BM_Reg_001.cs] arrTmp1 [0] : -100
[09:08:23][BM_Reg_001.cs] arrTmp2 [0] : -100
[09:08:23][BM_Reg_001.cs] arrTmp3 [0] : -100
[09:08:23][BM_Reg_001.cs] arrTmp4 [0] : -100
[09:08:23][BM_Reg.cs] showSazin () query : select IMAGE from EMP_IMAGE where EMPID = 13920
[09:08:24].............. JJJJJJJJJJJJJJJJJJJJJJJJJJJJJJJJJJJJJJJJJJJJ
[09:09:27]============================ depart : 
[09:09:28][Reg.cs] showCardList () ....................... query 1 : select COUNT(*) as count from BADGE b, EMP e, DEPARTMENT d, DIVISION d2 ,BADGE_TYPE_CODE bt where b.EMPID = e.ID and e.DEPARTMENT = d.ID and e.DIVISION = d2.ID and bt.ID = b.TYPE and b.DELETE_FLAG = 'N' 
[09:09:28]============================ depart : 
[09:09:28][Reg.cs] showCardList () ....................... query 2 : select  TOP 100 b.description as NAME,  b.SEQ as SEQ,  e.NAME_1 as personName,  b.bid as BID,  b.EMPID as EMPID,  d.DESCRIPTION  as DEPARTMENT,  d2.DESCRIPTION as DIVISION  from BADGE b, EMP e, DEPARTMENT d, DIVISION d2 ,BADGE_TYPE_CODE bt  where b.EMPID = e.ID and e.DEPARTMENT = d.ID and e.DIVISION = d2.ID and bt.ID = b.TYPE and b.DELETE_FLAG = 'N'  order by SEQ desc
[09:09:28]---------------------------1
[09:09:28]---------------------------1
[09:09:28]---------------------------1
[09:09:28]---------------------------1
[09:09:28]---------------------------1
[09:09:28]---------------------------1
[09:09:28]---------------------------1
[09:09:28]---------------------------1
[09:09:28]---------------------------1
[09:09:28]---------------------------1
[09:09:28]---------------------------1
[09:09:28]---------------------------1
[09:09:28]---------------------------1
[09:09:28]---------------------------1
[09:09:28]---------------------------1
[09:09:28]---------------------------1
[09:09:28]---------------------------1
[09:09:28]---------------------------1
[09:09:28]---------------------------1
[09:09:28]---------------------------1
[09:09:28]---------------------------1
[09:09:28]---------------------------1
[09:09:28]---------------------------1
[09:09:28]---------------------------1
[09:09:28]---------------------------1
[09:09:28]---------------------------1
[09:09:28]---------------------------1
[09:09:28]---------------------------1
[09:09:28]---------------------------1
[09:09:28]---------------------------1
[09:09:28]---------------------------1
[09:09:28]---------------------------1
[09:09:28]---------------------------1
[09:09:28]---------------------------1
[09:09:28]---------------------------1
[09:09:28]---------------------------1
[09:09:28]---------------------------1
[09:09:28]---------------------------1
[09:09:28]---------------------------1
[09:09:28]---------------------------1
[09:09:28]---------------------------1
[09:09:28]---------------------------1
[09:09:28]---------------------------1
[09:09:28]---------------------------1
[09:09:28]---------------------------1
[09:09:28]---------------------------1
[09:09:28]---------------------------1
[09:09:28]---------------------------1
[09:09:28]---------------------------1
[09:09:28]---------------------------1
[09:09:28]---------------------------1
[09:09:28]---------------------------1
[09:09:28]---------------------------1
[09:09:28]---------------------------1
[09:09:28]---------------------------1
[09:09:28]---------------------------1
[09:09:28]---------------------------1
[09:09:28]---------------------------1
[09:09:28]---------------------------1
[09:09:28]---------------------------1
[09:09:28]---------------------------1
[09:09:28]---------------------------1
[09:09:28]---------------------------1
[09:09:28]---------------------------1
[09:09:28]---------------------------1
[09:09:28]---------------------------1
[09:09:28]---------------------------1
[09:09:28]---------------------------1
[09:09:28]---------------------------1
[09:09:28]---------------------------1
[09:09:28]---------------------------1
[09:09:28]---------------------------1
[09:09:28]---------------------------1
[09:09:28]---------------------------1
[09:09:28]---------------------------1
[09:09:28]---------------------------1
[09:09:28]---------------------------1
[09:09:28]---------------------------1
[09:09:28]---------------------------1
[09:09:28]---------------------------1
[09:09:28]---------------------------1
[09:09:28]---------------------------1
[09:09:28]---------------------------1
[09:09:28]---------------------------1
[09:09:28]---------------------------1
[09:09:28]---------------------------1
[09:09:28]---------------------------1
[09:09:28]---------------------------1
[09:09:28]---------------------------1
[09:09:28]---------------------------1
[09:09:28]---------------------------1
[09:09:28]---------------------------1
[09:09:28]---------------------------1
[09:09:28]---------------------------1
[09:09:28]---------------------------1
[09:09:28]---------------------------1
[09:09:28]---------------------------1
[09:09:28]---------------------------1
[09:09:28]---------------------------1
[09:09:28]---------------------------1
[09:09:29]

................................................... [BM_Reg_001.cs] getCode () deparment code count : 226
[09:09:29]========================================================== [Reg.cs] selectionChanged ().........
[09:09:29][CodeTable.cs] getDepartmentDesc (10211)226
[09:09:30][CodeTable.cs] getBadgeTypeDesc (1) : 직원
[09:09:30][CodeTable.cs] getBadgeStatDesc (0) : 작동
[09:09:30][CodeTable.cs] getBadgeFormatDesc (2) : Standard 12 Digit Badge
[09:09:30]PT : 1
[09:09:30][BM_Reg_001.cs] showRightDetail () RIGHT_1 : -100
[09:09:30][BM_Reg_001.cs] showRightDetail () RIGHT_2 : -100
[09:09:30][BM_Reg_001.cs] showRightDetail () RIGHT_3 : 43
[09:09:30][BM_Reg_001.cs] showRightDetail () RIGHT_4 : -100
[09:09:30][BM_Reg_001.cs] arrTmp1 [0] : -100
[09:09:30][BM_Reg_001.cs] arrTmp2 [0] : -100
[09:09:30][BM_Reg_001.cs] arrTmp3 [0] : 43
[09:09:30][BM_Reg_001.cs] arrTmp4 [0] : -100
[09:09:30][BM_Reg.cs] showSazin () query : select IMAGE from EMP_IMAGE where EMPID = 13378
[09:09:30].............. JJJJJJJJJJJJJJJJJJJJJJJJJJJJJJJJJJJJJJJJJJJJ
[09:09:32]========================================================== [Reg.cs] selectionChanged ().........
[09:09:32][CodeTable.cs] getDepartmentDesc (10211)226
[09:09:32][CodeTable.cs] getBadgeTypeDesc (2) : 방문
[09:09:33][CodeTable.cs] getBadgeStatDesc (0) : 작동
[09:09:33][CodeTable.cs] getBadgeFormatDesc (2) : Standard 12 Digit Badge
[09:09:33]PT : 1
[09:09:33][BM_Reg_001.cs] showRightDetail () RIGHT_1 : -100
[09:09:33][BM_Reg_001.cs] showRightDetail () RIGHT_2 : -100
[09:09:33][BM_Reg_001.cs] showRightDetail () RIGHT_3 : -100
[09:09:33][BM_Reg_001.cs] showRightDetail () RIGHT_4 : -100
[09:09:33][BM_Reg_001.cs] arrTmp1 [0] : -100
[09:09:33][BM_Reg_001.cs] arrTmp2 [0] : -100
[09:09:33][BM_Reg_001.cs] arrTmp3 [0] : -100
[09:09:33][BM_Reg_001.cs] arrTmp4 [0] : -100
[09:09:33][BM_Reg.cs] showSazin () query : select IMAGE from EMP_IMAGE where EMPID = 13920
[09:09:33].............. JJJJJJJJJJJJJJJJJJJJJJJJJJJJJJJJJJJJJJJJJJJJ
[09:09:36]query : insert into PROCESS_REQUEST values('000901218222','11월4일','1990-12-18',1,'테스트1104',10211,10001,10001,'이멜','연락','주소','11월4일',0, 2, 0,0 ,0 ,0 ,2, -10 , -10 ,'2015-11-04', '2016-09-09', -10 , 0,1 ,0 ,0 ,0 , -1, -1 ,0 ,'-100' , ' -100', '-100' ,'-100',100,0,100,100,100,100,100,'I','000901218222',1)
