[17:28:36]============================ depart : 
[17:28:37][Reg.cs] showCardList () ....................... query 1 : select COUNT(*) as count from BADGE b, EMP e, DEPARTMENT d, DIVISION d2 ,BADGE_TYPE_CODE bt where b.EMPID = e.ID and e.DEPARTMENT = d.ID and e.DIVISION = d2.ID and bt.ID = b.TYPE and b.DELETE_FLAG = 'N' 
[17:28:37]============================ depart : 
[17:28:37][Reg.cs] showCardList () ....................... query 2 : select  TOP 100 b.description as NAME,  b.SEQ as SEQ,  e.NAME_1 as personName,  b.bid as BID,  b.EMPID as EMPID,  d.DESCRIPTION  as DEPARTMENT,  d2.DESCRIPTION as DIVISION  from BADGE b, EMP e, DEPARTMENT d, DIVISION d2 ,BADGE_TYPE_CODE bt  where b.EMPID = e.ID and e.DEPARTMENT = d.ID and e.DIVISION = d2.ID and bt.ID = b.TYPE and b.DELETE_FLAG = 'N'  order by SEQ desc
[17:28:37]---------------------------1
[17:28:37]---------------------------1
[17:28:37]---------------------------1
[17:28:37]---------------------------1
[17:28:37]---------------------------1
[17:28:37]---------------------------1
[17:28:37]---------------------------1
[17:28:37]---------------------------1
[17:28:37]---------------------------1
[17:28:37]---------------------------1
[17:28:37]---------------------------1
[17:28:37]---------------------------1
[17:28:37]---------------------------1
[17:28:37]---------------------------1
[17:28:37]---------------------------1
[17:28:37]---------------------------1
[17:28:37]---------------------------1
[17:28:37]---------------------------1
[17:28:37]---------------------------1
[17:28:37]---------------------------1
[17:28:37]---------------------------1
[17:28:37]---------------------------1
[17:28:37]---------------------------1
[17:28:37]---------------------------1
[17:28:37]---------------------------1
[17:28:37]---------------------------1
[17:28:37]---------------------------1
[17:28:37]---------------------------1
[17:28:37]---------------------------1
[17:28:37]---------------------------1
[17:28:37]---------------------------1
[17:28:37]---------------------------1
[17:28:37]---------------------------1
[17:28:37]---------------------------1
[17:28:37]---------------------------1
[17:28:37]---------------------------1
[17:28:37]---------------------------1
[17:28:37]---------------------------1
[17:28:37]---------------------------1
[17:28:37]---------------------------1
[17:28:37]---------------------------1
[17:28:37]---------------------------1
[17:28:37]---------------------------1
[17:28:37]---------------------------1
[17:28:37]---------------------------1
[17:28:37]---------------------------1
[17:28:37]---------------------------1
[17:28:37]---------------------------1
[17:28:37]---------------------------1
[17:28:37]---------------------------1
[17:28:37]---------------------------1
[17:28:37]---------------------------1
[17:28:37]---------------------------1
[17:28:37]---------------------------1
[17:28:37]---------------------------1
[17:28:37]---------------------------1
[17:28:37]---------------------------1
[17:28:37]---------------------------1
[17:28:37]---------------------------1
[17:28:37]---------------------------1
[17:28:37]---------------------------1
[17:28:37]---------------------------1
[17:28:37]---------------------------1
[17:28:37]---------------------------1
[17:28:37]---------------------------1
[17:28:37]---------------------------1
[17:28:37]---------------------------1
[17:28:37]---------------------------1
[17:28:37]---------------------------1
[17:28:37]---------------------------1
[17:28:37]---------------------------1
[17:28:37]---------------------------1
[17:28:37]---------------------------1
[17:28:37]---------------------------1
[17:28:37]---------------------------1
[17:28:37]---------------------------1
[17:28:37]---------------------------1
[17:28:37]---------------------------1
[17:28:37]---------------------------1
[17:28:37]---------------------------1
[17:28:37]---------------------------1
[17:28:37]---------------------------1
[17:28:37]---------------------------1
[17:28:37]---------------------------1
[17:28:37]---------------------------1
[17:28:37]---------------------------1
[17:28:37]---------------------------1
[17:28:37]---------------------------1
[17:28:37]---------------------------1
[17:28:37]---------------------------1
[17:28:37]---------------------------1
[17:28:37]---------------------------1
[17:28:37]---------------------------1
[17:28:37]---------------------------1
[17:28:37]---------------------------1
[17:28:37]---------------------------1
[17:28:37]---------------------------1
[17:28:37]---------------------------1
[17:28:37]---------------------------1
[17:28:37]---------------------------1
[17:28:38]

................................................... [BM_Reg_001.cs] getCode () deparment code count : 125
[17:28:38]========================================================== [Reg.cs] selectionChanged ().........
[17:28:39][CodeTable.cs] getDepartmentDesc (10019)125
[17:28:39][CodeTable.cs] getBadgeTypeDesc (1) : Á÷¿ø
[17:28:39][CodeTable.cs] getBadgeStatDesc (2) : RETURNED
[17:28:39][CodeTable.cs] getBadgeFormatDesc (2) : Standard 12 Digit Badge
[17:28:39]PT : 1
[17:28:39][BM_Reg_001.cs] showRightDetail () RIGHT_1 : -100
[17:28:39][BM_Reg_001.cs] showRightDetail () RIGHT_2 : -100
[17:28:39][BM_Reg_001.cs] showRightDetail () RIGHT_3 : 5
[17:28:39][BM_Reg_001.cs] showRightDetail () RIGHT_4 : -100
[17:28:39][BM_Reg_001.cs] arrTmp1 [0] : -100
[17:28:39][BM_Reg_001.cs] arrTmp2 [0] : -100
[17:28:39][BM_Reg_001.cs] arrTmp3 [0] : 5
[17:28:39][BM_Reg_001.cs] arrTmp4 [0] : -100
[17:28:39][BM_Reg.cs] showSazin () query : select IMAGE from EMP_IMAGE where EMPID = 40053
[17:28:40].............. JJJJJJJJJJJJJJJJJJJJJJJJJJJJJJJJJJJJJJJJJJJJ
