[14:41:33]============================ depart : 
[14:41:33][Reg.cs] showCardList () ....................... query 1 : select COUNT(*) as count from BADGE b, EMP e, DEPARTMENT d, DIVISION d2 ,BADGE_TYPE_CODE bt where b.EMPID = e.ID and e.DEPARTMENT = d.ID and e.DIVISION = d2.ID and bt.ID = b.TYPE and b.DELETE_FLAG = 'N' 
[14:41:33]============================ depart : 
[14:41:34][Reg.cs] showCardList () ....................... query 2 : select  TOP 100 b.description as NAME,  b.SEQ as SEQ,  e.NAME_1 as personName,  b.bid as BID,  b.EMPID as EMPID,  d.DESCRIPTION  as DEPARTMENT,  d2.DESCRIPTION as DIVISION  from BADGE b, EMP e, DEPARTMENT d, DIVISION d2 ,BADGE_TYPE_CODE bt  where b.EMPID = e.ID and e.DEPARTMENT = d.ID and e.DIVISION = d2.ID and bt.ID = b.TYPE and b.DELETE_FLAG = 'N'  order by SEQ desc
[14:41:34]---------------------------1
[14:41:34]---------------------------1
[14:41:34]---------------------------1
[14:41:34]---------------------------1
[14:41:34]---------------------------1
[14:41:34]---------------------------1
[14:41:34]---------------------------1
[14:41:34]---------------------------1
[14:41:34]---------------------------1
[14:41:34]---------------------------1
[14:41:34]---------------------------1
[14:41:34]---------------------------1
[14:41:34]---------------------------1
[14:41:34]---------------------------1
[14:41:34]---------------------------1
[14:41:34]---------------------------1
[14:41:34]---------------------------1
[14:41:34]---------------------------1
[14:41:34]---------------------------1
[14:41:34]---------------------------1
[14:41:34]---------------------------1
[14:41:34]---------------------------1
[14:41:34]---------------------------1
[14:41:34]---------------------------1
[14:41:34]---------------------------1
[14:41:34]---------------------------1
[14:41:34]---------------------------1
[14:41:34]---------------------------1
[14:41:34]---------------------------1
[14:41:34]---------------------------1
[14:41:34]---------------------------1
[14:41:34]---------------------------1
[14:41:34]---------------------------1
[14:41:34]---------------------------1
[14:41:34]---------------------------1
[14:41:34]---------------------------1
[14:41:34]---------------------------1
[14:41:34]---------------------------1
[14:41:34]---------------------------1
[14:41:34]---------------------------1
[14:41:34]---------------------------1
[14:41:34]---------------------------1
[14:41:34]---------------------------1
[14:41:34]---------------------------1
[14:41:34]---------------------------1
[14:41:34]---------------------------1
[14:41:34]---------------------------1
[14:41:34]---------------------------1
[14:41:34]---------------------------1
[14:41:34]---------------------------1
[14:41:34]---------------------------1
[14:41:34]---------------------------1
[14:41:34]---------------------------1
[14:41:34]---------------------------1
[14:41:34]---------------------------1
[14:41:34]---------------------------1
[14:41:34]---------------------------1
[14:41:34]---------------------------1
[14:41:34]---------------------------1
[14:41:34]---------------------------1
[14:41:34]---------------------------1
[14:41:34]---------------------------1
[14:41:34]---------------------------1
[14:41:34]---------------------------1
[14:41:34]---------------------------1
[14:41:34]---------------------------1
[14:41:34]---------------------------1
[14:41:34]---------------------------1
[14:41:34]---------------------------1
[14:41:34]---------------------------1
[14:41:34]---------------------------1
[14:41:34]---------------------------1
[14:41:34]---------------------------1
[14:41:34]---------------------------1
[14:41:34]---------------------------1
[14:41:34]---------------------------1
[14:41:34]---------------------------1
[14:41:34]---------------------------1
[14:41:34]---------------------------1
[14:41:34]---------------------------1
[14:41:34]---------------------------1
[14:41:34]---------------------------1
[14:41:34]---------------------------1
[14:41:34]---------------------------1
[14:41:34]---------------------------1
[14:41:34]---------------------------1
[14:41:34]---------------------------1
[14:41:34]---------------------------1
[14:41:34]---------------------------1
[14:41:34]---------------------------1
[14:41:34]---------------------------1
[14:41:34]---------------------------1
[14:41:34]---------------------------1
[14:41:34]---------------------------1
[14:41:34]---------------------------1
[14:41:34]---------------------------1
[14:41:34]---------------------------1
[14:41:34]---------------------------1
[14:41:34]---------------------------1
[14:41:34]---------------------------1
[14:41:35]

................................................... [BM_Reg_001.cs] getCode () deparment code count : 226
[14:41:35]========================================================== [Reg.cs] selectionChanged ().........
[14:41:35][CodeTable.cs] getDepartmentDesc (10211)226
[14:41:36][CodeTable.cs] getBadgeTypeDesc (1) : 직원
[14:41:36][CodeTable.cs] getBadgeStatDesc (0) : 작동
[14:41:36][CodeTable.cs] getBadgeFormatDesc (2) : Standard 12 Digit Badge
[14:41:36]PT : 1
[14:41:36][BM_Reg_001.cs] showRightDetail () RIGHT_1 : 41
[14:41:36][BM_Reg_001.cs] showRightDetail () RIGHT_2 : 8~10~12
[14:41:36][BM_Reg_001.cs] showRightDetail () RIGHT_3 : 42
[14:41:36][BM_Reg_001.cs] showRightDetail () RIGHT_4 : -100
[14:41:36][BM_Reg_001.cs] arrTmp1 [0] : 41
[14:41:36][BM_Reg_001.cs] arrTmp2 [0] : 8
[14:41:36][BM_Reg_001.cs] arrTmp2 [1] : 10
[14:41:36][BM_Reg_001.cs] arrTmp2 [2] : 12
[14:41:36][BM_Reg_001.cs] arrTmp3 [0] : 42
[14:41:36][BM_Reg_001.cs] arrTmp4 [0] : -100
[14:41:36][BM_Reg.cs] showSazin () query : select IMAGE from EMP_IMAGE where EMPID = 1392
[14:41:36].............. JJJJJJJJJJJJJJJJJJJJJJJJJJJJJJJJJJJJJJJJJJJJ
[14:43:21]..................JJJJJJJJJJJJJJJJJJJ.................
[14:43:22]========================  ,  check : 0
[14:43:22][Parser.cs] parseCard JJJJJJJJ (100=000047533550,1=1392,2=테스트121,3=20151201,4=1,5=테스트,6=10211,7=10001,8=10001,9=,10=,11=,0=003014512312,13=테스트121,14=0,16=2,17=0,18=2,19=1,20=1,21=20151201,22=20160301,23=0,24=0,25=1,26=0,27=0,28=0,29=0,30=0,31=1,1000=-100,2000=-100,3000=-100,4000=-100)
[14:43:22]............... orgStr : 100=000047533550
[14:43:22]............... orgStr : 1=1392
[14:43:22]............... orgStr : 2=테스트121
[14:43:22]............... orgStr : 3=20151201
[14:43:22][Parser.cs] getDateTimeDesc (20151201)
[14:43:22]............... orgStr : 4=1
[14:43:22]............... orgStr : 5=테스트
[14:43:22]............... orgStr : 6=10211
[14:43:22]............... orgStr : 7=10001
[14:43:22]............... orgStr : 8=10001
[14:43:22]............... orgStr : 9=
[14:43:22]............... orgStr : 10=
[14:43:22]............... orgStr : 11=
[14:43:22]............... orgStr : 0=003014512312
[14:43:22]............... orgStr : 13=테스트121
[14:43:22]............... orgStr : 14=0
[14:43:22]............... orgStr : 16=2
[14:43:22]............... orgStr : 17=0
[14:43:22]............... orgStr : 18=2
[14:43:22]............... orgStr : 19=1
[14:43:22]............... orgStr : 20=1
[14:43:22]............... orgStr : 21=20151201
[14:43:22][Parser.cs] getDateTimeDesc (20151201)
[14:43:22]............... orgStr : 22=20160301
[14:43:22][Parser.cs] getDateTimeDesc (20160301)
[14:43:22]............... orgStr : 23=0
[14:43:22]............... orgStr : 24=0
[14:43:22]........................FpNum : 0
[14:43:22]............... orgStr : 25=1
[14:43:22]............... orgStr : 26=0
[14:43:22]............... orgStr : 27=0
[14:43:22]............... orgStr : 28=0
[14:43:22]............... orgStr : 29=0
[14:43:22]............... orgStr : 30=0
[14:43:22]............... orgStr : 31=1
[14:43:22]............... orgStr : 1000=-100
[14:43:22]............... orgStr : 2000=-100
[14:43:22]............... orgStr : 3000=-100
[14:43:22]............... orgStr : 4000=-100
[14:43:22][Parser.cs] parseCard () EMP query : insert into EMP  values ((select max(id+1) from EMP)  , '테스트121', '테스트121', '테스트121', '테스트', 10211,  10001, 10001,  '',  '',  '', getdate(),  CAST('2015-12-01' AS DATETIME),  1,  0,'','','','','','','')
[14:43:22]_du.getByPass()0
[14:43:22]_du.getMdmStatus()0
[14:43:22]_du.getFpNum()0
[14:43:22]_du.getVmStatus() : 1
[14:43:22][[Parser.cs] parseCard () BADGE query : insert into BADGE  values( '003014512312' ,(select MAX(ID) from EMP) ,  '테스트121',  2,  0,1,1,1,  2,0,  0,  CAST('2015-12-01' AS DATETIME),  CAST('2016-03-01' AS DATETIME) , getdate(),  1,  1,  0,  0,  0,  0,  0,  0, 0, 0, 1, '-100',  '-100',  '-100',  '-100','',  1,'N')
[14:43:22][Parser.cs] makeSazinQuery () empID : 1392
[14:43:22][Parser.cs] makeSazinQuery ()  Gloval.sazin.Query : insert into  EMP_IMAGE(EMPID,IMAGE) values ( (select max(ID) from EMP) , @Image )
[14:43:22][[Parser.cs] parseCard () SAZIN query : insert into  EMP_IMAGE(EMPID,IMAGE) values ( (select max(ID) from EMP) , @Image )
[14:43:22][BM_Reg.cs] clickSave () query : insert into EMP  values ((select max(id+1) from EMP)  , '테스트121', '테스트121', '테스트121', '테스트', 10211,  10001, 10001,  '',  '',  '', getdate(),  CAST('2015-12-01' AS DATETIME),  1,  0,'','','','','','','')^insert into BADGE  values( '003014512312' ,(select MAX(ID) from EMP) ,  '테스트121',  2,  0,1,1,1,  2,0,  0,  CAST('2015-12-01' AS DATETIME),  CAST('2016-03-01' AS DATETIME) , getdate(),  1,  1,  0,  0,  0,  0,  0,  0, 0, 0, 1, '-100',  '-100',  '-100',  '-100','',  1,'N')^insert into  EMP_IMAGE(EMPID,IMAGE) values ( (select max(ID) from EMP) , @Image )
[14:43:22][Request.cs] updateImage (BMS011, 100=000047533550,1=1392,2=테스트121,3=20151201,4=1,5=테스트,6=10211,7=10001,8=10001,9=,10=,11=,0=003014512312,13=테스트121,14=0,16=2,17=0,18=2,19=1,20=1,21=20151201,22=20160301,23=0,24=0,25=1,26=0,27=0,28=0,29=0,30=0,31=1,1000=-100,2000=-100,3000=-100,4000=-100&insert into EMP  values ((select max(id+1) from EMP)  , '테스트121', '테스트121', '테스트121', '테스트', 10211,  10001, 10001,  '',  '',  '', getdate(),  CAST('2015-12-01' AS DATETIME),  1,  0,'','','','','','','')^insert into BADGE  values( '003014512312' ,(select MAX(ID) from EMP) ,  '테스트121',  2,  0,1,1,1,  2,0,  0,  CAST('2015-12-01' AS DATETIME),  CAST('2016-03-01' AS DATETIME) , getdate(),  1,  1,  0,  0,  0,  0,  0,  0, 0, 0, 1, '-100',  '-100',  '-100',  '-100','',  1,'N')^insert into  EMP_IMAGE(EMPID,IMAGE) values ( (select max(ID) from EMP) , @Image ), BMSI)
[14:43:22][Request.cs] updateImage () : ImageByte.Length : 3846
[14:43:22][Request.cs] BEFORE
[14:43:22][Request.cs] AFTER
[14:43:23]========================================================== [Reg.cs] selectionChanged ().........
[14:43:23]========================================================== [Reg.cs] selectionChanged ().........
[14:43:23]---------------------------1
[14:43:23]---------------------------1
[14:43:23]---------------------------1
[14:43:23]---------------------------1
[14:43:23]---------------------------1
[14:43:23]---------------------------1
[14:43:23]---------------------------1
[14:43:23]---------------------------1
[14:43:23]---------------------------1
[14:43:23]---------------------------1
[14:43:23]---------------------------1
[14:43:23]---------------------------1
[14:43:23]---------------------------1
[14:43:23]---------------------------1
[14:43:23]---------------------------1
[14:43:23]---------------------------1
[14:43:23]---------------------------1
[14:43:23]---------------------------1
[14:43:23]---------------------------1
[14:43:23]---------------------------1
[14:43:23]---------------------------1
[14:43:23]---------------------------1
[14:43:23]---------------------------1
[14:43:23]---------------------------1
[14:43:23]---------------------------1
[14:43:24][CodeTable.cs] getDepartmentDesc (10211)226
[14:43:24][CodeTable.cs] getBadgeTypeDesc (2) : 방문
[14:43:24][CodeTable.cs] getBadgeStatDesc (0) : 작동
[14:43:24][CodeTable.cs] getBadgeFormatDesc (2) : Standard 12 Digit Badge
[14:43:24]PT : 1
[14:43:24][BM_Reg_001.cs] showRightDetail () RIGHT_1 : -100
[14:43:24][BM_Reg_001.cs] showRightDetail () RIGHT_2 : -100
[14:43:24][BM_Reg_001.cs] showRightDetail () RIGHT_3 : -100
[14:43:24][BM_Reg_001.cs] showRightDetail () RIGHT_4 : -100
[14:43:24][BM_Reg_001.cs] arrTmp1 [0] : -100
[14:43:24][BM_Reg_001.cs] arrTmp2 [0] : -100
[14:43:24][BM_Reg_001.cs] arrTmp3 [0] : -100
[14:43:24][BM_Reg_001.cs] arrTmp4 [0] : -100
[14:43:24][BM_Reg.cs] showSazin () query : select IMAGE from EMP_IMAGE where EMPID = 13936
[14:43:25].............. JJJJJJJJJJJJJJJJJJJJJJJJJJJJJJJJJJJJJJJJJJJJ
[14:43:26][BM_Reg_001.cs] showRightDetail () RIGHT_1 : -100
[14:43:26][BM_Reg_001.cs] showRightDetail () RIGHT_2 : -100
[14:43:26][BM_Reg_001.cs] showRightDetail () RIGHT_3 : -100
[14:43:26][BM_Reg_001.cs] showRightDetail () RIGHT_4 : -100
[14:43:26][BM_Reg_001.cs] arrTmp1 [0] : -100
[14:43:26][BM_Reg_001.cs] arrTmp2 [0] : -100
[14:43:26][BM_Reg_001.cs] arrTmp3 [0] : -100
[14:43:26][BM_Reg_001.cs] arrTmp4 [0] : -100
[14:48:13]query : insert into PROCESS_REQUEST values('003014512312','테스트121','2015-12-01',1,'테스트',10211,10001,10001,'','','','테스트121',0, 2, 0,0 ,0 ,0 ,2, -10 , -10 ,'2015-12-01', '2016-03-01', -10 , 0,1 ,0 ,0 ,0 , -1, -1 ,0 ,'-100' , ' -100', '-100' ,'-100',100,0,100,100,100,100,100,'I','003014512312',1)
