[09:25:44]============================ depart : 
[09:25:45][Reg.cs] showCardList () ....................... query 1 : select COUNT(*) as count from BADGE b, EMP e, DEPARTMENT d, DIVISION d2 ,BADGE_TYPE_CODE bt where b.EMPID = e.ID and e.DEPARTMENT = d.ID and e.DIVISION = d2.ID and bt.ID = b.TYPE and b.DELETE_FLAG = 'N' 
[09:25:45]============================ depart : 
[09:25:45][Reg.cs] showCardList () ....................... query 2 : select  TOP 100 b.description as NAME,  b.SEQ as SEQ,  e.NAME_1 as personName,  b.bid as BID,  b.EMPID as EMPID,  d.DESCRIPTION  as DEPARTMENT,  d2.DESCRIPTION as DIVISION  from BADGE b, EMP e, DEPARTMENT d, DIVISION d2 ,BADGE_TYPE_CODE bt  where b.EMPID = e.ID and e.DEPARTMENT = d.ID and e.DIVISION = d2.ID and bt.ID = b.TYPE and b.DELETE_FLAG = 'N'  order by SEQ desc
[09:25:45]---------------------------1
[09:25:45]---------------------------1
[09:25:45]---------------------------1
[09:25:45]---------------------------1
[09:25:45]---------------------------1
[09:25:45]---------------------------1
[09:25:45]---------------------------1
[09:25:45]---------------------------1
[09:25:45]---------------------------1
[09:25:45]---------------------------1
[09:25:45]---------------------------1
[09:25:45]---------------------------1
[09:25:45]---------------------------1
[09:25:45]---------------------------1
[09:25:45]---------------------------1
[09:25:45]---------------------------1
[09:25:45]---------------------------1
[09:25:45]---------------------------1
[09:25:45]---------------------------1
[09:25:45]---------------------------1
[09:25:45]---------------------------1
[09:25:45]---------------------------1
[09:25:45]---------------------------1
[09:25:45]---------------------------1
[09:25:45]---------------------------1
[09:25:45]---------------------------1
[09:25:45]---------------------------1
[09:25:45]---------------------------1
[09:25:45]---------------------------1
[09:25:45]---------------------------1
[09:25:45]---------------------------1
[09:25:45]---------------------------1
[09:25:45]---------------------------1
[09:25:45]---------------------------1
[09:25:45]---------------------------1
[09:25:45]---------------------------1
[09:25:45]---------------------------1
[09:25:45]---------------------------1
[09:25:45]---------------------------1
[09:25:45]---------------------------1
[09:25:45]---------------------------1
[09:25:45]---------------------------1
[09:25:45]---------------------------1
[09:25:45]---------------------------1
[09:25:45]---------------------------1
[09:25:45]---------------------------1
[09:25:45]---------------------------1
[09:25:45]---------------------------1
[09:25:45]---------------------------1
[09:25:45]---------------------------1
[09:25:45]---------------------------1
[09:25:45]---------------------------1
[09:25:45]---------------------------1
[09:25:45]---------------------------1
[09:25:45]---------------------------1
[09:25:45]---------------------------1
[09:25:45]---------------------------1
[09:25:45]---------------------------1
[09:25:45]---------------------------1
[09:25:45]---------------------------1
[09:25:45]---------------------------1
[09:25:45]---------------------------1
[09:25:45]---------------------------1
[09:25:45]---------------------------1
[09:25:45]---------------------------1
[09:25:45]---------------------------1
[09:25:45]---------------------------1
[09:25:45]---------------------------1
[09:25:45]---------------------------1
[09:25:45]---------------------------1
[09:25:45]---------------------------1
[09:25:45]---------------------------1
[09:25:45]---------------------------1
[09:25:45]---------------------------1
[09:25:45]---------------------------1
[09:25:45]---------------------------1
[09:25:45]---------------------------1
[09:25:45]---------------------------1
[09:25:45]---------------------------1
[09:25:45]---------------------------1
[09:25:45]---------------------------1
[09:25:45]---------------------------1
[09:25:45]---------------------------1
[09:25:45]---------------------------1
[09:25:45]---------------------------1
[09:25:45]---------------------------1
[09:25:45]---------------------------1
[09:25:45]---------------------------1
[09:25:45]---------------------------1
[09:25:45]---------------------------1
[09:25:45]---------------------------1
[09:25:45]---------------------------1
[09:25:45]---------------------------1
[09:25:45]---------------------------1
[09:25:45]---------------------------1
[09:25:45]---------------------------1
[09:25:45]---------------------------1
[09:25:45]---------------------------1
[09:25:45]---------------------------1
[09:25:45]---------------------------1
[09:25:47]

................................................... [BM_Reg_001.cs] getCode () deparment code count : 226
[09:25:47]========================================================== [Reg.cs] selectionChanged ().........
[09:25:47][CodeTable.cs] getDepartmentDesc (10211)226
[09:25:47][CodeTable.cs] getBadgeTypeDesc (6) : 협력업체 키카드
[09:25:47][CodeTable.cs] getBadgeStatDesc (0) : 작동
[09:25:47][CodeTable.cs] getBadgeFormatDesc (2) : Standard 12 Digit Badge
[09:25:47]PT : 1
[09:25:48][BM_Reg_001.cs] showRightDetail () RIGHT_1 : 42
[09:25:48][BM_Reg_001.cs] showRightDetail () RIGHT_2 : 8~9~10
[09:25:48][BM_Reg_001.cs] showRightDetail () RIGHT_3 : 43
[09:25:48][BM_Reg_001.cs] showRightDetail () RIGHT_4 : -100
[09:25:48][BM_Reg_001.cs] arrTmp1 [0] : 42
[09:25:48][BM_Reg_001.cs] arrTmp2 [0] : 8
[09:25:48][BM_Reg_001.cs] arrTmp2 [1] : 9
[09:25:48][BM_Reg_001.cs] arrTmp2 [2] : 10
[09:25:48][BM_Reg_001.cs] arrTmp3 [0] : 43
[09:25:48][BM_Reg_001.cs] arrTmp4 [0] : -100
[09:25:48][BM_Reg.cs] showSazin () query : select IMAGE from EMP_IMAGE where EMPID = 7051
[09:25:48].............. JJJJJJJJJJJJJJJJJJJJJJJJJJJJJJJJJJJJJJJJJJJJ
[09:25:50]========================================================== [Reg.cs] selectionChanged ().........
[09:25:50][CodeTable.cs] getDepartmentDesc (10211)226
[09:25:51][CodeTable.cs] getBadgeTypeDesc (2) : 방문
[09:25:51][CodeTable.cs] getBadgeStatDesc (0) : 작동
[09:25:51][CodeTable.cs] getBadgeFormatDesc (2) : Standard 12 Digit Badge
[09:25:51]PT : 1
[09:25:51][BM_Reg_001.cs] showRightDetail () RIGHT_1 : -100
[09:25:51][BM_Reg_001.cs] showRightDetail () RIGHT_2 : 11
[09:25:51][BM_Reg_001.cs] showRightDetail () RIGHT_3 : -100
[09:25:51][BM_Reg_001.cs] showRightDetail () RIGHT_4 : -100
[09:25:51][BM_Reg_001.cs] arrTmp1 [0] : -100
[09:25:51][BM_Reg_001.cs] arrTmp2 [0] : 11
[09:25:51][BM_Reg_001.cs] arrTmp3 [0] : -100
[09:25:51][BM_Reg_001.cs] arrTmp4 [0] : -100
[09:25:51][BM_Reg.cs] showSazin () query : select IMAGE from EMP_IMAGE where EMPID = 13936
[09:25:51].............. JJJJJJJJJJJJJJJJJJJJJJJJJJJJJJJJJJJJJJJJJJJJ
[09:25:58].........................accessID : 11
[09:26:00]query : insert into PROCESS_REQUEST values('003014512312','테스트121','2015-12-01',1,'테스트3',10211,10001,10001,'ss','ss','','테스트121',0, 2, 0,0 ,0 ,0 ,2, -10 , -10 ,'2015-12-01', '2016-03-01', -10 , 1,0 ,0 ,0 ,0 , -1, -1 ,0 ,'-100' , ' 11', '-100' ,'-100' ,0,100,100,100,100,100,100,'I','003014512312',1)
[09:33:11].........................accessID : 38
[09:33:11].........................accessID : 11
[09:33:11].........................accessID : 11
[09:33:14].........................accessID : 39
[09:33:14].........................accessID : 11
[09:33:16]..................JJJJJJJJJJJJJJJJJJJ.................
[09:33:16]......................... PT tmpCheck : 1Unchecked
[09:33:16]......................... PT du.getPT () : 1
[09:33:16]JJJJJJJJJJJJJJJJJJJJJJJJJ msg : 1. 권    한 : 
(1 발전소)    ▶  39


[09:33:16][Parser.cs] parseCard JJJJJJJJ (100=003014512312,1=13936,1000=39)
[09:33:16]............... orgStr : 100=003014512312
[09:33:16]............... orgStr : 1=13936
[09:33:16]............... orgStr : 1000=39
[09:33:16][Parser.cs] parseCard () EMP query : 
[09:33:16][[Parser.cs] parseCard () BADGE query : update BADGE set RIGHT_1 = '39', MODIFY_DATE = GETDATE() where BID = '003014512312'
[09:33:16][Parser.cs] makeSazinQuery () empID : 13936
[09:33:16][[Parser.cs] parseCard () SAZIN query : 
[09:33:16][BM_Reg.cs] clickSave () query : update BADGE set RIGHT_1 = '39', MODIFY_DATE = GETDATE() where BID = '003014512312'
[09:33:16][Request.cs] updateImage (BMS011, 100=003014512312,1=13936,1000=39&update BADGE set RIGHT_1 = '39', MODIFY_DATE = GETDATE() where BID = '003014512312', BMSU)
[09:33:16][Request.cs] updateImage () : ImageByte is NULL
[09:33:16][Request.cs] BEFORE
[09:33:16][Request.cs] AFTER
[09:33:17]========================================================== [Reg.cs] selectionChanged ().........
[09:33:18][CodeTable.cs] getDepartmentDesc (10211)226
[09:33:18][CodeTable.cs] getBadgeTypeDesc (2) : 방문
[09:33:18][CodeTable.cs] getBadgeStatDesc (0) : 작동
[09:33:18][CodeTable.cs] getBadgeFormatDesc (2) : Standard 12 Digit Badge
[09:33:18]PT : 1
[09:33:18][BM_Reg_001.cs] showRightDetail () RIGHT_1 : 39
[09:33:18][BM_Reg_001.cs] showRightDetail () RIGHT_2 : 11
[09:33:18][BM_Reg_001.cs] showRightDetail () RIGHT_3 : -100
[09:33:18][BM_Reg_001.cs] showRightDetail () RIGHT_4 : -100
[09:33:18][BM_Reg_001.cs] arrTmp1 [0] : 39
[09:33:18][BM_Reg_001.cs] arrTmp2 [0] : 11
[09:33:18][BM_Reg_001.cs] arrTmp3 [0] : -100
[09:33:18][BM_Reg_001.cs] arrTmp4 [0] : -100
[09:33:18][BM_Reg.cs] showSazin () query : select IMAGE from EMP_IMAGE where EMPID = 13936
[09:33:18].............. JJJJJJJJJJJJJJJJJJJJJJJJJJJJJJJJJJJJJJJJJJJJ
[09:33:18]========================================================== [Reg.cs] selectionChanged ().........
[09:33:18]========================================================== [Reg.cs] selectionChanged ().........
[09:33:19]---------------------------1
[09:33:19]---------------------------1
[09:33:19]---------------------------1
[09:33:19]---------------------------1
[09:33:19]---------------------------1
[09:33:19]---------------------------1
[09:33:19]---------------------------1
[09:33:19]---------------------------1
[09:33:19]---------------------------1
[09:33:19]---------------------------1
[09:33:19]---------------------------1
[09:33:19]---------------------------1
[09:33:19]---------------------------1
[09:33:19]---------------------------1
[09:33:19]---------------------------1
[09:33:19]---------------------------1
[09:33:19]---------------------------1
[09:33:19]---------------------------1
[09:33:19]---------------------------1
[09:33:19]---------------------------1
[09:33:19]---------------------------1
[09:33:19]---------------------------1
[09:33:19]---------------------------1
[09:33:19]---------------------------1
[09:33:19]---------------------------1
[09:33:19][CodeTable.cs] getDepartmentDesc (10211)226
[09:33:19][CodeTable.cs] getBadgeTypeDesc (2) : 방문
[09:33:19][CodeTable.cs] getBadgeStatDesc (0) : 작동
[09:33:19][CodeTable.cs] getBadgeFormatDesc (2) : Standard 12 Digit Badge
[09:33:19]PT : 1
[09:33:19][BM_Reg_001.cs] showRightDetail () RIGHT_1 : 39
[09:33:19][BM_Reg_001.cs] showRightDetail () RIGHT_2 : 11
[09:33:19][BM_Reg_001.cs] showRightDetail () RIGHT_3 : -100
[09:33:19][BM_Reg_001.cs] showRightDetail () RIGHT_4 : -100
[09:33:19][BM_Reg_001.cs] arrTmp1 [0] : 39
[09:33:19][BM_Reg_001.cs] arrTmp2 [0] : 11
[09:33:19][BM_Reg_001.cs] arrTmp3 [0] : -100
[09:33:19][BM_Reg_001.cs] arrTmp4 [0] : -100
[09:33:19][BM_Reg.cs] showSazin () query : select IMAGE from EMP_IMAGE where EMPID = 13936
[09:33:20].............. JJJJJJJJJJJJJJJJJJJJJJJJJJJJJJJJJJJJJJJJJJJJ
[09:34:53][BM_Reg_001.cs] showRightDetail () RIGHT_1 : 39
[09:34:53][BM_Reg_001.cs] showRightDetail () RIGHT_2 : 11
[09:34:53][BM_Reg_001.cs] showRightDetail () RIGHT_3 : -100
[09:34:53][BM_Reg_001.cs] showRightDetail () RIGHT_4 : -100
[09:34:53][BM_Reg_001.cs] arrTmp1 [0] : 39
[09:34:53][BM_Reg_001.cs] arrTmp2 [0] : 11
[09:34:53][BM_Reg_001.cs] arrTmp3 [0] : -100
[09:34:53][BM_Reg_001.cs] arrTmp4 [0] : -100
[09:34:53].........................accessID : 39
[09:34:53].........................accessID : 11
[09:39:10]============================ depart : 
[09:39:11][Reg.cs] showCardList () ....................... query 1 : select COUNT(*) as count from BADGE b, EMP e, DEPARTMENT d, DIVISION d2 ,BADGE_TYPE_CODE bt where b.EMPID = e.ID and e.DEPARTMENT = d.ID and e.DIVISION = d2.ID and bt.ID = b.TYPE and b.DELETE_FLAG = 'N' 
[09:39:11]============================ depart : 
[09:39:11][Reg.cs] showCardList () ....................... query 2 : select  TOP 100 b.description as NAME,  b.SEQ as SEQ,  e.NAME_1 as personName,  b.bid as BID,  b.EMPID as EMPID,  d.DESCRIPTION  as DEPARTMENT,  d2.DESCRIPTION as DIVISION  from BADGE b, EMP e, DEPARTMENT d, DIVISION d2 ,BADGE_TYPE_CODE bt  where b.EMPID = e.ID and e.DEPARTMENT = d.ID and e.DIVISION = d2.ID and bt.ID = b.TYPE and b.DELETE_FLAG = 'N'  order by SEQ desc
[09:39:11]---------------------------1
[09:39:11]---------------------------1
[09:39:11]---------------------------1
[09:39:11]---------------------------1
[09:39:11]---------------------------1
[09:39:11]---------------------------1
[09:39:11]---------------------------1
[09:39:11]---------------------------1
[09:39:11]---------------------------1
[09:39:11]---------------------------1
[09:39:11]---------------------------1
[09:39:11]---------------------------1
[09:39:11]---------------------------1
[09:39:11]---------------------------1
[09:39:11]---------------------------1
[09:39:11]---------------------------1
[09:39:11]---------------------------1
[09:39:11]---------------------------1
[09:39:11]---------------------------1
[09:39:11]---------------------------1
[09:39:11]---------------------------1
[09:39:11]---------------------------1
[09:39:11]---------------------------1
[09:39:11]---------------------------1
[09:39:11]---------------------------1
[09:39:11]---------------------------1
[09:39:11]---------------------------1
[09:39:11]---------------------------1
[09:39:11]---------------------------1
[09:39:11]---------------------------1
[09:39:11]---------------------------1
[09:39:11]---------------------------1
[09:39:11]---------------------------1
[09:39:11]---------------------------1
[09:39:11]---------------------------1
[09:39:11]---------------------------1
[09:39:11]---------------------------1
[09:39:11]---------------------------1
[09:39:11]---------------------------1
[09:39:11]---------------------------1
[09:39:11]---------------------------1
[09:39:11]---------------------------1
[09:39:11]---------------------------1
[09:39:11]---------------------------1
[09:39:11]---------------------------1
[09:39:11]---------------------------1
[09:39:11]---------------------------1
[09:39:11]---------------------------1
[09:39:11]---------------------------1
[09:39:11]---------------------------1
[09:39:11]---------------------------1
[09:39:11]---------------------------1
[09:39:11]---------------------------1
[09:39:11]---------------------------1
[09:39:11]---------------------------1
[09:39:11]---------------------------1
[09:39:11]---------------------------1
[09:39:11]---------------------------1
[09:39:11]---------------------------1
[09:39:11]---------------------------1
[09:39:11]---------------------------1
[09:39:11]---------------------------1
[09:39:11]---------------------------1
[09:39:11]---------------------------1
[09:39:11]---------------------------1
[09:39:11]---------------------------1
[09:39:11]---------------------------1
[09:39:11]---------------------------1
[09:39:11]---------------------------1
[09:39:11]---------------------------1
[09:39:11]---------------------------1
[09:39:11]---------------------------1
[09:39:11]---------------------------1
[09:39:11]---------------------------1
[09:39:11]---------------------------1
[09:39:11]---------------------------1
[09:39:11]---------------------------1
[09:39:11]---------------------------1
[09:39:11]---------------------------1
[09:39:11]---------------------------1
[09:39:11]---------------------------1
[09:39:11]---------------------------1
[09:39:11]---------------------------1
[09:39:11]---------------------------1
[09:39:11]---------------------------1
[09:39:11]---------------------------1
[09:39:11]---------------------------1
[09:39:11]---------------------------1
[09:39:11]---------------------------1
[09:39:11]---------------------------1
[09:39:11]---------------------------1
[09:39:11]---------------------------1
[09:39:11]---------------------------1
[09:39:11]---------------------------1
[09:39:11]---------------------------1
[09:39:11]---------------------------1
[09:39:11]---------------------------1
[09:39:11]---------------------------1
[09:39:11]---------------------------1
[09:39:11]---------------------------1
[09:39:12]

................................................... [BM_Reg_001.cs] getCode () deparment code count : 226
[09:39:12]========================================================== [Reg.cs] selectionChanged ().........
[09:39:13][CodeTable.cs] getDepartmentDesc (10211)226
[09:39:13][CodeTable.cs] getBadgeTypeDesc (6) : 협력업체 키카드
[09:39:13][CodeTable.cs] getBadgeStatDesc (0) : 작동
[09:39:13][CodeTable.cs] getBadgeFormatDesc (2) : Standard 12 Digit Badge
[09:39:13]PT : 1
[09:39:13][BM_Reg_001.cs] showRightDetail () RIGHT_1 : 42
[09:39:13][BM_Reg_001.cs] showRightDetail () RIGHT_2 : 8~9~10
[09:39:13][BM_Reg_001.cs] showRightDetail () RIGHT_3 : 43
[09:39:13][BM_Reg_001.cs] showRightDetail () RIGHT_4 : -100
[09:39:13][BM_Reg_001.cs] arrTmp1 [0] : 42
[09:39:13][BM_Reg_001.cs] arrTmp2 [0] : 8
[09:39:13][BM_Reg_001.cs] arrTmp2 [1] : 9
[09:39:13][BM_Reg_001.cs] arrTmp2 [2] : 10
[09:39:13][BM_Reg_001.cs] arrTmp3 [0] : 43
[09:39:13][BM_Reg_001.cs] arrTmp4 [0] : -100
[09:39:13][BM_Reg.cs] showSazin () query : select IMAGE from EMP_IMAGE where EMPID = 7051
[09:39:13].............. JJJJJJJJJJJJJJJJJJJJJJJJJJJJJJJJJJJJJJJJJJJJ
[09:39:15]========================================================== [Reg.cs] selectionChanged ().........
[09:39:15][CodeTable.cs] getDepartmentDesc (10211)226
[09:39:15][CodeTable.cs] getBadgeTypeDesc (2) : 방문
[09:39:15][CodeTable.cs] getBadgeStatDesc (0) : 작동
[09:39:15][CodeTable.cs] getBadgeFormatDesc (2) : Standard 12 Digit Badge
[09:39:15]PT : 1
[09:39:16][BM_Reg_001.cs] showRightDetail () RIGHT_1 : 39
[09:39:16][BM_Reg_001.cs] showRightDetail () RIGHT_2 : 11
[09:39:16][BM_Reg_001.cs] showRightDetail () RIGHT_3 : -100
[09:39:16][BM_Reg_001.cs] showRightDetail () RIGHT_4 : -100
[09:39:16][BM_Reg_001.cs] arrTmp1 [0] : 39
[09:39:16][BM_Reg_001.cs] arrTmp2 [0] : 11
[09:39:16][BM_Reg_001.cs] arrTmp3 [0] : -100
[09:39:16][BM_Reg_001.cs] arrTmp4 [0] : -100
[09:39:16][BM_Reg.cs] showSazin () query : select IMAGE from EMP_IMAGE where EMPID = 13936
[09:39:16].............. JJJJJJJJJJJJJJJJJJJJJJJJJJJJJJJJJJJJJJJJJJJJ
[09:39:18].........................accessID : 11
[09:39:20].........................accessID : 40
[09:39:20].........................accessID : 11
[09:39:21]..................JJJJJJJJJJJJJJJJJJJ.................
[09:39:21]......................... PT tmpCheck : 1Unchecked
[09:39:21]......................... PT du.getPT () : 1
[09:39:21]JJJJJJJJJJJJJJJJJJJJJJJJJ msg : 1. 권    한 : 
(1 발전소)  39  ▶  40


[09:39:21][Parser.cs] parseCard JJJJJJJJ (100=003014512312,1=13936,1000=40)
[09:39:21]............... orgStr : 100=003014512312
[09:39:21]............... orgStr : 1=13936
[09:39:21]............... orgStr : 1000=40
[09:39:21][Parser.cs] parseCard () EMP query : 
[09:39:21][[Parser.cs] parseCard () BADGE query : update BADGE set RIGHT_1 = '40', MODIFY_DATE = GETDATE() where BID = '003014512312'
[09:39:21][Parser.cs] makeSazinQuery () empID : 13936
[09:39:21][[Parser.cs] parseCard () SAZIN query : 
[09:39:21][BM_Reg.cs] clickSave () query : update BADGE set RIGHT_1 = '40', MODIFY_DATE = GETDATE() where BID = '003014512312'
[09:39:21][Request.cs] updateImage (BMS011, 100=003014512312,1=13936,1000=40&update BADGE set RIGHT_1 = '40', MODIFY_DATE = GETDATE() where BID = '003014512312', BMSU)
[09:39:21][Request.cs] updateImage () : ImageByte is NULL
[09:39:21][Request.cs] BEFORE
[09:39:21][Request.cs] AFTER
[09:39:22]========================================================== [Reg.cs] selectionChanged ().........
[09:39:23][CodeTable.cs] getDepartmentDesc (10211)226
[09:39:23][CodeTable.cs] getBadgeTypeDesc (2) : 방문
[09:39:23][CodeTable.cs] getBadgeStatDesc (0) : 작동
[09:39:23][CodeTable.cs] getBadgeFormatDesc (2) : Standard 12 Digit Badge
[09:39:23]PT : 1
[09:39:23][BM_Reg_001.cs] showRightDetail () RIGHT_1 : 40
[09:39:23][BM_Reg_001.cs] showRightDetail () RIGHT_2 : 11
[09:39:23][BM_Reg_001.cs] showRightDetail () RIGHT_3 : -100
[09:39:23][BM_Reg_001.cs] showRightDetail () RIGHT_4 : -100
[09:39:23][BM_Reg_001.cs] arrTmp1 [0] : 40
[09:39:23][BM_Reg_001.cs] arrTmp2 [0] : 11
[09:39:23][BM_Reg_001.cs] arrTmp3 [0] : -100
[09:39:23][BM_Reg_001.cs] arrTmp4 [0] : -100
[09:39:23][BM_Reg.cs] showSazin () query : select IMAGE from EMP_IMAGE where EMPID = 13936
[09:39:23].............. JJJJJJJJJJJJJJJJJJJJJJJJJJJJJJJJJJJJJJJJJJJJ
[09:39:23]========================================================== [Reg.cs] selectionChanged ().........
[09:39:23]========================================================== [Reg.cs] selectionChanged ().........
[09:39:24]---------------------------1
[09:39:24]---------------------------1
[09:39:24]---------------------------1
[09:39:24]---------------------------1
[09:39:24]---------------------------1
[09:39:24]---------------------------1
[09:39:24]---------------------------1
[09:39:24]---------------------------1
[09:39:24]---------------------------1
[09:39:24]---------------------------1
[09:39:24]---------------------------1
[09:39:24]---------------------------1
[09:39:24]---------------------------1
[09:39:24]---------------------------1
[09:39:24]---------------------------1
[09:39:24]---------------------------1
[09:39:24]---------------------------1
[09:39:24]---------------------------1
[09:39:24]---------------------------1
[09:39:24]---------------------------1
[09:39:24]---------------------------1
[09:39:24]---------------------------1
[09:39:24]---------------------------1
[09:39:24]---------------------------1
[09:39:24]---------------------------1
[09:39:24][CodeTable.cs] getDepartmentDesc (10211)226
[09:39:24][CodeTable.cs] getBadgeTypeDesc (2) : 방문
[09:39:24][CodeTable.cs] getBadgeStatDesc (0) : 작동
[09:39:24][CodeTable.cs] getBadgeFormatDesc (2) : Standard 12 Digit Badge
[09:39:24]PT : 1
[09:39:24][BM_Reg_001.cs] showRightDetail () RIGHT_1 : 40
[09:39:24][BM_Reg_001.cs] showRightDetail () RIGHT_2 : 11
[09:39:24][BM_Reg_001.cs] showRightDetail () RIGHT_3 : -100
[09:39:24][BM_Reg_001.cs] showRightDetail () RIGHT_4 : -100
[09:39:24][BM_Reg_001.cs] arrTmp1 [0] : 40
[09:39:24][BM_Reg_001.cs] arrTmp2 [0] : 11
[09:39:24][BM_Reg_001.cs] arrTmp3 [0] : -100
[09:39:24][BM_Reg_001.cs] arrTmp4 [0] : -100
[09:39:24][BM_Reg.cs] showSazin () query : select IMAGE from EMP_IMAGE where EMPID = 13936
[09:39:25].............. JJJJJJJJJJJJJJJJJJJJJJJJJJJJJJJJJJJJJJJJJJJJ
[09:39:41][BM_Reg_001.cs] showRightDetail () RIGHT_1 : 40
[09:39:41][BM_Reg_001.cs] showRightDetail () RIGHT_2 : 11
[09:39:41][BM_Reg_001.cs] showRightDetail () RIGHT_3 : -100
[09:39:41][BM_Reg_001.cs] showRightDetail () RIGHT_4 : -100
[09:39:41][BM_Reg_001.cs] arrTmp1 [0] : 40
[09:39:41][BM_Reg_001.cs] arrTmp2 [0] : 11
[09:39:41][BM_Reg_001.cs] arrTmp3 [0] : -100
[09:39:41][BM_Reg_001.cs] arrTmp4 [0] : -100
[09:39:41].........................accessID : 40
[09:39:41].........................accessID : 11
[09:39:56].........................accessID : 39
[09:39:56].........................accessID : 40
[09:39:56].........................accessID : 11
[09:39:58].........................accessID : 39
[09:39:58].........................accessID : 11
[09:39:59]..................JJJJJJJJJJJJJJJJJJJ.................
[09:39:59]......................... PT tmpCheck : 1Unchecked
[09:39:59]......................... PT du.getPT () : 1
[09:39:59]JJJJJJJJJJJJJJJJJJJJJJJJJ msg : 1. 권    한 : 
(1 발전소)  40  ▶  39


[09:39:59][Parser.cs] parseCard JJJJJJJJ (100=003014512312,1=13936,1000=39)
[09:39:59]............... orgStr : 100=003014512312
[09:39:59]............... orgStr : 1=13936
[09:39:59]............... orgStr : 1000=39
[09:39:59][Parser.cs] parseCard () EMP query : 
[09:39:59][[Parser.cs] parseCard () BADGE query : update BADGE set RIGHT_1 = '39', MODIFY_DATE = GETDATE() where BID = '003014512312'
[09:39:59][Parser.cs] makeSazinQuery () empID : 13936
[09:39:59][[Parser.cs] parseCard () SAZIN query : 
[09:39:59][BM_Reg.cs] clickSave () query : update BADGE set RIGHT_1 = '39', MODIFY_DATE = GETDATE() where BID = '003014512312'
[09:40:00][Request.cs] updateImage (BMS011, 100=003014512312,1=13936,1000=39&update BADGE set RIGHT_1 = '39', MODIFY_DATE = GETDATE() where BID = '003014512312', BMSU)
[09:40:00][Request.cs] updateImage () : ImageByte is NULL
[09:40:00][Request.cs] BEFORE
[09:40:00][Request.cs] AFTER
[09:40:01]========================================================== [Reg.cs] selectionChanged ().........
[09:40:01]========================================================== [Reg.cs] selectionChanged ().........
[09:40:02]---------------------------1
[09:40:02]---------------------------1
[09:40:02]---------------------------1
[09:40:02]---------------------------1
[09:40:02]---------------------------1
[09:40:02]---------------------------1
[09:40:02]---------------------------1
[09:40:02]---------------------------1
[09:40:02]---------------------------1
[09:40:02]---------------------------1
[09:40:02]---------------------------1
[09:40:02]---------------------------1
[09:40:02]---------------------------1
[09:40:02]---------------------------1
[09:40:02]---------------------------1
[09:40:02]---------------------------1
[09:40:02]---------------------------1
[09:40:02]---------------------------1
[09:40:02]---------------------------1
[09:40:02]---------------------------1
[09:40:02]---------------------------1
[09:40:02]---------------------------1
[09:40:02]---------------------------1
[09:40:02]---------------------------1
[09:40:02]---------------------------1
[09:40:02][CodeTable.cs] getDepartmentDesc (10211)226
[09:40:02][CodeTable.cs] getBadgeTypeDesc (2) : 방문
[09:40:02][CodeTable.cs] getBadgeStatDesc (0) : 작동
[09:40:02][CodeTable.cs] getBadgeFormatDesc (2) : Standard 12 Digit Badge
[09:40:02]PT : 1
[09:40:03][BM_Reg_001.cs] showRightDetail () RIGHT_1 : 39
[09:40:03][BM_Reg_001.cs] showRightDetail () RIGHT_2 : 11
[09:40:03][BM_Reg_001.cs] showRightDetail () RIGHT_3 : -100
[09:40:03][BM_Reg_001.cs] showRightDetail () RIGHT_4 : -100
[09:40:03][BM_Reg_001.cs] arrTmp1 [0] : 39
[09:40:03][BM_Reg_001.cs] arrTmp2 [0] : 11
[09:40:03][BM_Reg_001.cs] arrTmp3 [0] : -100
[09:40:03][BM_Reg_001.cs] arrTmp4 [0] : -100
[09:40:03][BM_Reg.cs] showSazin () query : select IMAGE from EMP_IMAGE where EMPID = 13936
[09:40:03].............. JJJJJJJJJJJJJJJJJJJJJJJJJJJJJJJJJJJJJJJJJJJJ
[09:40:07][BM_Reg_001.cs] showRightDetail () RIGHT_1 : 39
[09:40:07][BM_Reg_001.cs] showRightDetail () RIGHT_2 : 11
[09:40:07][BM_Reg_001.cs] showRightDetail () RIGHT_3 : -100
[09:40:07][BM_Reg_001.cs] showRightDetail () RIGHT_4 : -100
[09:40:07][BM_Reg_001.cs] arrTmp1 [0] : 39
[09:40:07][BM_Reg_001.cs] arrTmp2 [0] : 11
[09:40:07][BM_Reg_001.cs] arrTmp3 [0] : -100
[09:40:07][BM_Reg_001.cs] arrTmp4 [0] : -100
[09:40:07].........................accessID : 39
[09:40:07].........................accessID : 11
[09:41:38].........................accessID : 39
[09:41:38].........................accessID : 40
[09:41:38].........................accessID : 11
[09:41:38].........................accessID : 40
[09:41:38].........................accessID : 11
[09:41:40]..................JJJJJJJJJJJJJJJJJJJ.................
[09:41:40]......................... PT tmpCheck : 1Unchecked
[09:41:40]......................... PT du.getPT () : 1
[09:41:40]JJJJJJJJJJJJJJJJJJJJJJJJJ msg : 1. 권    한 : 
(1 발전소)  39  ▶  40


[09:41:40][Parser.cs] parseCard JJJJJJJJ (100=003014512312,1=13936,1000=40)
[09:41:40]............... orgStr : 100=003014512312
[09:41:40]............... orgStr : 1=13936
[09:41:40]............... orgStr : 1000=40
[09:41:40][Parser.cs] parseCard () EMP query : 
[09:41:40][[Parser.cs] parseCard () BADGE query : update BADGE set RIGHT_1 = '40', MODIFY_DATE = GETDATE() where BID = '003014512312'
[09:41:40][Parser.cs] makeSazinQuery () empID : 13936
[09:41:40][[Parser.cs] parseCard () SAZIN query : 
[09:41:40][BM_Reg.cs] clickSave () query : update BADGE set RIGHT_1 = '40', MODIFY_DATE = GETDATE() where BID = '003014512312'
[09:41:40][Request.cs] updateImage (BMS011, 100=003014512312,1=13936,1000=40&update BADGE set RIGHT_1 = '40', MODIFY_DATE = GETDATE() where BID = '003014512312', BMSU)
[09:41:40][Request.cs] updateImage () : ImageByte is NULL
[09:41:40][Request.cs] BEFORE
[09:41:40][Request.cs] AFTER
[09:41:41]========================================================== [Reg.cs] selectionChanged ().........
[09:41:41]========================================================== [Reg.cs] selectionChanged ().........
[09:41:41]---------------------------1
[09:41:41]---------------------------1
[09:41:41]---------------------------1
[09:41:41]---------------------------1
[09:41:41]---------------------------1
[09:41:41]---------------------------1
[09:41:41]---------------------------1
[09:41:41]---------------------------1
[09:41:41]---------------------------1
[09:41:41]---------------------------1
[09:41:41]---------------------------1
[09:41:41]---------------------------1
[09:41:41]---------------------------1
[09:41:41]---------------------------1
[09:41:41]---------------------------1
[09:41:41]---------------------------1
[09:41:41]---------------------------1
[09:41:41]---------------------------1
[09:41:41]---------------------------1
[09:41:41]---------------------------1
[09:41:41]---------------------------1
[09:41:41]---------------------------1
[09:41:41]---------------------------1
[09:41:41]---------------------------1
[09:41:41]---------------------------1
[09:41:42][CodeTable.cs] getDepartmentDesc (10211)226
[09:41:42][CodeTable.cs] getBadgeTypeDesc (2) : 방문
[09:41:42][CodeTable.cs] getBadgeStatDesc (0) : 작동
[09:41:42][CodeTable.cs] getBadgeFormatDesc (2) : Standard 12 Digit Badge
[09:41:42]PT : 1
[09:41:42][BM_Reg_001.cs] showRightDetail () RIGHT_1 : 40
[09:41:42][BM_Reg_001.cs] showRightDetail () RIGHT_2 : 11
[09:41:42][BM_Reg_001.cs] showRightDetail () RIGHT_3 : -100
[09:41:42][BM_Reg_001.cs] showRightDetail () RIGHT_4 : -100
[09:41:42][BM_Reg_001.cs] arrTmp1 [0] : 40
[09:41:42][BM_Reg_001.cs] arrTmp2 [0] : 11
[09:41:42][BM_Reg_001.cs] arrTmp3 [0] : -100
[09:41:42][BM_Reg_001.cs] arrTmp4 [0] : -100
[09:41:42][BM_Reg.cs] showSazin () query : select IMAGE from EMP_IMAGE where EMPID = 13936
[09:41:42].............. JJJJJJJJJJJJJJJJJJJJJJJJJJJJJJJJJJJJJJJJJJJJ
[09:41:50][BM_Reg_001.cs] showRightDetail () RIGHT_1 : 40
[09:41:50][BM_Reg_001.cs] showRightDetail () RIGHT_2 : 11
[09:41:50][BM_Reg_001.cs] showRightDetail () RIGHT_3 : -100
[09:41:50][BM_Reg_001.cs] showRightDetail () RIGHT_4 : -100
[09:41:50][BM_Reg_001.cs] arrTmp1 [0] : 40
[09:41:50][BM_Reg_001.cs] arrTmp2 [0] : 11
[09:41:50][BM_Reg_001.cs] arrTmp3 [0] : -100
[09:41:50][BM_Reg_001.cs] arrTmp4 [0] : -100
[09:41:50].........................accessID : 40
[09:41:50].........................accessID : 11
[09:43:37].........................accessID : 40
[09:43:37].........................accessID : 41
[09:43:37].........................accessID : 11
[09:43:38].........................accessID : 41
[09:43:38].........................accessID : 11
[09:43:39]..................JJJJJJJJJJJJJJJJJJJ.................
[09:43:39]......................... PT tmpCheck : 1Unchecked
[09:43:39]......................... PT du.getPT () : 1
[09:43:39]JJJJJJJJJJJJJJJJJJJJJJJJJ msg : 1. 권    한 : 
(1 발전소)  40  ▶  41


[09:43:39][Parser.cs] parseCard JJJJJJJJ (100=003014512312,1=13936,1000=41)
[09:43:39]............... orgStr : 100=003014512312
[09:43:39]............... orgStr : 1=13936
[09:43:39]............... orgStr : 1000=41
[09:43:39][Parser.cs] parseCard () EMP query : 
[09:43:39][[Parser.cs] parseCard () BADGE query : update BADGE set RIGHT_1 = '41', MODIFY_DATE = GETDATE() where BID = '003014512312'
[09:43:39][Parser.cs] makeSazinQuery () empID : 13936
[09:43:39][[Parser.cs] parseCard () SAZIN query : 
[09:43:39][BM_Reg.cs] clickSave () query : update BADGE set RIGHT_1 = '41', MODIFY_DATE = GETDATE() where BID = '003014512312'
[09:43:39][Request.cs] updateImage (BMS011, 100=003014512312,1=13936,1000=41&update BADGE set RIGHT_1 = '41', MODIFY_DATE = GETDATE() where BID = '003014512312', BMSU)
[09:43:39][Request.cs] updateImage () : ImageByte is NULL
[09:43:39][Request.cs] BEFORE
[09:43:39][Request.cs] AFTER
[09:43:40]========================================================== [Reg.cs] selectionChanged ().........
[09:43:40]========================================================== [Reg.cs] selectionChanged ().........
[09:43:41]---------------------------1
[09:43:41]---------------------------1
[09:43:41]---------------------------1
[09:43:41]---------------------------1
[09:43:41]---------------------------1
[09:43:41]---------------------------1
[09:43:41]---------------------------1
[09:43:41]---------------------------1
[09:43:41]---------------------------1
[09:43:41]---------------------------1
[09:43:41]---------------------------1
[09:43:41]---------------------------1
[09:43:41]---------------------------1
[09:43:41]---------------------------1
[09:43:41]---------------------------1
[09:43:41]---------------------------1
[09:43:41]---------------------------1
[09:43:41]---------------------------1
[09:43:41]---------------------------1
[09:43:41]---------------------------1
[09:43:41]---------------------------1
[09:43:41]---------------------------1
[09:43:41]---------------------------1
[09:43:41]---------------------------1
[09:43:41]---------------------------1
[09:43:41][CodeTable.cs] getDepartmentDesc (10211)226
[09:43:41][CodeTable.cs] getBadgeTypeDesc (2) : 방문
[09:43:41][CodeTable.cs] getBadgeStatDesc (0) : 작동
[09:43:41][CodeTable.cs] getBadgeFormatDesc (2) : Standard 12 Digit Badge
[09:43:41]PT : 1
[09:43:42][BM_Reg_001.cs] showRightDetail () RIGHT_1 : 41
[09:43:42][BM_Reg_001.cs] showRightDetail () RIGHT_2 : 11
[09:43:42][BM_Reg_001.cs] showRightDetail () RIGHT_3 : -100
[09:43:42][BM_Reg_001.cs] showRightDetail () RIGHT_4 : -100
[09:43:42][BM_Reg_001.cs] arrTmp1 [0] : 41
[09:43:42][BM_Reg_001.cs] arrTmp2 [0] : 11
[09:43:42][BM_Reg_001.cs] arrTmp3 [0] : -100
[09:43:42][BM_Reg_001.cs] arrTmp4 [0] : -100
[09:43:42][BM_Reg.cs] showSazin () query : select IMAGE from EMP_IMAGE where EMPID = 13936
[09:43:42].............. JJJJJJJJJJJJJJJJJJJJJJJJJJJJJJJJJJJJJJJJJJJJ
[09:43:43][BM_Reg_001.cs] showRightDetail () RIGHT_1 : 41
[09:43:43][BM_Reg_001.cs] showRightDetail () RIGHT_2 : 11
[09:43:43][BM_Reg_001.cs] showRightDetail () RIGHT_3 : -100
[09:43:43][BM_Reg_001.cs] showRightDetail () RIGHT_4 : -100
[09:43:43][BM_Reg_001.cs] arrTmp1 [0] : 41
[09:43:43][BM_Reg_001.cs] arrTmp2 [0] : 11
[09:43:43][BM_Reg_001.cs] arrTmp3 [0] : -100
[09:43:43][BM_Reg_001.cs] arrTmp4 [0] : -100
[09:43:43].........................accessID : 41
[09:43:43].........................accessID : 11
[10:13:07]============================ depart : 
[10:13:07][Reg.cs] showCardList () ....................... query 1 : select COUNT(*) as count from BADGE b, EMP e, DEPARTMENT d, DIVISION d2 ,BADGE_TYPE_CODE bt where b.EMPID = e.ID and e.DEPARTMENT = d.ID and e.DIVISION = d2.ID and bt.ID = b.TYPE and b.DELETE_FLAG = 'N' 
[10:13:07]============================ depart : 
[10:13:08][Reg.cs] showCardList () ....................... query 2 : select  TOP 100 b.description as NAME,  b.SEQ as SEQ,  e.NAME_1 as personName,  b.bid as BID,  b.EMPID as EMPID,  d.DESCRIPTION  as DEPARTMENT,  d2.DESCRIPTION as DIVISION  from BADGE b, EMP e, DEPARTMENT d, DIVISION d2 ,BADGE_TYPE_CODE bt  where b.EMPID = e.ID and e.DEPARTMENT = d.ID and e.DIVISION = d2.ID and bt.ID = b.TYPE and b.DELETE_FLAG = 'N'  order by SEQ desc
[10:13:08]---------------------------1
[10:13:08]---------------------------1
[10:13:08]---------------------------1
[10:13:08]---------------------------1
[10:13:08]---------------------------1
[10:13:08]---------------------------1
[10:13:08]---------------------------1
[10:13:08]---------------------------1
[10:13:08]---------------------------1
[10:13:08]---------------------------1
[10:13:08]---------------------------1
[10:13:08]---------------------------1
[10:13:08]---------------------------1
[10:13:08]---------------------------1
[10:13:08]---------------------------1
[10:13:08]---------------------------1
[10:13:08]---------------------------1
[10:13:08]---------------------------1
[10:13:08]---------------------------1
[10:13:08]---------------------------1
[10:13:08]---------------------------1
[10:13:08]---------------------------1
[10:13:08]---------------------------1
[10:13:08]---------------------------1
[10:13:08]---------------------------1
[10:13:08]---------------------------1
[10:13:08]---------------------------1
[10:13:08]---------------------------1
[10:13:08]---------------------------1
[10:13:08]---------------------------1
[10:13:08]---------------------------1
[10:13:08]---------------------------1
[10:13:08]---------------------------1
[10:13:08]---------------------------1
[10:13:08]---------------------------1
[10:13:08]---------------------------1
[10:13:08]---------------------------1
[10:13:08]---------------------------1
[10:13:08]---------------------------1
[10:13:08]---------------------------1
[10:13:08]---------------------------1
[10:13:08]---------------------------1
[10:13:08]---------------------------1
[10:13:08]---------------------------1
[10:13:08]---------------------------1
[10:13:08]---------------------------1
[10:13:08]---------------------------1
[10:13:08]---------------------------1
[10:13:08]---------------------------1
[10:13:08]---------------------------1
[10:13:08]---------------------------1
[10:13:08]---------------------------1
[10:13:08]---------------------------1
[10:13:08]---------------------------1
[10:13:08]---------------------------1
[10:13:08]---------------------------1
[10:13:08]---------------------------1
[10:13:08]---------------------------1
[10:13:08]---------------------------1
[10:13:08]---------------------------1
[10:13:08]---------------------------1
[10:13:08]---------------------------1
[10:13:08]---------------------------1
[10:13:08]---------------------------1
[10:13:08]---------------------------1
[10:13:08]---------------------------1
[10:13:08]---------------------------1
[10:13:08]---------------------------1
[10:13:08]---------------------------1
[10:13:08]---------------------------1
[10:13:08]---------------------------1
[10:13:08]---------------------------1
[10:13:08]---------------------------1
[10:13:08]---------------------------1
[10:13:08]---------------------------1
[10:13:08]---------------------------1
[10:13:08]---------------------------1
[10:13:08]---------------------------1
[10:13:08]---------------------------1
[10:13:08]---------------------------1
[10:13:08]---------------------------1
[10:13:08]---------------------------1
[10:13:08]---------------------------1
[10:13:08]---------------------------1
[10:13:08]---------------------------1
[10:13:08]---------------------------1
[10:13:08]---------------------------1
[10:13:08]---------------------------1
[10:13:08]---------------------------1
[10:13:08]---------------------------1
[10:13:08]---------------------------1
[10:13:08]---------------------------1
[10:13:08]---------------------------1
[10:13:08]---------------------------1
[10:13:08]---------------------------1
[10:13:08]---------------------------1
[10:13:08]---------------------------1
[10:13:08]---------------------------1
[10:13:08]---------------------------1
[10:13:08]---------------------------1
[10:13:09]

................................................... [BM_Reg_001.cs] getCode () deparment code count : 226
[10:13:09]========================================================== [Reg.cs] selectionChanged ().........
[10:13:09][CodeTable.cs] getDepartmentDesc (10211)226
[10:13:09][CodeTable.cs] getBadgeTypeDesc (6) : 협력업체 키카드
[10:13:09][CodeTable.cs] getBadgeStatDesc (0) : 작동
[10:13:09][CodeTable.cs] getBadgeFormatDesc (2) : Standard 12 Digit Badge
[10:13:09]PT : 1
[10:13:09][BM_Reg_001.cs] showRightDetail () RIGHT_1 : 42
[10:13:09][BM_Reg_001.cs] showRightDetail () RIGHT_2 : 8~9~10
[10:13:09][BM_Reg_001.cs] showRightDetail () RIGHT_3 : 43
[10:13:09][BM_Reg_001.cs] showRightDetail () RIGHT_4 : -100
[10:13:09][BM_Reg_001.cs] arrTmp1 [0] : 42
[10:13:09][BM_Reg_001.cs] arrTmp2 [0] : 8
[10:13:09][BM_Reg_001.cs] arrTmp2 [1] : 9
[10:13:09][BM_Reg_001.cs] arrTmp2 [2] : 10
[10:13:09][BM_Reg_001.cs] arrTmp3 [0] : 43
[10:13:09][BM_Reg_001.cs] arrTmp4 [0] : -100
[10:13:09][BM_Reg.cs] showSazin () query : select IMAGE from EMP_IMAGE where EMPID = 7051
[10:13:10].............. JJJJJJJJJJJJJJJJJJJJJJJJJJJJJJJJJJJJJJJJJJJJ
[10:13:11]========================================================== [Reg.cs] selectionChanged ().........
[10:13:12][CodeTable.cs] getDepartmentDesc (10211)226
[10:13:12][CodeTable.cs] getBadgeTypeDesc (2) : 방문
[10:13:12][CodeTable.cs] getBadgeStatDesc (0) : 작동
[10:13:12][CodeTable.cs] getBadgeFormatDesc (2) : Standard 12 Digit Badge
[10:13:12]PT : 1
[10:13:12][BM_Reg_001.cs] showRightDetail () RIGHT_1 : 41
[10:13:12][BM_Reg_001.cs] showRightDetail () RIGHT_2 : 11
[10:13:12][BM_Reg_001.cs] showRightDetail () RIGHT_3 : -100
[10:13:12][BM_Reg_001.cs] showRightDetail () RIGHT_4 : -100
[10:13:12][BM_Reg_001.cs] arrTmp1 [0] : 41
[10:13:12][BM_Reg_001.cs] arrTmp2 [0] : 11
[10:13:12][BM_Reg_001.cs] arrTmp3 [0] : -100
[10:13:12][BM_Reg_001.cs] arrTmp4 [0] : -100
[10:13:12][BM_Reg.cs] showSazin () query : select IMAGE from EMP_IMAGE where EMPID = 13936
[10:13:12].............. JJJJJJJJJJJJJJJJJJJJJJJJJJJJJJJJJJJJJJJJJJJJ
[10:13:13].........................accessID : 41
[10:13:13].........................accessID : 11
[10:13:15]query : insert into PROCESS_REQUEST values('003014512312','테스트121','2015-12-01',1,'테스트3',10211,10001,10001,'ss','ss','','테스트121',0, 2, 0,0 ,0 ,0 ,2, -10 , -10 ,'2015-12-01', '2016-03-01', -10 , 0,0 ,1 ,0 ,0 , -1 , -1 ,0 ,'41' , ' 11', '-100' ,'-100',100,100,0,100,100,100,100,'I','003014512312',1)
[11:22:07]============================ depart : 전체
[11:22:07][Reg.cs] showCardList () ....................... query 1 : select COUNT(*) as count from BADGE b, EMP e, DEPARTMENT d, DIVISION d2 ,BADGE_TYPE_CODE bt where b.EMPID = e.ID and e.DEPARTMENT = d.ID and e.DIVISION = d2.ID and bt.ID = b.TYPE and b.DELETE_FLAG = 'N'  and e.NAME_1 like '%김대열%'
[11:22:07]========================================================== [Reg.cs] selectionChanged ().........
[11:22:07]========================================================== [Reg.cs] selectionChanged ().........
[11:22:07]============================ depart : 전체
[11:22:08][Reg.cs] showCardList () ....................... query 2 : select  TOP 2 b.description as NAME,  b.SEQ as SEQ,  e.NAME_1 as personName,  b.bid as BID,  b.EMPID as EMPID,  d.DESCRIPTION  as DEPARTMENT,  d2.DESCRIPTION as DIVISION  from BADGE b, EMP e, DEPARTMENT d, DIVISION d2 ,BADGE_TYPE_CODE bt  where b.EMPID = e.ID and e.DEPARTMENT = d.ID and e.DIVISION = d2.ID and bt.ID = b.TYPE and b.DELETE_FLAG = 'N'  and e.NAME_1 like '%김대열%' order by SEQ desc
[11:22:08]---------------------------1
[11:22:08]---------------------------1
[11:22:09][CodeTable.cs] getDepartmentDesc (10211)226
[11:22:09][CodeTable.cs] getBadgeTypeDesc (4) : 한수원 사원증
[11:22:09][CodeTable.cs] getBadgeStatDesc (3) : INACTIVE
[11:22:09][CodeTable.cs] getBadgeFormatDesc (2) : Standard 12 Digit Badge
[11:22:09]PT : 1
[11:22:10][BM_Reg_001.cs] showRightDetail () RIGHT_1 : 38
[11:22:10][BM_Reg_001.cs] showRightDetail () RIGHT_2 : -100
[11:22:10][BM_Reg_001.cs] showRightDetail () RIGHT_3 : -100
[11:22:10][BM_Reg_001.cs] showRightDetail () RIGHT_4 : -100
[11:22:10][BM_Reg_001.cs] arrTmp1 [0] : 38
[11:22:10][BM_Reg_001.cs] arrTmp2 [0] : -100
[11:22:10][BM_Reg_001.cs] arrTmp3 [0] : -100
[11:22:10][BM_Reg_001.cs] arrTmp4 [0] : -100
[11:22:10][BM_Reg.cs] showSazin () query : select IMAGE from EMP_IMAGE where EMPID = 13860
[11:22:10].............. JJJJJJJJJJJJJJJJJJJJJJJJJJJJJJJJJJJJJJJJJJJJ
[11:22:14]========================================================== [Reg.cs] selectionChanged ().........
[11:22:14][CodeTable.cs] getDepartmentDesc (10211)226
[11:22:14][CodeTable.cs] getBadgeTypeDesc (1) : 직원
[11:22:14][CodeTable.cs] getBadgeStatDesc (0) : 작동
[11:22:14][CodeTable.cs] getBadgeFormatDesc (2) : Standard 12 Digit Badge
[11:22:14]PT : 1
[11:22:15][BM_Reg_001.cs] showRightDetail () RIGHT_1 : 43~44
[11:22:15][BM_Reg_001.cs] showRightDetail () RIGHT_2 : 8~9~10~11~12~17
[11:22:15][BM_Reg_001.cs] showRightDetail () RIGHT_3 : 44
[11:22:15][BM_Reg_001.cs] showRightDetail () RIGHT_4 : -100
[11:22:15][BM_Reg_001.cs] arrTmp1 [0] : 43
[11:22:15][BM_Reg_001.cs] arrTmp1 [1] : 44
[11:22:15][BM_Reg_001.cs] arrTmp2 [0] : 8
[11:22:15][BM_Reg_001.cs] arrTmp2 [1] : 9
[11:22:15][BM_Reg_001.cs] arrTmp2 [2] : 10
[11:22:15][BM_Reg_001.cs] arrTmp2 [3] : 11
[11:22:15][BM_Reg_001.cs] arrTmp2 [4] : 12
[11:22:15][BM_Reg_001.cs] arrTmp2 [5] : 17
[11:22:15][BM_Reg_001.cs] arrTmp3 [0] : 44
[11:22:15][BM_Reg_001.cs] arrTmp4 [0] : -100
[11:22:15][BM_Reg.cs] showSazin () query : select IMAGE from EMP_IMAGE where EMPID = 2474
[11:22:15].............. JJJJJJJJJJJJJJJJJJJJJJJJJJJJJJJJJJJJJJJJJJJJ
[11:22:20]========================================================== [Reg.cs] selectionChanged ().........
[11:22:21][CodeTable.cs] getDepartmentDesc (10211)226
[11:22:21][CodeTable.cs] getBadgeTypeDesc (4) : 한수원 사원증
[11:22:21][CodeTable.cs] getBadgeStatDesc (3) : INACTIVE
[11:22:21][CodeTable.cs] getBadgeFormatDesc (2) : Standard 12 Digit Badge
[11:22:21]PT : 1
[11:22:21][BM_Reg_001.cs] showRightDetail () RIGHT_1 : 38
[11:22:21][BM_Reg_001.cs] showRightDetail () RIGHT_2 : -100
[11:22:21][BM_Reg_001.cs] showRightDetail () RIGHT_3 : -100
[11:22:21][BM_Reg_001.cs] showRightDetail () RIGHT_4 : -100
[11:22:21][BM_Reg_001.cs] arrTmp1 [0] : 38
[11:22:21][BM_Reg_001.cs] arrTmp2 [0] : -100
[11:22:21][BM_Reg_001.cs] arrTmp3 [0] : -100
[11:22:21][BM_Reg_001.cs] arrTmp4 [0] : -100
[11:22:21][BM_Reg.cs] showSazin () query : select IMAGE from EMP_IMAGE where EMPID = 13860
[11:22:21].............. JJJJJJJJJJJJJJJJJJJJJJJJJJJJJJJJJJJJJJJJJJJJ
[11:22:25]========================================================== [Reg.cs] selectionChanged ().........
[11:22:25][CodeTable.cs] getDepartmentDesc (10211)226
[11:22:26][CodeTable.cs] getBadgeTypeDesc (1) : 직원
[11:22:26][CodeTable.cs] getBadgeStatDesc (0) : 작동
[11:22:26][CodeTable.cs] getBadgeFormatDesc (2) : Standard 12 Digit Badge
[11:22:26]PT : 1
[11:22:26][BM_Reg_001.cs] showRightDetail () RIGHT_1 : 43~44
[11:22:26][BM_Reg_001.cs] showRightDetail () RIGHT_2 : 8~9~10~11~12~17
[11:22:26][BM_Reg_001.cs] showRightDetail () RIGHT_3 : 44
[11:22:26][BM_Reg_001.cs] showRightDetail () RIGHT_4 : -100
[11:22:26][BM_Reg_001.cs] arrTmp1 [0] : 43
[11:22:26][BM_Reg_001.cs] arrTmp1 [1] : 44
[11:22:26][BM_Reg_001.cs] arrTmp2 [0] : 8
[11:22:26][BM_Reg_001.cs] arrTmp2 [1] : 9
[11:22:26][BM_Reg_001.cs] arrTmp2 [2] : 10
[11:22:26][BM_Reg_001.cs] arrTmp2 [3] : 11
[11:22:26][BM_Reg_001.cs] arrTmp2 [4] : 12
[11:22:26][BM_Reg_001.cs] arrTmp2 [5] : 17
[11:22:26][BM_Reg_001.cs] arrTmp3 [0] : 44
[11:22:26][BM_Reg_001.cs] arrTmp4 [0] : -100
[11:22:26][BM_Reg.cs] showSazin () query : select IMAGE from EMP_IMAGE where EMPID = 2474
[11:22:26].............. JJJJJJJJJJJJJJJJJJJJJJJJJJJJJJJJJJJJJJJJJJJJ
[11:22:29]========================================================== [Reg.cs] selectionChanged ().........
[11:22:29][CodeTable.cs] getDepartmentDesc (10211)226
[11:22:29][CodeTable.cs] getBadgeTypeDesc (4) : 한수원 사원증
[11:22:29][CodeTable.cs] getBadgeStatDesc (3) : INACTIVE
[11:22:29][CodeTable.cs] getBadgeFormatDesc (2) : Standard 12 Digit Badge
[11:22:29]PT : 1
[11:22:29][BM_Reg_001.cs] showRightDetail () RIGHT_1 : 38
[11:22:29][BM_Reg_001.cs] showRightDetail () RIGHT_2 : -100
[11:22:29][BM_Reg_001.cs] showRightDetail () RIGHT_3 : -100
[11:22:29][BM_Reg_001.cs] showRightDetail () RIGHT_4 : -100
[11:22:29][BM_Reg_001.cs] arrTmp1 [0] : 38
[11:22:29][BM_Reg_001.cs] arrTmp2 [0] : -100
[11:22:29][BM_Reg_001.cs] arrTmp3 [0] : -100
[11:22:29][BM_Reg_001.cs] arrTmp4 [0] : -100
[11:22:29][BM_Reg.cs] showSazin () query : select IMAGE from EMP_IMAGE where EMPID = 13860
[11:22:30].............. JJJJJJJJJJJJJJJJJJJJJJJJJJJJJJJJJJJJJJJJJJJJ
[11:22:33]========================================================== [Reg.cs] selectionChanged ().........
[11:22:33][CodeTable.cs] getDepartmentDesc (10211)226
[11:22:34][CodeTable.cs] getBadgeTypeDesc (1) : 직원
[11:22:34][CodeTable.cs] getBadgeStatDesc (0) : 작동
[11:22:34][CodeTable.cs] getBadgeFormatDesc (2) : Standard 12 Digit Badge
[11:22:34]PT : 1
[11:22:34][BM_Reg_001.cs] showRightDetail () RIGHT_1 : 43~44
[11:22:34][BM_Reg_001.cs] showRightDetail () RIGHT_2 : 8~9~10~11~12~17
[11:22:34][BM_Reg_001.cs] showRightDetail () RIGHT_3 : 44
[11:22:34][BM_Reg_001.cs] showRightDetail () RIGHT_4 : -100
[11:22:34][BM_Reg_001.cs] arrTmp1 [0] : 43
[11:22:34][BM_Reg_001.cs] arrTmp1 [1] : 44
[11:22:34][BM_Reg_001.cs] arrTmp2 [0] : 8
[11:22:34][BM_Reg_001.cs] arrTmp2 [1] : 9
[11:22:34][BM_Reg_001.cs] arrTmp2 [2] : 10
[11:22:34][BM_Reg_001.cs] arrTmp2 [3] : 11
[11:22:34][BM_Reg_001.cs] arrTmp2 [4] : 12
[11:22:34][BM_Reg_001.cs] arrTmp2 [5] : 17
[11:22:34][BM_Reg_001.cs] arrTmp3 [0] : 44
[11:22:34][BM_Reg_001.cs] arrTmp4 [0] : -100
[11:22:34][BM_Reg.cs] showSazin () query : select IMAGE from EMP_IMAGE where EMPID = 2474
[11:22:34].............. JJJJJJJJJJJJJJJJJJJJJJJJJJJJJJJJJJJJJJJJJJJJ
[11:22:36]========================================================== [Reg.cs] selectionChanged ().........
[11:22:37][CodeTable.cs] getDepartmentDesc (10211)226
[11:22:37][CodeTable.cs] getBadgeTypeDesc (4) : 한수원 사원증
[11:22:37][CodeTable.cs] getBadgeStatDesc (3) : INACTIVE
[11:22:37][CodeTable.cs] getBadgeFormatDesc (2) : Standard 12 Digit Badge
[11:22:37]PT : 1
[11:22:37][BM_Reg_001.cs] showRightDetail () RIGHT_1 : 38
[11:22:37][BM_Reg_001.cs] showRightDetail () RIGHT_2 : -100
[11:22:37][BM_Reg_001.cs] showRightDetail () RIGHT_3 : -100
[11:22:37][BM_Reg_001.cs] showRightDetail () RIGHT_4 : -100
[11:22:37][BM_Reg_001.cs] arrTmp1 [0] : 38
[11:22:37][BM_Reg_001.cs] arrTmp2 [0] : -100
[11:22:37][BM_Reg_001.cs] arrTmp3 [0] : -100
[11:22:37][BM_Reg_001.cs] arrTmp4 [0] : -100
[11:22:37][BM_Reg.cs] showSazin () query : select IMAGE from EMP_IMAGE where EMPID = 13860
[11:22:37].............. JJJJJJJJJJJJJJJJJJJJJJJJJJJJJJJJJJJJJJJJJJJJ
[11:22:42]========================================================== [Reg.cs] selectionChanged ().........
[11:22:42][CodeTable.cs] getDepartmentDesc (10211)226
[11:22:42][CodeTable.cs] getBadgeTypeDesc (1) : 직원
[11:22:42][CodeTable.cs] getBadgeStatDesc (0) : 작동
[11:22:42][CodeTable.cs] getBadgeFormatDesc (2) : Standard 12 Digit Badge
[11:22:42]PT : 1
[11:22:43][BM_Reg_001.cs] showRightDetail () RIGHT_1 : 43~44
[11:22:43][BM_Reg_001.cs] showRightDetail () RIGHT_2 : 8~9~10~11~12~17
[11:22:43][BM_Reg_001.cs] showRightDetail () RIGHT_3 : 44
[11:22:43][BM_Reg_001.cs] showRightDetail () RIGHT_4 : -100
[11:22:43][BM_Reg_001.cs] arrTmp1 [0] : 43
[11:22:43][BM_Reg_001.cs] arrTmp1 [1] : 44
[11:22:43][BM_Reg_001.cs] arrTmp2 [0] : 8
[11:22:43][BM_Reg_001.cs] arrTmp2 [1] : 9
[11:22:43][BM_Reg_001.cs] arrTmp2 [2] : 10
[11:22:43][BM_Reg_001.cs] arrTmp2 [3] : 11
[11:22:43][BM_Reg_001.cs] arrTmp2 [4] : 12
[11:22:43][BM_Reg_001.cs] arrTmp2 [5] : 17
[11:22:43][BM_Reg_001.cs] arrTmp3 [0] : 44
[11:22:43][BM_Reg_001.cs] arrTmp4 [0] : -100
[11:22:43][BM_Reg.cs] showSazin () query : select IMAGE from EMP_IMAGE where EMPID = 2474
[11:22:43].............. JJJJJJJJJJJJJJJJJJJJJJJJJJJJJJJJJJJJJJJJJJJJ
[11:22:50]..................JJJJJJJJJJJJJJJJJJJ.................
[11:22:50]......................... PT tmpCheck : 1Unchecked
[11:22:50]......................... PT du.getPT () : 1
[11:22:50]JJJJJJJJJJJJJJJJJJJJJJJJJ msg : 1. MDM     : 0  ▶  1

[11:22:50][Parser.cs] parseCard JJJJJJJJ (100=003442692884,1=2474,30=1)
[11:22:50]............... orgStr : 100=003442692884
[11:22:50]............... orgStr : 1=2474
[11:22:50]............... orgStr : 30=1
[11:22:50][Parser.cs] parseCard () EMP query : 
[11:22:50][[Parser.cs] parseCard () BADGE query : update BADGE set ACS_5 = 1, MODIFY_DATE = GETDATE() where BID = '003442692884'
[11:22:50][Parser.cs] makeSazinQuery () empID : 2474
[11:22:50][[Parser.cs] parseCard () SAZIN query : 
[11:22:50][BM_Reg.cs] clickSave () query : update BADGE set ACS_5 = 1, MODIFY_DATE = GETDATE() where BID = '003442692884'
[11:22:50][Request.cs] updateImage (BMS011, 100=003442692884,1=2474,30=1&update BADGE set ACS_5 = 1, MODIFY_DATE = GETDATE() where BID = '003442692884', BMSU)
[11:22:50][Request.cs] updateImage () : ImageByte is NULL
[11:22:50][Request.cs] BEFORE
[11:22:50][Request.cs] AFTER
[11:22:52]========================================================== [Reg.cs] selectionChanged ().........
[11:22:52][CodeTable.cs] getDepartmentDesc (10211)226
[11:22:52][CodeTable.cs] getBadgeTypeDesc (1) : 직원
[11:22:52][CodeTable.cs] getBadgeStatDesc (0) : 작동
[11:22:52][CodeTable.cs] getBadgeFormatDesc (2) : Standard 12 Digit Badge
[11:22:52]PT : 1
[11:22:53][BM_Reg_001.cs] showRightDetail () RIGHT_1 : 43~44
[11:22:53][BM_Reg_001.cs] showRightDetail () RIGHT_2 : 8~9~10~11~12~17
[11:22:53][BM_Reg_001.cs] showRightDetail () RIGHT_3 : 44
[11:22:53][BM_Reg_001.cs] showRightDetail () RIGHT_4 : -100
[11:22:53][BM_Reg_001.cs] arrTmp1 [0] : 43
[11:22:53][BM_Reg_001.cs] arrTmp1 [1] : 44
[11:22:53][BM_Reg_001.cs] arrTmp2 [0] : 8
[11:22:53][BM_Reg_001.cs] arrTmp2 [1] : 9
[11:22:53][BM_Reg_001.cs] arrTmp2 [2] : 10
[11:22:53][BM_Reg_001.cs] arrTmp2 [3] : 11
[11:22:53][BM_Reg_001.cs] arrTmp2 [4] : 12
[11:22:53][BM_Reg_001.cs] arrTmp2 [5] : 17
[11:22:53][BM_Reg_001.cs] arrTmp3 [0] : 44
[11:22:53][BM_Reg_001.cs] arrTmp4 [0] : -100
[11:22:53][BM_Reg.cs] showSazin () query : select IMAGE from EMP_IMAGE where EMPID = 2474
[11:22:53].............. JJJJJJJJJJJJJJJJJJJJJJJJJJJJJJJJJJJJJJJJJJJJ
[11:22:53]========================================================== [Reg.cs] selectionChanged ().........
[11:22:53]========================================================== [Reg.cs] selectionChanged ().........
[11:22:53]---------------------------1
[11:22:53]---------------------------1
[11:22:53]---------------------------1
[11:22:53]---------------------------1
[11:22:53]---------------------------1
[11:22:53]---------------------------1
[11:22:53]---------------------------1
[11:22:53]---------------------------1
[11:22:53]---------------------------1
[11:22:53]---------------------------1
[11:22:53]---------------------------1
[11:22:53]---------------------------1
[11:22:53]---------------------------1
[11:22:53]---------------------------1
[11:22:53]---------------------------1
[11:22:53]---------------------------1
[11:22:53]---------------------------1
[11:22:53]---------------------------1
[11:22:53]---------------------------1
[11:22:53]---------------------------1
[11:22:53]---------------------------1
[11:22:53]---------------------------1
[11:22:53]---------------------------1
[11:22:53]---------------------------1
[11:22:53]---------------------------1
[11:22:53][CodeTable.cs] getDepartmentDesc (10211)226
[11:22:54][CodeTable.cs] getBadgeTypeDesc (1) : 직원
[11:22:54][CodeTable.cs] getBadgeStatDesc (0) : 작동
[11:22:54][CodeTable.cs] getBadgeFormatDesc (2) : Standard 12 Digit Badge
[11:22:54]PT : 1
[11:22:54][BM_Reg_001.cs] showRightDetail () RIGHT_1 : 43~44
[11:22:54][BM_Reg_001.cs] showRightDetail () RIGHT_2 : 8~9~10~11~12~17
[11:22:54][BM_Reg_001.cs] showRightDetail () RIGHT_3 : 44
[11:22:54][BM_Reg_001.cs] showRightDetail () RIGHT_4 : -100
[11:22:54][BM_Reg_001.cs] arrTmp1 [0] : 43
[11:22:54][BM_Reg_001.cs] arrTmp1 [1] : 44
[11:22:54][BM_Reg_001.cs] arrTmp2 [0] : 8
[11:22:54][BM_Reg_001.cs] arrTmp2 [1] : 9
[11:22:54][BM_Reg_001.cs] arrTmp2 [2] : 10
[11:22:54][BM_Reg_001.cs] arrTmp2 [3] : 11
[11:22:54][BM_Reg_001.cs] arrTmp2 [4] : 12
[11:22:54][BM_Reg_001.cs] arrTmp2 [5] : 17
[11:22:54][BM_Reg_001.cs] arrTmp3 [0] : 44
[11:22:54][BM_Reg_001.cs] arrTmp4 [0] : -100
[11:22:54][BM_Reg.cs] showSazin () query : select IMAGE from EMP_IMAGE where EMPID = 2474
[11:22:54].............. JJJJJJJJJJJJJJJJJJJJJJJJJJJJJJJJJJJJJJJJJJJJ
[11:22:57][BM_Reg_001.cs] showRightDetail () RIGHT_1 : 43~44
[11:22:57][BM_Reg_001.cs] showRightDetail () RIGHT_2 : 8~9~10~11~12~17
[11:22:57][BM_Reg_001.cs] showRightDetail () RIGHT_3 : 44
[11:22:57][BM_Reg_001.cs] showRightDetail () RIGHT_4 : -100
[11:22:57][BM_Reg_001.cs] arrTmp1 [0] : 43
[11:22:57][BM_Reg_001.cs] arrTmp1 [1] : 44
[11:22:57][BM_Reg_001.cs] arrTmp2 [0] : 8
[11:22:57][BM_Reg_001.cs] arrTmp2 [1] : 9
[11:22:57][BM_Reg_001.cs] arrTmp2 [2] : 10
[11:22:57][BM_Reg_001.cs] arrTmp2 [3] : 11
[11:22:57][BM_Reg_001.cs] arrTmp2 [4] : 12
[11:22:57][BM_Reg_001.cs] arrTmp2 [5] : 17
[11:22:57][BM_Reg_001.cs] arrTmp3 [0] : 44
[11:22:57][BM_Reg_001.cs] arrTmp4 [0] : -100
[11:22:57].........................accessID : 43
[11:22:57].........................accessID : 44
[11:22:57].........................accessID : 8
[11:22:57].........................accessID : 9
[11:22:57].........................accessID : 10
[11:22:57].........................accessID : 11
[11:22:57].........................accessID : 12
[11:22:57].........................accessID : 17
[11:22:57].........................accessID : 44
[11:23:03]========================================================== [Reg.cs] selectionChanged ().........
[11:23:04][CodeTable.cs] getDepartmentDesc (10211)226
[11:23:04][CodeTable.cs] getBadgeTypeDesc (4) : 한수원 사원증
[11:23:04][CodeTable.cs] getBadgeStatDesc (0) : 작동
[11:23:04][CodeTable.cs] getBadgeFormatDesc (2) : Standard 12 Digit Badge
[11:23:04]PT : 1
[11:23:04][BM_Reg_001.cs] showRightDetail () RIGHT_1 : 42
[11:23:04][BM_Reg_001.cs] showRightDetail () RIGHT_2 : -100
[11:23:04][BM_Reg_001.cs] showRightDetail () RIGHT_3 : -100
[11:23:04][BM_Reg_001.cs] showRightDetail () RIGHT_4 : -100
[11:23:04][BM_Reg_001.cs] arrTmp1 [0] : 42
[11:23:04][BM_Reg_001.cs] arrTmp2 [0] : -100
[11:23:04][BM_Reg_001.cs] arrTmp3 [0] : -100
[11:23:04][BM_Reg_001.cs] arrTmp4 [0] : -100
[11:23:04][BM_Reg.cs] showSazin () query : select IMAGE from EMP_IMAGE where EMPID = 6573
[11:23:04].............. JJJJJJJJJJJJJJJJJJJJJJJJJJJJJJJJJJJJJJJJJJJJ
[11:23:06]========================================================== [Reg.cs] selectionChanged ().........
[11:23:06][CodeTable.cs] getDepartmentDesc (10211)226
[11:23:06][CodeTable.cs] getBadgeTypeDesc (1) : 직원
[11:23:06][CodeTable.cs] getBadgeStatDesc (0) : 작동
[11:23:06][CodeTable.cs] getBadgeFormatDesc (2) : Standard 12 Digit Badge
[11:23:06]PT : 1
[11:23:07][BM_Reg_001.cs] showRightDetail () RIGHT_1 : 43~44
[11:23:07][BM_Reg_001.cs] showRightDetail () RIGHT_2 : 8~9~10~11~12~17
[11:23:07][BM_Reg_001.cs] showRightDetail () RIGHT_3 : 44
[11:23:07][BM_Reg_001.cs] showRightDetail () RIGHT_4 : -100
[11:23:07][BM_Reg_001.cs] arrTmp1 [0] : 43
[11:23:07][BM_Reg_001.cs] arrTmp1 [1] : 44
[11:23:07][BM_Reg_001.cs] arrTmp2 [0] : 8
[11:23:07][BM_Reg_001.cs] arrTmp2 [1] : 9
[11:23:07][BM_Reg_001.cs] arrTmp2 [2] : 10
[11:23:07][BM_Reg_001.cs] arrTmp2 [3] : 11
[11:23:07][BM_Reg_001.cs] arrTmp2 [4] : 12
[11:23:07][BM_Reg_001.cs] arrTmp2 [5] : 17
[11:23:07][BM_Reg_001.cs] arrTmp3 [0] : 44
[11:23:07][BM_Reg_001.cs] arrTmp4 [0] : -100
[11:23:07][BM_Reg.cs] showSazin () query : select IMAGE from EMP_IMAGE where EMPID = 2474
[11:23:07].............. JJJJJJJJJJJJJJJJJJJJJJJJJJJJJJJJJJJJJJJJJJJJ
